T25B8 000:000.496   SEGGER J-Link V7.98b Log File
T25B8 000:000.593   DLL Compiled: Jul 31 2024 16:10:46
T25B8 000:000.607   Logging started @ 2025-02-03 09:54
T25B8 000:000.620   Process: C:\Users\a8456\.eclipse\com.renesas.platform_1291987301\DebugComp\RA\e2-server-gdb.exe
T25B8 000:000.635 - 0.633ms
T25B8 000:000.654 JLINK_GetDLLVersion()
T25B8 000:000.668 - 0.014ms returns 79802
T25B8 000:002.335 JLINK_OpenEx(...)
T25B8 000:006.098   Firmware: J-Link V9 compiled May  7 2021 16:26:12
T25B8 000:006.541   Firmware: J-Link V9 compiled May  7 2021 16:26:12
T25B8 000:006.690   Decompressing FW timestamp took 88 us
T25B8 000:012.197   Hardware: V9.60
T25B8 000:012.330   S/N: 69660718
T25B8 000:012.379   OEM: SEGGER
T25B8 000:012.633   Feature(s): RDI, GDB, FlashDL, FlashBP, JFlash
T25B8 000:013.088   Bootloader: (Could not read)
T25B8 000:013.692   TELNET listener socket opened on port 19021
T25B8 000:013.825   WEBSRV WEBSRV_Init(): Starting webserver thread(s)
T25B8 000:014.043   WEBSRV Webserver running on local port 19080
T25B8 000:014.158   Looking for J-Link GUI Server exe at: C:\Users\a8456\.eclipse\com.renesas.platform_1291987301\DebugComp\RA\ARM\Segger_v7.98.2\JLinkGUIServer.exe
T25B8 000:014.239   Looking for J-Link GUI Server exe at: C:\Program Files\SEGGER\JLink_V796h\JLinkGUIServer.exe
T25B8 000:014.264   Forking J-Link GUI Server: C:\Program Files\SEGGER\JLink_V796h\JLinkGUIServer.exe
T25B8 000:045.425   J-Link GUI Server info: "J-Link GUI server V7.96h "
T25B8 000:050.621 - 48.279ms returns "O.K."
T25B8 000:050.789 JLINK_ExecCommand("ProjectFile=C:\Users\a8456\e2_studio\workspace_5.5\RA4M2_Project5/RA4M2_Project5 Debug_Flat.jlink", ...). 
T25B8 000:071.824 - 21.039ms returns 0x00
T25B8 000:072.075 JLINK_ExecCommand("device=R7FA4M2AD", ...). 
T25B8 000:072.234   Flash bank @ 0x0100A100: SFL: Parsing sectorization info from ELF file
T25B8 000:072.268     FlashDevice.SectorInfo[0]: .SectorSize = 0x00000010, .SectorStartAddr = 0x00000000
T25B8 000:072.284   FlashBank @0x0100A100: Sectorization info from SFL ELF file ignored because sectorization override from DLL / XML file is active.
T25B8 000:072.605   Flash bank @ 0x60000000: SFL: Parsing sectorization info from ELF file
T25B8 000:072.635     FlashDevice.SectorInfo[0]: .SectorSize = 0x00010000, .SectorStartAddr = 0x00000000
T25B8 000:075.452   Device "R7FA4M2AD" selected.
T25B8 000:075.798 - 3.711ms returns 0x00
T25B8 000:075.847 JLINK_TIF_GetAvailable(...)
T25B8 000:076.034 - 0.187ms
T25B8 000:076.047 JLINK_TIF_Select(JLINKARM_TIF_SWD)
T25B8 000:076.487 - 0.440ms returns 0x00
T25B8 000:076.506 JLINK_SetSpeed(4000)
T25B8 000:076.566 - 0.061ms
T25B8 000:076.596 JLINK_ReadMem(0xE000EDF0, 0x4 Bytes, ...)
T25B8 000:076.705   ConfigTargetSettings() start
T25B8 000:076.722    J-Link Script File: Executing ConfigTargetSettings()
T25B8 000:076.732   Configuring FlashDLNoRMWThreshold=0x200 in order to make sure that option bytes programming is done via read-modify-write
T25B8 000:082.542   ConfigTargetSettings() end - Took 5.81ms
T25B8 000:082.579   InitTarget() start
T25B8 000:082.589    J-Link Script File: Executing InitTarget()
T25B8 000:082.597   SWD selected. Executing JTAG -> SWD switching sequence.
T25B8 000:083.797   DAP initialized successfully.
T25B8 000:083.812   Determining TrustZone configuration...
T25B8 000:084.474     Secure Debug: Enabled (SSD)
T25B8 000:084.487   Determining currently configured transfer type by reading the AHB-AP CSW register.
T25B8 000:085.034     --> Correct transfer type configured. Done.
T25B8 000:085.049   InitTarget() end - Took 2.45ms
T25B8 000:085.508   Found SW-DP with ID 0x6BA02477
T25B8 000:087.087   DPIDR: 0x6BA02477
T25B8 000:087.103   CoreSight SoC-400 or earlier
T25B8 000:087.112   Scanning AP map to find all available APs
T25B8 000:087.726   AP[2]: Stopped AP scan as end of AP map has been reached
T25B8 000:087.745   AP[0]: AHB-AP (IDR: 0x84770001)
T25B8 000:087.753   AP[1]: APB-AP (IDR: 0x54770002)
T25B8 000:087.761   Iterating through AP map to find AHB-AP to use
T25B8 000:088.432   AP[0]: Core found
T25B8 000:088.477   AP[0]: AHB-AP ROM base: 0xE00FE000
T25B8 000:088.832   CPUID register: 0x410FD214. Implementer code: 0x41 (ARM)
T25B8 000:088.847   Feature set: Mainline
T25B8 000:089.178   Cache: No cache
T25B8 000:089.188   Found Cortex-M33 r0p4, Little endian.
T25B8 000:089.418   -- Max. mem block: 0x00010C40
T25B8 000:089.795   
  ***** Warning: 
T25B8 000:089.803   Cortex-M (ARMv8-M and later): The connected J-Link (S/N 69660718) uses an old firmware module that does not handle I/D-cache correctly. Proper debugging functionality cannot be guaranteed if cache is enabled
T25B8 000:089.817   CPU_ReadMem(4 bytes @ 0xE000EDF0)
T25B8 000:090.035   CPU_WriteMem(4 bytes @ 0xE000EDF0)
T25B8 000:090.263   CPU_ReadMem(4 bytes @ 0xE0002000)
T25B8 000:090.456   FPUnit: 8 code (BP) slots and 0 literal slots
T25B8 000:090.466   CPU_ReadMem(4 bytes @ 0xE000EDFC)
T25B8 000:090.668   CPU_WriteMem(4 bytes @ 0xE000EDFC)
T25B8 000:090.892   CPU_ReadMem(4 bytes @ 0xE0001000)
T25B8 000:091.082   CPU_ReadMem(4 bytes @ 0xE0001000)
T25B8 000:091.294   CPU_ReadMem(4 bytes @ 0xE0001028)
T25B8 000:091.506   CPU_ReadMem(4 bytes @ 0xE0001038)
T25B8 000:091.705   CPU_ReadMem(4 bytes @ 0xE0001048)
T25B8 000:091.898   CPU_ReadMem(4 bytes @ 0xE0001058)
T25B8 000:092.123   CPU_WriteMem(4 bytes @ 0xE0001000)
T25B8 000:092.355   CPU_ReadMem(4 bytes @ 0xE000ED88)
T25B8 000:092.564   CPU_WriteMem(4 bytes @ 0xE000ED88)
T25B8 000:092.798   CPU_ReadMem(4 bytes @ 0xE000ED88)
T25B8 000:093.033   CPU_WriteMem(4 bytes @ 0xE000ED88)
T25B8 000:093.263   CPU_ReadMem(4 bytes @ 0xE000EFB8)
T25B8 000:093.492   Security extension: implemented
T25B8 000:093.509   Secure debug: enabled
T25B8 000:093.518   CoreSight components:
T25B8 000:093.527   ROMTbl[0] @ E00FE000
T25B8 000:093.537   CPU_ReadMem(64 bytes @ 0xE00FE000)
T25B8 000:094.090   CPU_ReadMem(32 bytes @ 0xE0044FE0)
T25B8 000:094.465   CPU_ReadMem(4 bytes @ 0xE0044FBC)
T25B8 000:094.674   CPU_ReadMem(4 bytes @ 0xE0044FCC)
T25B8 000:094.899   [0][0]: E0044000 CID B105900D PID 005BB906 DEVARCH 00000000 DEVTYPE 14 CTI (?)
T25B8 000:094.908   CPU_ReadMem(32 bytes @ 0xE0047FE0)
T25B8 000:095.263   CPU_ReadMem(4 bytes @ 0xE0047FBC)
T25B8 000:095.547   CPU_ReadMem(4 bytes @ 0xE0047FCC)
T25B8 000:095.818   [0][1]: E0047000 CID B105900D PID 003BB908 DEVARCH 00000000 DEVTYPE 12 CSTF
T25B8 000:095.836   CPU_ReadMem(32 bytes @ 0xE0048FE0)
T25B8 000:096.180   CPU_ReadMem(4 bytes @ 0xE0048FBC)
T25B8 000:096.393   CPU_ReadMem(4 bytes @ 0xE0048FCC)
T25B8 000:096.650   [0][2]: E0048000 CID B105900D PID 001BB961 DEVARCH 00000000 DEVTYPE 21 ETB
T25B8 000:096.665   CPU_ReadMem(32 bytes @ 0xE0049FE0)
T25B8 000:097.094   [0][3]: E0049000 CID B105F00D PID 001BB101 TSG
T25B8 000:097.109   CPU_ReadMem(32 bytes @ 0xE0040FE0)
T25B8 000:097.467   CPU_ReadMem(4 bytes @ 0xE0040FBC)
T25B8 000:097.699   CPU_ReadMem(4 bytes @ 0xE0040FCC)
T25B8 000:097.928   [0][4]: E0040000 CID B105900D PID 000BBD21 DEVARCH 00000000 DEVTYPE 11 TPIU
T25B8 000:097.946   CPU_ReadMem(32 bytes @ 0xE00FFFE0)
T25B8 000:098.333   [0][5]: E00FF000 CID B105100D PID 000BB4C9 ROM Table
T25B8 000:098.346   ROMTbl[1] @ E00FF000
T25B8 000:098.355   CPU_ReadMem(64 bytes @ 0xE00FF000)
T25B8 000:098.865   CPU_ReadMem(32 bytes @ 0xE000EFE0)
T25B8 000:099.208   CPU_ReadMem(4 bytes @ 0xE000EFBC)
T25B8 000:099.421   CPU_ReadMem(4 bytes @ 0xE000EFCC)
T25B8 000:099.653   [1][0]: E000E000 CID B105900D PID 000BBD21 DEVARCH 47702A04 DEVTYPE 00 Cortex-M33
T25B8 000:099.662   CPU_ReadMem(32 bytes @ 0xE0001FE0)
T25B8 000:100.092   CPU_ReadMem(4 bytes @ 0xE0001FBC)
T25B8 000:100.299   CPU_ReadMem(4 bytes @ 0xE0001FCC)
T25B8 000:100.515   [1][1]: E0001000 CID B105900D PID 000BBD21 DEVARCH 47701A02 DEVTYPE 00 DWT
T25B8 000:100.530   CPU_ReadMem(32 bytes @ 0xE0002FE0)
T25B8 000:100.878   CPU_ReadMem(4 bytes @ 0xE0002FBC)
T25B8 000:101.093   CPU_ReadMem(4 bytes @ 0xE0002FCC)
T25B8 000:101.368   [1][2]: E0002000 CID B105900D PID 000BBD21 DEVARCH 47701A03 DEVTYPE 00 FPB
T25B8 000:101.382   CPU_ReadMem(32 bytes @ 0xE0000FE0)
T25B8 000:101.871   CPU_ReadMem(4 bytes @ 0xE0000FBC)
T25B8 000:102.098   CPU_ReadMem(4 bytes @ 0xE0000FCC)
T25B8 000:102.351   [1][3]: E0000000 CID B105900D PID 000BBD21 DEVARCH 47701A01 DEVTYPE 43 ITM
T25B8 000:102.365   CPU_ReadMem(32 bytes @ 0xE0041FE0)
T25B8 000:102.709   CPU_ReadMem(4 bytes @ 0xE0041FBC)
T25B8 000:102.937   CPU_ReadMem(4 bytes @ 0xE0041FCC)
T25B8 000:103.187   [1][5]: E0041000 CID B105900D PID 002BBD21 DEVARCH 47724A13 DEVTYPE 13 ETM
T25B8 000:103.199   CPU_ReadMem(32 bytes @ 0xE0042FE0)
T25B8 000:103.547   CPU_ReadMem(4 bytes @ 0xE0042FBC)
T25B8 000:103.762   CPU_ReadMem(4 bytes @ 0xE0042FCC)
T25B8 000:104.145   [1][6]: E0042000 CID B105900D PID 000BBD21 DEVARCH 47701A14 DEVTYPE 14 CSS600-CTI
T25B8 000:104.203   CPU_ReadMem(4 bytes @ 0xE000EDF0)
T25B8 000:104.426   Data:  01 00 10 01
T25B8 000:104.437   Debug reg: DHCSR
T25B8 000:104.446 - 27.849ms returns 0
T25B8 000:104.483 JLINK_ReadMem(0x400E002C, 0x4 Bytes, ...)
T25B8 000:104.492   CPU_ReadMem(4 bytes @ 0x400E002C)
T25B8 000:104.713   Data:  01 00 00 00
T25B8 000:104.722 - 0.239ms returns 0
T25B8 000:104.747 JLINK_ReadMem(0xE000EDF0, 0x4 Bytes, ...)
T25B8 000:104.754   CPU_ReadMem(4 bytes @ 0xE000EDF0)
T25B8 000:104.945   Data:  01 00 10 01
T25B8 000:104.953   Debug reg: DHCSR
T25B8 000:104.961 - 0.214ms returns 0
T25B8 000:104.982 JLINK_ReadMem(0xE000EDF0, 0x4 Bytes, ...)
T25B8 000:104.988   CPU_ReadMem(4 bytes @ 0xE000EDF0)
T25B8 000:105.186   Data:  01 00 10 01
T25B8 000:105.199   Debug reg: DHCSR
T25B8 000:105.207 - 0.225ms returns 0
T25B8 000:105.216 JLINK_ReadMem(0x400E001C, 0x4 Bytes, ...)
T25B8 000:105.224   CPU_ReadMem(4 bytes @ 0x400E001C)
T25B8 000:105.432   Data:  00 FC FF 00
T25B8 000:105.446 - 0.229ms returns 0
T25B8 000:105.460 JLINK_ReadMem(0xE000EDF0, 0x4 Bytes, ...)
T25B8 000:105.469   CPU_ReadMem(4 bytes @ 0xE000EDF0)
T25B8 000:105.695   Data:  01 00 10 01
T25B8 000:105.710   Debug reg: DHCSR
T25B8 000:105.719 - 0.259ms returns 0
T25B8 000:105.729 JLINK_ReadMem(0x400E0018, 0x4 Bytes, ...)
T25B8 000:105.737   CPU_ReadMem(4 bytes @ 0x400E0018)
T25B8 000:105.962   Data:  00 80 FF 00
T25B8 000:105.978 - 0.249ms returns 0
T25B8 000:105.991 JLINK_ReadMem(0xE000EDF0, 0x4 Bytes, ...)
T25B8 000:105.999   CPU_ReadMem(4 bytes @ 0xE000EDF0)
T25B8 000:106.213   Data:  01 00 10 01
T25B8 000:106.227   Debug reg: DHCSR
T25B8 000:106.236 - 0.245ms returns 0
T25B8 000:106.245 JLINK_ReadMem(0x400E0020, 0x4 Bytes, ...)
T25B8 000:106.253   CPU_ReadMem(4 bytes @ 0x400E0020)
T25B8 000:106.496   Data:  00 FC 00 00
T25B8 000:106.509 - 0.264ms returns 0
T25B8 000:106.520 JLINK_ReadMem(0xE000EDF0, 0x4 Bytes, ...)
T25B8 000:106.528   CPU_ReadMem(4 bytes @ 0xE000EDF0)
T25B8 000:106.752   Data:  01 00 10 01
T25B8 000:106.762   Debug reg: DHCSR
T25B8 000:106.771 - 0.250ms returns 0
T25B8 000:106.779 JLINK_ReadMem(0x400E0028, 0x4 Bytes, ...)
T25B8 000:106.786   CPU_ReadMem(4 bytes @ 0x400E0028)
T25B8 000:107.032   Data:  00 FC 1F 00
T25B8 000:107.043 - 0.264ms returns 0
T25B8 000:107.053 JLINK_ReadMem(0xE000EDF0, 0x4 Bytes, ...)
T25B8 000:107.060   CPU_ReadMem(4 bytes @ 0xE000EDF0)
T25B8 000:107.268   Data:  01 00 10 01
T25B8 000:107.284   Debug reg: DHCSR
T25B8 000:107.292 - 0.239ms returns 0
T25B8 000:107.302 JLINK_ReadMem(0x400E0024, 0x4 Bytes, ...)
T25B8 000:107.311   CPU_ReadMem(4 bytes @ 0x400E0024)
T25B8 000:107.545   Data:  00 E0 1F 00
T25B8 000:107.555 - 0.253ms returns 0
T25B8 000:107.567 JLINK_ReadMem(0xE000EDF0, 0x4 Bytes, ...)
T25B8 000:107.574   CPU_ReadMem(4 bytes @ 0xE000EDF0)
T25B8 000:107.796   Data:  01 00 10 01
T25B8 000:107.805   Debug reg: DHCSR
T25B8 000:107.813 - 0.246ms returns 0
T25B8 000:107.820 JLINK_ReadMem(0x400E002C, 0x4 Bytes, ...)
T25B8 000:107.827   CPU_ReadMem(4 bytes @ 0x400E002C)
T25B8 000:108.038   Data:  01 00 00 00
T25B8 000:108.053 - 0.232ms returns 0
T25B8 000:115.038 JLINK_Close()
T25B8 000:130.012 - 14.973ms
T25B8 000:130.036   
T25B8 000:130.042   Closed
