T7F30 000:000.609   SEGGER J-Link V8.12c Log File
T7F30 000:000.722   DLL Compiled: Jan 22 2025 12:55:59
T7F30 000:000.736   Logging started @ 2025-03-02 16:07
T7F30 000:000.750   Process: C:\Users\a8456\.eclipse\com.renesas.platform_1309835749\DebugComp\RA\e2-server-gdb.exe
T7F30 000:000.769 - 0.765ms 
T7F30 000:000.834 JLINK_GetDLLVersion()
T7F30 000:000.851 - 0.016ms returns 81203
T7F30 000:003.436 JLINK_OpenEx(...)
T7F30 000:009.215   Firmware: J-Link V9 compiled May  7 2021 16:26:12
T7F30 000:009.699   Firmware: J-Link V9 compiled May  7 2021 16:26:12
T7F30 000:009.820   Decompressing FW timestamp took 93 us
T7F30 000:015.204   Hardware: V9.60
T7F30 000:015.242   S/N: 69660718
T7F30 000:015.263   OEM: SEGGER
T7F30 000:026.054   Feature(s): RDI, GDB, FlashDL, FlashBP, JFlash
T7F30 000:026.556   Bootloader: (FW returned invalid version)
T7F30 000:027.254   TELNET listener socket opened on port 19021
T7F30 000:027.383   WEBSRV WEBSRV_Init(): Starting webserver thread(s)
T7F30 000:027.544   WEBSRV Webserver running on local port 19080
T7F30 000:027.650   Looking for J-Link GUI Server exe at: C:\Users\a8456\.eclipse\com.renesas.platform_1309835749\DebugComp\RA\ARM\Segger_v8.12.3\JLinkGUIServer.exe
T7F30 000:027.729   Looking for J-Link GUI Server exe at: C:\Program Files\SEGGER\JLink_V796h\JLinkGUIServer.exe
T7F30 000:027.756   Forking J-Link GUI Server: C:\Program Files\SEGGER\JLink_V796h\JLinkGUIServer.exe
T7F30 000:049.990   J-Link GUI Server info: "J-Link GUI server V7.96h "
T7F30 000:054.080 - 50.640ms returns "O.K."
T7F30 000:054.175 JLINK_ExecCommand("ProjectFile=C:\Users\a8456\e2_studio\workspace_5.8\RA4M2_Project19/RA4M2_Project19 Debug_Flat.jlink", ...). 
T7F30 000:079.839 - 25.664ms returns 0x00
T7F30 000:080.169 JLINK_ExecCommand("device=R7FA4M2AD", ...). 
T7F30 000:080.413   Flash bank @ 0x0100A100: SFL: Parsing sectorization info from ELF file
T7F30 000:080.436     FlashDevice.SectorInfo[0]: .SectorSize = 0x00000010, .SectorStartAddr = 0x00000000
T7F30 000:080.446   FlashBank @0x0100A100: Sectorization info from SFL ELF file ignored because sectorization override from DLL / XML file is active.
T7F30 000:080.643   Flash bank @ 0x60000000: SFL: Parsing sectorization info from ELF file
T7F30 000:080.654     FlashDevice.SectorInfo[0]: .SectorSize = 0x00010000, .SectorStartAddr = 0x00000000
T7F30 000:083.510   Device "R7FA4M2AD" selected.
T7F30 000:083.839 - 3.641ms returns 0x00
T7F30 000:083.855 JLINK_TIF_GetAvailable(...)
T7F30 000:084.004 - 0.148ms 
T7F30 000:084.019 JLINK_TIF_Select(JLINKARM_TIF_SWD)
T7F30 000:084.449 - 0.429ms returns 0x00
T7F30 000:084.461 JLINK_SetSpeed(4000)
T7F30 000:084.518 - 0.057ms 
T7F30 000:084.540 JLINK_ReadMem(0xE000EDF0, 0x4 Bytes, ...)
T7F30 000:084.674   ConfigTargetSettings() start
T7F30 000:084.691    J-Link Script File: Executing ConfigTargetSettings()
T7F30 000:084.699   Configuring FlashDLNoRMWThreshold=0x200 in order to make sure that option bytes programming is done via read-modify-write
T7F30 000:090.641   ConfigTargetSettings() end - Took 5.94ms
T7F30 000:090.658   InitTarget() start
T7F30 000:090.667    J-Link Script File: Executing InitTarget()
T7F30 000:090.674   SWD selected. Executing JTAG -> SWD switching sequence.
T7F30 000:092.158   DAP initialized successfully.
T7F30 000:092.205   Determining TrustZone configuration...
T7F30 000:092.909     Secure Debug: Enabled (SSD)
T7F30 000:092.929   Determining currently configured transfer type by reading the AHB-AP CSW register.
T7F30 000:093.491     --> Correct transfer type configured. Done.
T7F30 000:093.512   InitTarget() end - Took 2.84ms
T7F30 000:093.986   Found SW-DP with ID 0x6BA02477
T7F30 000:095.489   DPIDR: 0x6BA02477
T7F30 000:095.509   CoreSight SoC-400 or earlier
T7F30 000:095.518   Scanning AP map to find all available APs
T7F30 000:096.184   AP[2]: Stopped AP scan as end of AP map has been reached
T7F30 000:096.208   AP[0]: AHB-AP (IDR: 0x84770001, ADDR: 0x00000000)
T7F30 000:096.216   AP[1]: APB-AP (IDR: 0x54770002, ADDR: 0x01000000)
T7F30 000:096.235   Iterating through AP map to find AHB-AP to use
T7F30 000:097.005   AP[0]: Core found
T7F30 000:097.017   AP[0]: AHB-AP ROM base: 0xE00FE000
T7F30 000:097.446   CPUID register: 0x410FD214. Implementer code: 0x41 (ARM)
T7F30 000:097.463   Feature set: Mainline
T7F30 000:097.821   Cache: No cache
T7F30 000:097.835   Found Cortex-M33 r0p4, Little endian.
T7F30 000:098.128   -- Max. mem block: 0x00010C40
T7F30 000:098.579   
  ***** Warning: 
T7F30 000:098.592   Cortex-M (ARMv8-M and later): The connected J-Link (S/N 69660718) uses an old firmware module that does not handle I/D-cache correctly. Proper debugging functionality cannot be guaranteed if cache is enabled
T7F30 000:098.608   CPU_ReadMem(4 bytes @ 0xE000EDF0)
T7F30 000:098.826   CPU_WriteMem(4 bytes @ 0xE000EDF0)
T7F30 000:099.035   CPU_ReadMem(4 bytes @ 0xE0002000)
T7F30 000:099.307   FPUnit: 8 code (BP) slots and 0 literal slots
T7F30 000:099.324   CPU_ReadMem(4 bytes @ 0xE000EDFC)
T7F30 000:099.529   CPU_WriteMem(4 bytes @ 0xE000EDFC)
T7F30 000:099.782   CPU_ReadMem(4 bytes @ 0xE0001000)
T7F30 000:100.011   CPU_ReadMem(4 bytes @ 0xE0001000)
T7F30 000:100.248   CPU_ReadMem(4 bytes @ 0xE0001028)
T7F30 000:100.469   CPU_ReadMem(4 bytes @ 0xE0001038)
T7F30 000:100.683   CPU_ReadMem(4 bytes @ 0xE0001048)
T7F30 000:100.909   CPU_ReadMem(4 bytes @ 0xE0001058)
T7F30 000:101.140   CPU_WriteMem(4 bytes @ 0xE0001000)
T7F30 000:101.379   CPU_ReadMem(4 bytes @ 0xE000ED88)
T7F30 000:101.584   CPU_WriteMem(4 bytes @ 0xE000ED88)
T7F30 000:101.844   CPU_ReadMem(4 bytes @ 0xE000ED88)
T7F30 000:102.132   CPU_WriteMem(4 bytes @ 0xE000ED88)
T7F30 000:102.384   CPU_ReadMem(4 bytes @ 0xE000EFB8)
T7F30 000:102.601   Security extension: implemented
T7F30 000:102.609   Secure debug: enabled
T7F30 000:102.617   CoreSight components:
T7F30 000:102.626   ROMTbl[0] @ E00FE000
T7F30 000:102.634   CPU_ReadMem(64 bytes @ 0xE00FE000)
T7F30 000:103.180   CPU_ReadMem(32 bytes @ 0xE0044FE0)
T7F30 000:103.536   CPU_ReadMem(4 bytes @ 0xE0044FBC)
T7F30 000:103.785   CPU_ReadMem(4 bytes @ 0xE0044FCC)
T7F30 000:104.017   [0][0]: E0044000 CID B105900D PID 005BB906 DEVARCH 00000000 DEVTYPE 14 CTI (?)
T7F30 000:104.029   CPU_ReadMem(32 bytes @ 0xE0047FE0)
T7F30 000:104.421   CPU_ReadMem(4 bytes @ 0xE0047FBC)
T7F30 000:104.686   CPU_ReadMem(4 bytes @ 0xE0047FCC)
T7F30 000:104.902   [0][1]: E0047000 CID B105900D PID 003BB908 DEVARCH 00000000 DEVTYPE 12 CSTF
T7F30 000:104.911   CPU_ReadMem(32 bytes @ 0xE0048FE0)
T7F30 000:105.268   CPU_ReadMem(4 bytes @ 0xE0048FBC)
T7F30 000:105.480   CPU_ReadMem(4 bytes @ 0xE0048FCC)
T7F30 000:105.701   [0][2]: E0048000 CID B105900D PID 001BB961 DEVARCH 00000000 DEVTYPE 21 TMC
T7F30 000:105.711   CPU_ReadMem(32 bytes @ 0xE0049FE0)
T7F30 000:106.072   [0][3]: E0049000 CID B105F00D PID 001BB101 TSG
T7F30 000:106.089   CPU_ReadMem(32 bytes @ 0xE0040FE0)
T7F30 000:106.463   CPU_ReadMem(4 bytes @ 0xE0040FBC)
T7F30 000:106.719   CPU_ReadMem(4 bytes @ 0xE0040FCC)
T7F30 000:106.984   [0][4]: E0040000 CID B105900D PID 000BBD21 DEVARCH 00000000 DEVTYPE 11 TPIU
T7F30 000:107.019   CPU_ReadMem(32 bytes @ 0xE00FFFE0)
T7F30 000:107.525   [0][5]: E00FF000 CID B105100D PID 000BB4C9 ROM Table
T7F30 000:107.556   ROMTbl[1] @ E00FF000
T7F30 000:107.573   CPU_ReadMem(64 bytes @ 0xE00FF000)
T7F30 000:108.485   CPU_ReadMem(32 bytes @ 0xE000EFE0)
T7F30 000:108.872   CPU_ReadMem(4 bytes @ 0xE000EFBC)
T7F30 000:109.149   CPU_ReadMem(4 bytes @ 0xE000EFCC)
T7F30 000:109.418   [1][0]: E000E000 CID B105900D PID 000BBD21 DEVARCH 47702A04 DEVTYPE 00 Cortex-M33
T7F30 000:109.449   CPU_ReadMem(32 bytes @ 0xE0001FE0)
T7F30 000:109.829   CPU_ReadMem(4 bytes @ 0xE0001FBC)
T7F30 000:110.144   CPU_ReadMem(4 bytes @ 0xE0001FCC)
T7F30 000:110.414   [1][1]: E0001000 CID B105900D PID 000BBD21 DEVARCH 47701A02 DEVTYPE 00 DWT
T7F30 000:110.438   CPU_ReadMem(32 bytes @ 0xE0002FE0)
T7F30 000:110.802   CPU_ReadMem(4 bytes @ 0xE0002FBC)
T7F30 000:111.068   CPU_ReadMem(4 bytes @ 0xE0002FCC)
T7F30 000:111.304   [1][2]: E0002000 CID B105900D PID 000BBD21 DEVARCH 47701A03 DEVTYPE 00 FPB
T7F30 000:111.367   CPU_ReadMem(32 bytes @ 0xE0000FE0)
T7F30 000:111.723   CPU_ReadMem(4 bytes @ 0xE0000FBC)
T7F30 000:111.923   CPU_ReadMem(4 bytes @ 0xE0000FCC)
T7F30 000:112.152   [1][3]: E0000000 CID B105900D PID 000BBD21 DEVARCH 47701A01 DEVTYPE 43 ITM
T7F30 000:112.179   CPU_ReadMem(32 bytes @ 0xE0041FE0)
T7F30 000:112.535   CPU_ReadMem(4 bytes @ 0xE0041FBC)
T7F30 000:112.786   CPU_ReadMem(4 bytes @ 0xE0041FCC)
T7F30 000:113.005   [1][5]: E0041000 CID B105900D PID 002BBD21 DEVARCH 47724A13 DEVTYPE 13 ETM
T7F30 000:113.019   CPU_ReadMem(32 bytes @ 0xE0042FE0)
T7F30 000:113.415   CPU_ReadMem(4 bytes @ 0xE0042FBC)
T7F30 000:113.659   CPU_ReadMem(4 bytes @ 0xE0042FCC)
T7F30 000:113.898   [1][6]: E0042000 CID B105900D PID 000BBD21 DEVARCH 47701A14 DEVTYPE 14 CSS600-CTI
T7F30 000:113.952   CPU_ReadMem(4 bytes @ 0xE000EDF0)
T7F30 000:114.186   Data:  01 00 10 01
T7F30 000:114.197   Debug reg: DHCSR
T7F30 000:114.206 - 29.665ms returns 0
T7F30 000:114.220 JLINK_ReadMem(0x400E002C, 0x4 Bytes, ...)
T7F30 000:114.228   CPU_ReadMem(4 bytes @ 0x400E002C)
T7F30 000:114.434   Data:  01 00 00 00
T7F30 000:114.443 - 0.223ms returns 0
T7F30 000:114.475 JLINK_ReadMem(0xE000EDF0, 0x4 Bytes, ...)
T7F30 000:114.483   CPU_ReadMem(4 bytes @ 0xE000EDF0)
T7F30 000:114.699   Data:  01 00 10 01
T7F30 000:114.709   Debug reg: DHCSR
T7F30 000:114.717 - 0.242ms returns 0
T7F30 000:114.739 JLINK_ReadMem(0xE000EDF0, 0x4 Bytes, ...)
T7F30 000:114.745   CPU_ReadMem(4 bytes @ 0xE000EDF0)
T7F30 000:114.959   Data:  01 00 10 01
T7F30 000:114.976   Debug reg: DHCSR
T7F30 000:114.985 - 0.246ms returns 0
T7F30 000:114.995 JLINK_ReadMem(0x400E001C, 0x4 Bytes, ...)
T7F30 000:115.005   CPU_ReadMem(4 bytes @ 0x400E001C)
T7F30 000:115.222   Data:  00 FC FF 00
T7F30 000:115.237 - 0.242ms returns 0
T7F30 000:115.249 JLINK_ReadMem(0xE000EDF0, 0x4 Bytes, ...)
T7F30 000:115.257   CPU_ReadMem(4 bytes @ 0xE000EDF0)
T7F30 000:115.490   Data:  01 00 10 01
T7F30 000:115.499   Debug reg: DHCSR
T7F30 000:115.507 - 0.258ms returns 0
T7F30 000:115.515 JLINK_ReadMem(0x400E0018, 0x4 Bytes, ...)
T7F30 000:115.521   CPU_ReadMem(4 bytes @ 0x400E0018)
T7F30 000:115.725   Data:  00 80 FF 00
T7F30 000:115.743 - 0.228ms returns 0
T7F30 000:115.757 JLINK_ReadMem(0xE000EDF0, 0x4 Bytes, ...)
T7F30 000:115.766   CPU_ReadMem(4 bytes @ 0xE000EDF0)
T7F30 000:115.979   Data:  01 00 10 01
T7F30 000:115.990   Debug reg: DHCSR
T7F30 000:115.999 - 0.242ms returns 0
T7F30 000:116.007 JLINK_ReadMem(0x400E0020, 0x4 Bytes, ...)
T7F30 000:116.014   CPU_ReadMem(4 bytes @ 0x400E0020)
T7F30 000:116.307   Data:  00 FC 00 00
T7F30 000:116.320 - 0.313ms returns 0
T7F30 000:116.331 JLINK_ReadMem(0xE000EDF0, 0x4 Bytes, ...)
T7F30 000:116.339   CPU_ReadMem(4 bytes @ 0xE000EDF0)
T7F30 000:116.540   Data:  01 00 10 01
T7F30 000:116.551   Debug reg: DHCSR
T7F30 000:116.559 - 0.228ms returns 0
T7F30 000:116.567 JLINK_ReadMem(0x400E0028, 0x4 Bytes, ...)
T7F30 000:116.574   CPU_ReadMem(4 bytes @ 0x400E0028)
T7F30 000:116.806   Data:  00 FC 1F 00
T7F30 000:116.823 - 0.255ms returns 0
T7F30 000:116.835 JLINK_ReadMem(0xE000EDF0, 0x4 Bytes, ...)
T7F30 000:116.844   CPU_ReadMem(4 bytes @ 0xE000EDF0)
T7F30 000:117.130   Data:  01 00 10 01
T7F30 000:117.140   Debug reg: DHCSR
T7F30 000:117.149 - 0.314ms returns 0
T7F30 000:117.157 JLINK_ReadMem(0x400E0024, 0x4 Bytes, ...)
T7F30 000:117.164   CPU_ReadMem(4 bytes @ 0x400E0024)
T7F30 000:117.362   Data:  00 E0 1F 00
T7F30 000:117.371 - 0.214ms returns 0
T7F30 000:117.380 JLINK_ReadMem(0xE000EDF0, 0x4 Bytes, ...)
T7F30 000:117.386   CPU_ReadMem(4 bytes @ 0xE000EDF0)
T7F30 000:117.591   Data:  01 00 10 01
T7F30 000:117.600   Debug reg: DHCSR
T7F30 000:117.608 - 0.228ms returns 0
T7F30 000:117.615 JLINK_ReadMem(0x400E002C, 0x4 Bytes, ...)
T7F30 000:117.621   CPU_ReadMem(4 bytes @ 0x400E002C)
T7F30 000:117.819   Data:  01 00 00 00
T7F30 000:117.828 - 0.212ms returns 0
T7F30 000:122.059 JLINK_Close()
T7F30 000:135.838 - 13.778ms
T7F30 000:135.870   
T7F30 000:135.875   Closed
