T4654 000:000.694   SEGGER J-Link V7.98b Log File
T4654 000:000.845   DLL Compiled: Jul 31 2024 16:10:46
T4654 000:000.852   Logging started @ 2025-02-03 06:57
T4654 000:000.857   Process: C:\Users\a8456\.eclipse\com.renesas.platform_1291987301\DebugComp\RA\e2-server-gdb.exe
T4654 000:000.864 - 0.863ms
T4654 000:000.876 JLINK_GetDLLVersion()
T4654 000:000.882 - 0.006ms returns 79802
T4654 000:002.409 JLINK_OpenEx(...)
T4654 000:007.613   Firmware: J-Link V9 compiled May  7 2021 16:26:12
T4654 000:008.209   Firmware: J-Link V9 compiled May  7 2021 16:26:12
T4654 000:008.652   Decompressing FW timestamp took 350 us
T4654 000:014.851   Hardware: V9.60
T4654 000:014.892   S/N: 69660718
T4654 000:014.906   OEM: SEGGER
T4654 000:014.920   Feature(s): RDI, GDB, FlashDL, FlashBP, JFlash
T4654 000:015.457   Bootloader: (Could not read)
T4654 000:016.144   TELNET listener socket opened on port 19021
T4654 000:016.300   WEBSRV WEBSRV_Init(): Starting webserver thread(s)
T4654 000:016.492   WEBSRV Webserver running on local port 19080
T4654 000:016.597   Looking for J-Link GUI Server exe at: C:\Users\a8456\.eclipse\com.renesas.platform_1291987301\DebugComp\RA\ARM\Segger_v7.98.2\JLinkGUIServer.exe
T4654 000:016.675   Looking for J-Link GUI Server exe at: C:\Program Files\SEGGER\JLink_V796h\JLinkGUIServer.exe
T4654 000:016.701   Forking J-Link GUI Server: C:\Program Files\SEGGER\JLink_V796h\JLinkGUIServer.exe
T4654 000:038.173   J-Link GUI Server info: "J-Link GUI server V7.96h "
T4654 000:043.775 - 41.357ms returns "O.K."
T4654 000:044.006 JLINK_ExecCommand("ProjectFile=C:\Users\a8456\e2_studio\workspace_5.5\RA4M2_Project4/RA4M2_Project4 Debug_Flat.jlink", ...). 
T4654 000:060.258 - 16.254ms returns 0x00
T4654 000:060.494 JLINK_ExecCommand("device=R7FA4M2AD", ...). 
T4654 000:061.305   Flash bank @ 0x0100A100: SFL: Parsing sectorization info from ELF file
T4654 000:061.320     FlashDevice.SectorInfo[0]: .SectorSize = 0x00000010, .SectorStartAddr = 0x00000000
T4654 000:061.329   FlashBank @0x0100A100: Sectorization info from SFL ELF file ignored because sectorization override from DLL / XML file is active.
T4654 000:061.528   Flash bank @ 0x60000000: SFL: Parsing sectorization info from ELF file
T4654 000:061.538     FlashDevice.SectorInfo[0]: .SectorSize = 0x00010000, .SectorStartAddr = 0x00000000
T4654 000:064.705   Device "R7FA4M2AD" selected.
T4654 000:065.026 - 4.521ms returns 0x00
T4654 000:065.043 JLINK_TIF_GetAvailable(...)
T4654 000:065.205 - 0.161ms
T4654 000:065.214 JLINK_TIF_Select(JLINKARM_TIF_SWD)
T4654 000:065.601 - 0.386ms returns 0x00
T4654 000:065.615 JLINK_SetSpeed(4000)
T4654 000:065.669 - 0.054ms
T4654 000:065.685 JLINK_ReadMem(0xE000EDF0, 0x4 Bytes, ...)
T4654 000:065.803   ConfigTargetSettings() start
T4654 000:065.813    J-Link Script File: Executing ConfigTargetSettings()
T4654 000:065.822   Configuring FlashDLNoRMWThreshold=0x200 in order to make sure that option bytes programming is done via read-modify-write
T4654 000:070.405   ConfigTargetSettings() end - Took 4.59ms
T4654 000:070.423   InitTarget() start
T4654 000:070.431    J-Link Script File: Executing InitTarget()
T4654 000:070.438   SWD selected. Executing JTAG -> SWD switching sequence.
T4654 000:071.820   DAP initialized successfully.
T4654 000:071.836   Determining TrustZone configuration...
T4654 000:072.519     Secure Debug: Enabled (SSD)
T4654 000:072.535   Determining currently configured transfer type by reading the AHB-AP CSW register.
T4654 000:072.983     --> Correct transfer type configured. Done.
T4654 000:072.993   InitTarget() end - Took 2.56ms
T4654 000:073.490   Found SW-DP with ID 0x6BA02477
T4654 000:075.266   DPIDR: 0x6BA02477
T4654 000:075.285   CoreSight SoC-400 or earlier
T4654 000:075.294   Scanning AP map to find all available APs
T4654 000:075.943   AP[2]: Stopped AP scan as end of AP map has been reached
T4654 000:075.961   AP[0]: AHB-AP (IDR: 0x84770001)
T4654 000:075.969   AP[1]: APB-AP (IDR: 0x54770002)
T4654 000:075.977   Iterating through AP map to find AHB-AP to use
T4654 000:076.734   AP[0]: Core found
T4654 000:076.789   AP[0]: AHB-AP ROM base: 0xE00FE000
T4654 000:077.271   CPUID register: 0x410FD214. Implementer code: 0x41 (ARM)
T4654 000:077.308   Feature set: Mainline
T4654 000:077.682   Cache: No cache
T4654 000:077.699   Found Cortex-M33 r0p4, Little endian.
T4654 000:077.975   -- Max. mem block: 0x00010A88
T4654 000:078.404   
  ***** Warning: 
T4654 000:078.433   Cortex-M (ARMv8-M and later): The connected J-Link (S/N 69660718) uses an old firmware module that does not handle I/D-cache correctly. Proper debugging functionality cannot be guaranteed if cache is enabled
T4654 000:078.463   CPU_ReadMem(4 bytes @ 0xE000EDF0)
T4654 000:078.731   CPU_WriteMem(4 bytes @ 0xE000EDF0)
T4654 000:078.956   CPU_ReadMem(4 bytes @ 0xE0002000)
T4654 000:079.208   FPUnit: 8 code (BP) slots and 0 literal slots
T4654 000:079.221   CPU_ReadMem(4 bytes @ 0xE000EDFC)
T4654 000:079.437   CPU_WriteMem(4 bytes @ 0xE000EDFC)
T4654 000:079.695   CPU_ReadMem(4 bytes @ 0xE0001000)
T4654 000:079.905   CPU_ReadMem(4 bytes @ 0xE0001000)
T4654 000:080.215   CPU_ReadMem(4 bytes @ 0xE0001028)
T4654 000:080.459   CPU_ReadMem(4 bytes @ 0xE0001038)
T4654 000:080.687   CPU_ReadMem(4 bytes @ 0xE0001048)
T4654 000:080.920   CPU_ReadMem(4 bytes @ 0xE0001058)
T4654 000:081.210   CPU_WriteMem(4 bytes @ 0xE0001000)
T4654 000:081.434   CPU_ReadMem(4 bytes @ 0xE000ED88)
T4654 000:081.673   CPU_WriteMem(4 bytes @ 0xE000ED88)
T4654 000:081.889   CPU_ReadMem(4 bytes @ 0xE000ED88)
T4654 000:082.151   CPU_WriteMem(4 bytes @ 0xE000ED88)
T4654 000:082.413   CPU_ReadMem(4 bytes @ 0xE000EFB8)
T4654 000:082.652   Security extension: implemented
T4654 000:082.666   Secure debug: enabled
T4654 000:082.674   CoreSight components:
T4654 000:082.682   ROMTbl[0] @ E00FE000
T4654 000:082.691   CPU_ReadMem(64 bytes @ 0xE00FE000)
T4654 000:083.268   CPU_ReadMem(32 bytes @ 0xE0044FE0)
T4654 000:083.633   CPU_ReadMem(4 bytes @ 0xE0044FBC)
T4654 000:083.892   CPU_ReadMem(4 bytes @ 0xE0044FCC)
T4654 000:084.126   [0][0]: E0044000 CID B105900D PID 005BB906 DEVARCH 00000000 DEVTYPE 14 CTI (?)
T4654 000:084.141   CPU_ReadMem(32 bytes @ 0xE0047FE0)
T4654 000:084.511   CPU_ReadMem(4 bytes @ 0xE0047FBC)
T4654 000:084.758   CPU_ReadMem(4 bytes @ 0xE0047FCC)
T4654 000:084.987   [0][1]: E0047000 CID B105900D PID 003BB908 DEVARCH 00000000 DEVTYPE 12 CSTF
T4654 000:085.017   CPU_ReadMem(32 bytes @ 0xE0048FE0)
T4654 000:085.385   CPU_ReadMem(4 bytes @ 0xE0048FBC)
T4654 000:085.628   CPU_ReadMem(4 bytes @ 0xE0048FCC)
T4654 000:085.857   [0][2]: E0048000 CID B105900D PID 001BB961 DEVARCH 00000000 DEVTYPE 21 ETB
T4654 000:085.870   CPU_ReadMem(32 bytes @ 0xE0049FE0)
T4654 000:086.260   [0][3]: E0049000 CID B105F00D PID 001BB101 TSG
T4654 000:086.271   CPU_ReadMem(32 bytes @ 0xE0040FE0)
T4654 000:086.631   CPU_ReadMem(4 bytes @ 0xE0040FBC)
T4654 000:086.859   CPU_ReadMem(4 bytes @ 0xE0040FCC)
T4654 000:087.056   [0][4]: E0040000 CID B105900D PID 000BBD21 DEVARCH 00000000 DEVTYPE 11 TPIU
T4654 000:087.066   CPU_ReadMem(32 bytes @ 0xE00FFFE0)
T4654 000:087.410   [0][5]: E00FF000 CID B105100D PID 000BB4C9 ROM Table
T4654 000:087.425   ROMTbl[1] @ E00FF000
T4654 000:087.434   CPU_ReadMem(64 bytes @ 0xE00FF000)
T4654 000:087.945   CPU_ReadMem(32 bytes @ 0xE000EFE0)
T4654 000:088.316   CPU_ReadMem(4 bytes @ 0xE000EFBC)
T4654 000:088.541   CPU_ReadMem(4 bytes @ 0xE000EFCC)
T4654 000:088.777   [1][0]: E000E000 CID B105900D PID 000BBD21 DEVARCH 47702A04 DEVTYPE 00 Cortex-M33
T4654 000:088.786   CPU_ReadMem(32 bytes @ 0xE0001FE0)
T4654 000:089.128   CPU_ReadMem(4 bytes @ 0xE0001FBC)
T4654 000:089.384   CPU_ReadMem(4 bytes @ 0xE0001FCC)
T4654 000:089.614   [1][1]: E0001000 CID B105900D PID 000BBD21 DEVARCH 47701A02 DEVTYPE 00 DWT
T4654 000:089.626   CPU_ReadMem(32 bytes @ 0xE0002FE0)
T4654 000:089.973   CPU_ReadMem(4 bytes @ 0xE0002FBC)
T4654 000:090.206   CPU_ReadMem(4 bytes @ 0xE0002FCC)
T4654 000:090.439   [1][2]: E0002000 CID B105900D PID 000BBD21 DEVARCH 47701A03 DEVTYPE 00 FPB
T4654 000:090.450   CPU_ReadMem(32 bytes @ 0xE0000FE0)
T4654 000:090.788   CPU_ReadMem(4 bytes @ 0xE0000FBC)
T4654 000:091.013   CPU_ReadMem(4 bytes @ 0xE0000FCC)
T4654 000:091.266   [1][3]: E0000000 CID B105900D PID 000BBD21 DEVARCH 47701A01 DEVTYPE 43 ITM
T4654 000:091.293   CPU_ReadMem(32 bytes @ 0xE0041FE0)
T4654 000:091.705   CPU_ReadMem(4 bytes @ 0xE0041FBC)
T4654 000:092.016   CPU_ReadMem(4 bytes @ 0xE0041FCC)
T4654 000:092.460   [1][5]: E0041000 CID B105900D PID 002BBD21 DEVARCH 47724A13 DEVTYPE 13 ETM
T4654 000:092.512   CPU_ReadMem(32 bytes @ 0xE0042FE0)
T4654 000:092.890   CPU_ReadMem(4 bytes @ 0xE0042FBC)
T4654 000:093.210   CPU_ReadMem(4 bytes @ 0xE0042FCC)
T4654 000:093.478   [1][6]: E0042000 CID B105900D PID 000BBD21 DEVARCH 47701A14 DEVTYPE 14 CSS600-CTI
T4654 000:093.553   CPU_ReadMem(4 bytes @ 0xE000EDF0)
T4654 000:093.801   Data:  01 00 10 01
T4654 000:093.819   Debug reg: DHCSR
T4654 000:093.828 - 28.142ms returns 0
T4654 000:093.880 JLINK_ReadMem(0x400E002C, 0x4 Bytes, ...)
T4654 000:093.891   CPU_ReadMem(4 bytes @ 0x400E002C)
T4654 000:094.213   Data:  01 00 00 00
T4654 000:094.237 - 0.356ms returns 0
T4654 000:094.278 JLINK_ReadMem(0xE000EDF0, 0x4 Bytes, ...)
T4654 000:094.295   CPU_ReadMem(4 bytes @ 0xE000EDF0)
T4654 000:094.551   Data:  01 00 10 01
T4654 000:094.581   Debug reg: DHCSR
T4654 000:094.597 - 0.319ms returns 0
T4654 000:094.635 JLINK_ReadMem(0xE000EDF0, 0x4 Bytes, ...)
T4654 000:094.653   CPU_ReadMem(4 bytes @ 0xE000EDF0)
T4654 000:094.917   Data:  01 00 10 01
T4654 000:094.965   Debug reg: DHCSR
T4654 000:094.981 - 0.346ms returns 0
T4654 000:094.997 JLINK_ReadMem(0x400E001C, 0x4 Bytes, ...)
T4654 000:095.013   CPU_ReadMem(4 bytes @ 0x400E001C)
T4654 000:095.268   Data:  00 FC FF 00
T4654 000:095.283 - 0.286ms returns 0
T4654 000:095.295 JLINK_ReadMem(0xE000EDF0, 0x4 Bytes, ...)
T4654 000:095.304   CPU_ReadMem(4 bytes @ 0xE000EDF0)
T4654 000:095.535   Data:  01 00 10 01
T4654 000:095.547   Debug reg: DHCSR
T4654 000:095.555 - 0.260ms returns 0
T4654 000:095.563 JLINK_ReadMem(0x400E0018, 0x4 Bytes, ...)
T4654 000:095.571   CPU_ReadMem(4 bytes @ 0x400E0018)
T4654 000:095.798   Data:  00 80 FF 00
T4654 000:095.811 - 0.247ms returns 0
T4654 000:095.823 JLINK_ReadMem(0xE000EDF0, 0x4 Bytes, ...)
T4654 000:095.832   CPU_ReadMem(4 bytes @ 0xE000EDF0)
T4654 000:096.072   Data:  01 00 10 01
T4654 000:096.098   Debug reg: DHCSR
T4654 000:096.113 - 0.290ms returns 0
T4654 000:096.133 JLINK_ReadMem(0x400E0020, 0x4 Bytes, ...)
T4654 000:096.144   CPU_ReadMem(4 bytes @ 0x400E0020)
T4654 000:096.393   Data:  00 FC 00 00
T4654 000:096.408 - 0.274ms returns 0
T4654 000:096.419 JLINK_ReadMem(0xE000EDF0, 0x4 Bytes, ...)
T4654 000:096.429   CPU_ReadMem(4 bytes @ 0xE000EDF0)
T4654 000:096.662   Data:  01 00 10 01
T4654 000:096.676   Debug reg: DHCSR
T4654 000:096.684 - 0.264ms returns 0
T4654 000:096.692 JLINK_ReadMem(0x400E0028, 0x4 Bytes, ...)
T4654 000:096.700   CPU_ReadMem(4 bytes @ 0x400E0028)
T4654 000:096.947   Data:  00 FC 1F 00
T4654 000:096.973 - 0.280ms returns 0
T4654 000:096.992 JLINK_ReadMem(0xE000EDF0, 0x4 Bytes, ...)
T4654 000:097.007   CPU_ReadMem(4 bytes @ 0xE000EDF0)
T4654 000:097.303   Data:  01 00 10 01
T4654 000:097.328   Debug reg: DHCSR
T4654 000:097.343 - 0.350ms returns 0
T4654 000:097.357 JLINK_ReadMem(0x400E0024, 0x4 Bytes, ...)
T4654 000:097.372   CPU_ReadMem(4 bytes @ 0x400E0024)
T4654 000:097.612   Data:  00 E0 1F 00
T4654 000:097.640 - 0.282ms returns 0
T4654 000:097.658 JLINK_ReadMem(0xE000EDF0, 0x4 Bytes, ...)
T4654 000:097.674   CPU_ReadMem(4 bytes @ 0xE000EDF0)
T4654 000:097.914   Data:  01 00 10 01
T4654 000:097.959   Debug reg: DHCSR
T4654 000:097.975 - 0.316ms returns 0
T4654 000:097.990 JLINK_ReadMem(0x400E002C, 0x4 Bytes, ...)
T4654 000:098.006   CPU_ReadMem(4 bytes @ 0x400E002C)
T4654 000:098.267   Data:  01 00 00 00
T4654 000:098.293 - 0.302ms returns 0
T4654 000:101.082 JLINK_Close()
T4654 000:113.647 - 12.563ms
T4654 000:113.667   
T4654 000:113.673   Closed
