T242C 000:000.707   SEGGER J-Link V7.98b Log File
T242C 000:000.847   DLL Compiled: Jul 31 2024 16:10:46
T242C 000:000.861   Logging started @ 2025-02-04 11:15
T242C 000:000.874   Process: C:\Users\a8456\.eclipse\com.renesas.platform_1291987301\DebugComp\RA\e2-server-gdb.exe
T242C 000:000.888 - 0.887ms
T242C 000:000.908 JLINK_GetDLLVersion()
T242C 000:000.922 - 0.013ms returns 79802
T242C 000:003.640 JLINK_OpenEx(...)
T242C 000:007.081   Firmware: J-Link V9 compiled May  7 2021 16:26:12
T242C 000:007.577   Firmware: J-Link V9 compiled May  7 2021 16:26:12
T242C 000:007.691   Decompressing FW timestamp took 86 us
T242C 000:013.161   Hardware: V9.60
T242C 000:013.203   S/N: 69660718
T242C 000:013.222   OEM: SEGGER
T242C 000:013.372   Feature(s): RDI, GDB, FlashDL, FlashBP, JFlash
T242C 000:013.777   Bootloader: (Could not read)
T242C 000:014.466   TELNET listener socket opened on port 19021
T242C 000:014.612   WEBSRV WEBSRV_Init(): Starting webserver thread(s)
T242C 000:014.850   WEBSRV Webserver running on local port 19080
T242C 000:014.986   Looking for J-Link GUI Server exe at: C:\Users\a8456\.eclipse\com.renesas.platform_1291987301\DebugComp\RA\ARM\Segger_v7.98.2\JLinkGUIServer.exe
T242C 000:015.058   Looking for J-Link GUI Server exe at: C:\Program Files\SEGGER\JLink_V796h\JLinkGUIServer.exe
T242C 000:015.083   Forking J-Link GUI Server: C:\Program Files\SEGGER\JLink_V796h\JLinkGUIServer.exe
T242C 000:040.072   J-Link GUI Server info: "J-Link GUI server V7.96h "
T242C 000:040.439 - 36.793ms returns "O.K."
T242C 000:040.534 JLINK_ExecCommand("ProjectFile=C:\Users\a8456\e2_studio\workspace_5.5\RA4M2_Project6/RA4M2_Project6 Debug_Flat.jlink", ...). 
T242C 000:061.107 - 20.575ms returns 0x00
T242C 000:061.374 JLINK_ExecCommand("device=R7FA4M2AD", ...). 
T242C 000:062.177   Flash bank @ 0x0100A100: SFL: Parsing sectorization info from ELF file
T242C 000:062.217     FlashDevice.SectorInfo[0]: .SectorSize = 0x00000010, .SectorStartAddr = 0x00000000
T242C 000:062.226   FlashBank @0x0100A100: Sectorization info from SFL ELF file ignored because sectorization override from DLL / XML file is active.
T242C 000:063.363   Flash bank @ 0x60000000: SFL: Parsing sectorization info from ELF file
T242C 000:063.398     FlashDevice.SectorInfo[0]: .SectorSize = 0x00010000, .SectorStartAddr = 0x00000000
T242C 000:067.628   Device "R7FA4M2AD" selected.
T242C 000:068.052 - 6.666ms returns 0x00
T242C 000:068.140 JLINK_TIF_GetAvailable(...)
T242C 000:068.352 - 0.212ms
T242C 000:068.371 JLINK_TIF_Select(JLINKARM_TIF_SWD)
T242C 000:068.808 - 0.437ms returns 0x00
T242C 000:068.821 JLINK_SetSpeed(4000)
T242C 000:068.883 - 0.063ms
T242C 000:068.906 JLINK_ReadMem(0xE000EDF0, 0x4 Bytes, ...)
T242C 000:069.175   ConfigTargetSettings() start
T242C 000:069.186    J-Link Script File: Executing ConfigTargetSettings()
T242C 000:069.196   Configuring FlashDLNoRMWThreshold=0x200 in order to make sure that option bytes programming is done via read-modify-write
T242C 000:074.489   ConfigTargetSettings() end - Took 5.30ms
T242C 000:074.506   InitTarget() start
T242C 000:074.514    J-Link Script File: Executing InitTarget()
T242C 000:074.521   SWD selected. Executing JTAG -> SWD switching sequence.
T242C 000:075.825   DAP initialized successfully.
T242C 000:075.839   Determining TrustZone configuration...
T242C 000:076.734     Secure Debug: Enabled (SSD)
T242C 000:076.748   Determining currently configured transfer type by reading the AHB-AP CSW register.
T242C 000:077.304     --> Correct transfer type configured. Done.
T242C 000:077.325   InitTarget() end - Took 2.81ms
T242C 000:077.842   Found SW-DP with ID 0x6BA02477
T242C 000:079.657   DPIDR: 0x6BA02477
T242C 000:079.683   CoreSight SoC-400 or earlier
T242C 000:079.692   Scanning AP map to find all available APs
T242C 000:080.364   AP[2]: Stopped AP scan as end of AP map has been reached
T242C 000:080.386   AP[0]: AHB-AP (IDR: 0x84770001)
T242C 000:080.394   AP[1]: APB-AP (IDR: 0x54770002)
T242C 000:080.403   Iterating through AP map to find AHB-AP to use
T242C 000:081.142   AP[0]: Core found
T242C 000:081.199   AP[0]: AHB-AP ROM base: 0xE00FE000
T242C 000:081.620   CPUID register: 0x410FD214. Implementer code: 0x41 (ARM)
T242C 000:081.632   Feature set: Mainline
T242C 000:081.997   Cache: No cache
T242C 000:082.043   Found Cortex-M33 r0p4, Little endian.
T242C 000:082.352   -- Max. mem block: 0x00010C40
T242C 000:082.762   
  ***** Warning: 
T242C 000:082.772   Cortex-M (ARMv8-M and later): The connected J-Link (S/N 69660718) uses an old firmware module that does not handle I/D-cache correctly. Proper debugging functionality cannot be guaranteed if cache is enabled
T242C 000:082.786   CPU_ReadMem(4 bytes @ 0xE000EDF0)
T242C 000:083.020   CPU_WriteMem(4 bytes @ 0xE000EDF0)
T242C 000:083.315   CPU_ReadMem(4 bytes @ 0xE0002000)
T242C 000:083.583   FPUnit: 8 code (BP) slots and 0 literal slots
T242C 000:083.596   CPU_ReadMem(4 bytes @ 0xE000EDFC)
T242C 000:083.815   CPU_WriteMem(4 bytes @ 0xE000EDFC)
T242C 000:084.071   CPU_ReadMem(4 bytes @ 0xE0001000)
T242C 000:084.302   CPU_ReadMem(4 bytes @ 0xE0001000)
T242C 000:084.537   CPU_ReadMem(4 bytes @ 0xE0001028)
T242C 000:084.767   CPU_ReadMem(4 bytes @ 0xE0001038)
T242C 000:084.994   CPU_ReadMem(4 bytes @ 0xE0001048)
T242C 000:085.196   CPU_ReadMem(4 bytes @ 0xE0001058)
T242C 000:085.484   CPU_WriteMem(4 bytes @ 0xE0001000)
T242C 000:085.703   CPU_ReadMem(4 bytes @ 0xE000ED88)
T242C 000:085.924   CPU_WriteMem(4 bytes @ 0xE000ED88)
T242C 000:086.140   CPU_ReadMem(4 bytes @ 0xE000ED88)
T242C 000:086.347   CPU_WriteMem(4 bytes @ 0xE000ED88)
T242C 000:086.573   CPU_ReadMem(4 bytes @ 0xE000EFB8)
T242C 000:086.777   Security extension: implemented
T242C 000:086.934   Secure debug: enabled
T242C 000:086.943   CoreSight components:
T242C 000:086.952   ROMTbl[0] @ E00FE000
T242C 000:086.960   CPU_ReadMem(64 bytes @ 0xE00FE000)
T242C 000:087.477   CPU_ReadMem(32 bytes @ 0xE0044FE0)
T242C 000:087.843   CPU_ReadMem(4 bytes @ 0xE0044FBC)
T242C 000:088.062   CPU_ReadMem(4 bytes @ 0xE0044FCC)
T242C 000:088.397   [0][0]: E0044000 CID B105900D PID 005BB906 DEVARCH 00000000 DEVTYPE 14 CTI (?)
T242C 000:088.411   CPU_ReadMem(32 bytes @ 0xE0047FE0)
T242C 000:088.744   CPU_ReadMem(4 bytes @ 0xE0047FBC)
T242C 000:088.993   CPU_ReadMem(4 bytes @ 0xE0047FCC)
T242C 000:089.231   [0][1]: E0047000 CID B105900D PID 003BB908 DEVARCH 00000000 DEVTYPE 12 CSTF
T242C 000:089.244   CPU_ReadMem(32 bytes @ 0xE0048FE0)
T242C 000:089.583   CPU_ReadMem(4 bytes @ 0xE0048FBC)
T242C 000:089.812   CPU_ReadMem(4 bytes @ 0xE0048FCC)
T242C 000:090.041   [0][2]: E0048000 CID B105900D PID 001BB961 DEVARCH 00000000 DEVTYPE 21 ETB
T242C 000:090.054   CPU_ReadMem(32 bytes @ 0xE0049FE0)
T242C 000:090.415   [0][3]: E0049000 CID B105F00D PID 001BB101 TSG
T242C 000:090.424   CPU_ReadMem(32 bytes @ 0xE0040FE0)
T242C 000:090.784   CPU_ReadMem(4 bytes @ 0xE0040FBC)
T242C 000:091.017   CPU_ReadMem(4 bytes @ 0xE0040FCC)
T242C 000:091.306   [0][4]: E0040000 CID B105900D PID 000BBD21 DEVARCH 00000000 DEVTYPE 11 TPIU
T242C 000:091.315   CPU_ReadMem(32 bytes @ 0xE00FFFE0)
T242C 000:091.668   [0][5]: E00FF000 CID B105100D PID 000BB4C9 ROM Table
T242C 000:091.678   ROMTbl[1] @ E00FF000
T242C 000:091.686   CPU_ReadMem(64 bytes @ 0xE00FF000)
T242C 000:092.164   CPU_ReadMem(32 bytes @ 0xE000EFE0)
T242C 000:092.519   CPU_ReadMem(4 bytes @ 0xE000EFBC)
T242C 000:092.740   CPU_ReadMem(4 bytes @ 0xE000EFCC)
T242C 000:092.959   [1][0]: E000E000 CID B105900D PID 000BBD21 DEVARCH 47702A04 DEVTYPE 00 Cortex-M33
T242C 000:092.968   CPU_ReadMem(32 bytes @ 0xE0001FE0)
T242C 000:093.322   CPU_ReadMem(4 bytes @ 0xE0001FBC)
T242C 000:093.540   CPU_ReadMem(4 bytes @ 0xE0001FCC)
T242C 000:093.817   [1][1]: E0001000 CID B105900D PID 000BBD21 DEVARCH 47701A02 DEVTYPE 00 DWT
T242C 000:093.831   CPU_ReadMem(32 bytes @ 0xE0002FE0)
T242C 000:094.166   CPU_ReadMem(4 bytes @ 0xE0002FBC)
T242C 000:094.399   CPU_ReadMem(4 bytes @ 0xE0002FCC)
T242C 000:094.617   [1][2]: E0002000 CID B105900D PID 000BBD21 DEVARCH 47701A03 DEVTYPE 00 FPB
T242C 000:094.626   CPU_ReadMem(32 bytes @ 0xE0000FE0)
T242C 000:095.007   CPU_ReadMem(4 bytes @ 0xE0000FBC)
T242C 000:095.351   CPU_ReadMem(4 bytes @ 0xE0000FCC)
T242C 000:095.599   [1][3]: E0000000 CID B105900D PID 000BBD21 DEVARCH 47701A01 DEVTYPE 43 ITM
T242C 000:095.608   CPU_ReadMem(32 bytes @ 0xE0041FE0)
T242C 000:095.968   CPU_ReadMem(4 bytes @ 0xE0041FBC)
T242C 000:096.167   CPU_ReadMem(4 bytes @ 0xE0041FCC)
T242C 000:096.384   [1][5]: E0041000 CID B105900D PID 002BBD21 DEVARCH 47724A13 DEVTYPE 13 ETM
T242C 000:096.395   CPU_ReadMem(32 bytes @ 0xE0042FE0)
T242C 000:096.742   CPU_ReadMem(4 bytes @ 0xE0042FBC)
T242C 000:096.950   CPU_ReadMem(4 bytes @ 0xE0042FCC)
T242C 000:097.178   [1][6]: E0042000 CID B105900D PID 000BBD21 DEVARCH 47701A14 DEVTYPE 14 CSS600-CTI
T242C 000:097.223   CPU_ReadMem(4 bytes @ 0xE000EDF0)
T242C 000:097.495   Data:  01 00 10 01
T242C 000:097.508   Debug reg: DHCSR
T242C 000:097.517 - 28.610ms returns 0
T242C 000:097.549 JLINK_ReadMem(0x400E002C, 0x4 Bytes, ...)
T242C 000:097.559   CPU_ReadMem(4 bytes @ 0x400E002C)
T242C 000:097.774   Data:  01 00 00 00
T242C 000:097.782 - 0.233ms returns 0
T242C 000:097.809 JLINK_ReadMem(0xE000EDF0, 0x4 Bytes, ...)
T242C 000:097.817   CPU_ReadMem(4 bytes @ 0xE000EDF0)
T242C 000:098.062   Data:  01 00 10 01
T242C 000:098.072   Debug reg: DHCSR
T242C 000:098.080 - 0.271ms returns 0
T242C 000:098.103 JLINK_ReadMem(0xE000EDF0, 0x4 Bytes, ...)
T242C 000:098.109   CPU_ReadMem(4 bytes @ 0xE000EDF0)
T242C 000:098.351   Data:  01 00 10 01
T242C 000:098.359   Debug reg: DHCSR
T242C 000:098.367 - 0.264ms returns 0
T242C 000:098.374 JLINK_ReadMem(0x400E001C, 0x4 Bytes, ...)
T242C 000:098.380   CPU_ReadMem(4 bytes @ 0x400E001C)
T242C 000:098.599   Data:  00 FC FF 00
T242C 000:098.610 - 0.235ms returns 0
T242C 000:098.619 JLINK_ReadMem(0xE000EDF0, 0x4 Bytes, ...)
T242C 000:098.625   CPU_ReadMem(4 bytes @ 0xE000EDF0)
T242C 000:098.843   Data:  01 00 10 01
T242C 000:098.853   Debug reg: DHCSR
T242C 000:098.862 - 0.242ms returns 0
T242C 000:098.869 JLINK_ReadMem(0x400E0018, 0x4 Bytes, ...)
T242C 000:098.875   CPU_ReadMem(4 bytes @ 0x400E0018)
T242C 000:099.076   Data:  00 80 FF 00
T242C 000:099.084 - 0.215ms returns 0
T242C 000:099.093 JLINK_ReadMem(0xE000EDF0, 0x4 Bytes, ...)
T242C 000:099.099   CPU_ReadMem(4 bytes @ 0xE000EDF0)
T242C 000:099.303   Data:  01 00 10 01
T242C 000:099.330   Debug reg: DHCSR
T242C 000:099.351 - 0.257ms returns 0
T242C 000:099.381 JLINK_ReadMem(0x400E0020, 0x4 Bytes, ...)
T242C 000:099.404   CPU_ReadMem(4 bytes @ 0x400E0020)
T242C 000:099.651   Data:  00 FC 00 00
T242C 000:099.664 - 0.283ms returns 0
T242C 000:099.675 JLINK_ReadMem(0xE000EDF0, 0x4 Bytes, ...)
T242C 000:099.682   CPU_ReadMem(4 bytes @ 0xE000EDF0)
T242C 000:099.897   Data:  01 00 10 01
T242C 000:099.907   Debug reg: DHCSR
T242C 000:099.916 - 0.241ms returns 0
T242C 000:099.923 JLINK_ReadMem(0x400E0028, 0x4 Bytes, ...)
T242C 000:099.930   CPU_ReadMem(4 bytes @ 0x400E0028)
T242C 000:100.139   Data:  00 FC 1F 00
T242C 000:100.147 - 0.224ms returns 0
T242C 000:100.156 JLINK_ReadMem(0xE000EDF0, 0x4 Bytes, ...)
T242C 000:100.162   CPU_ReadMem(4 bytes @ 0xE000EDF0)
T242C 000:100.402   Data:  01 00 10 01
T242C 000:100.414   Debug reg: DHCSR
T242C 000:100.423 - 0.266ms returns 0
T242C 000:100.432 JLINK_ReadMem(0x400E0024, 0x4 Bytes, ...)
T242C 000:100.440   CPU_ReadMem(4 bytes @ 0x400E0024)
T242C 000:100.651   Data:  00 E0 1F 00
T242C 000:100.663 - 0.231ms returns 0
T242C 000:100.673 JLINK_ReadMem(0xE000EDF0, 0x4 Bytes, ...)
T242C 000:100.680   CPU_ReadMem(4 bytes @ 0xE000EDF0)
T242C 000:100.896   Data:  01 00 10 01
T242C 000:100.905   Debug reg: DHCSR
T242C 000:100.913 - 0.239ms returns 0
T242C 000:100.920 JLINK_ReadMem(0x400E002C, 0x4 Bytes, ...)
T242C 000:100.926   CPU_ReadMem(4 bytes @ 0x400E002C)
T242C 000:101.143   Data:  01 00 00 00
T242C 000:101.153 - 0.233ms returns 0
T242C 000:107.764 JLINK_Close()
T242C 000:122.628 - 14.863ms
T242C 000:122.652   
T242C 000:122.658   Closed
