T2474 000:000.624   SEGGER J-Link V7.98b Log File
T2474 000:000.758   DLL Compiled: Jul 31 2024 16:10:46
T2474 000:000.772   Logging started @ 2025-02-06 09:43
T2474 000:000.785   Process: C:\Users\a8456\.eclipse\com.renesas.platform_1291987301\DebugComp\RA\e2-server-gdb.exe
T2474 000:000.800 - 0.798ms
T2474 000:000.820 JLINK_GetDLLVersion()
T2474 000:000.834 - 0.014ms returns 79802
T2474 000:003.695 JLINK_OpenEx(...)
T2474 000:009.185   Firmware: J-Link V9 compiled May  7 2021 16:26:12
T2474 000:009.740   Firmware: J-Link V9 compiled May  7 2021 16:26:12
T2474 000:009.919   Decompressing FW timestamp took 91 us
T2474 000:015.202   Hardware: V9.60
T2474 000:015.243   S/N: 69660718
T2474 000:015.262   OEM: SEGGER
T2474 000:015.412   Feature(s): RDI, GDB, FlashDL, FlashBP, JFlash
T2474 000:015.913   Bootloader: (Could not read)
T2474 000:016.518   TELNET listener socket opened on port 19021
T2474 000:016.720   WEBSRV WEBSRV_Init(): Starting webserver thread(s)
T2474 000:016.902   WEBSRV Webserver running on local port 19080
T2474 000:017.019   Looking for J-Link GUI Server exe at: C:\Users\a8456\.eclipse\com.renesas.platform_1291987301\DebugComp\RA\ARM\Segger_v7.98.2\JLinkGUIServer.exe
T2474 000:017.102   Looking for J-Link GUI Server exe at: C:\Program Files\SEGGER\JLink_V796h\JLinkGUIServer.exe
T2474 000:017.126   Forking J-Link GUI Server: C:\Program Files\SEGGER\JLink_V796h\JLinkGUIServer.exe
T2474 000:048.186   J-Link GUI Server info: "J-Link GUI server V7.96h "
T2474 000:051.238 - 47.537ms returns "O.K."
T2474 000:051.361 JLINK_ExecCommand("ProjectFile=C:\Users\a8456\e2_studio\workspace_5.5\RA4M2_Project7/RA4M2_Project7 Debug_Flat.jlink", ...). 
T2474 000:073.003 - 21.644ms returns 0x00
T2474 000:073.270 JLINK_ExecCommand("device=R7FA4M2AD", ...). 
T2474 000:073.852   Flash bank @ 0x0100A100: SFL: Parsing sectorization info from ELF file
T2474 000:073.869     FlashDevice.SectorInfo[0]: .SectorSize = 0x00000010, .SectorStartAddr = 0x00000000
T2474 000:073.878   FlashBank @0x0100A100: Sectorization info from SFL ELF file ignored because sectorization override from DLL / XML file is active.
T2474 000:074.687   Flash bank @ 0x60000000: SFL: Parsing sectorization info from ELF file
T2474 000:074.705     FlashDevice.SectorInfo[0]: .SectorSize = 0x00010000, .SectorStartAddr = 0x00000000
T2474 000:077.934   Device "R7FA4M2AD" selected.
T2474 000:078.265 - 4.979ms returns 0x00
T2474 000:078.317 JLINK_TIF_GetAvailable(...)
T2474 000:078.444 - 0.126ms
T2474 000:078.456 JLINK_TIF_Select(JLINKARM_TIF_SWD)
T2474 000:078.858 - 0.402ms returns 0x00
T2474 000:078.868 JLINK_SetSpeed(4000)
T2474 000:078.916 - 0.048ms
T2474 000:078.941 JLINK_ReadMem(0xE000EDF0, 0x4 Bytes, ...)
T2474 000:079.177   ConfigTargetSettings() start
T2474 000:079.194    J-Link Script File: Executing ConfigTargetSettings()
T2474 000:079.204   Configuring FlashDLNoRMWThreshold=0x200 in order to make sure that option bytes programming is done via read-modify-write
T2474 000:083.467   ConfigTargetSettings() end - Took 4.27ms
T2474 000:083.484   InitTarget() start
T2474 000:083.493    J-Link Script File: Executing InitTarget()
T2474 000:083.501   SWD selected. Executing JTAG -> SWD switching sequence.
T2474 000:084.720   DAP initialized successfully.
T2474 000:084.737   Determining TrustZone configuration...
T2474 000:085.298     Secure Debug: Enabled (SSD)
T2474 000:085.314   Determining currently configured transfer type by reading the AHB-AP CSW register.
T2474 000:085.782     --> Correct transfer type configured. Done.
T2474 000:085.799   InitTarget() end - Took 2.30ms
T2474 000:086.281   Found SW-DP with ID 0x6BA02477
T2474 000:087.886   DPIDR: 0x6BA02477
T2474 000:087.905   CoreSight SoC-400 or earlier
T2474 000:087.914   Scanning AP map to find all available APs
T2474 000:088.681   AP[2]: Stopped AP scan as end of AP map has been reached
T2474 000:088.720   AP[0]: AHB-AP (IDR: 0x84770001)
T2474 000:088.738   AP[1]: APB-AP (IDR: 0x54770002)
T2474 000:088.754   Iterating through AP map to find AHB-AP to use
T2474 000:089.464   AP[0]: Core found
T2474 000:089.512   AP[0]: AHB-AP ROM base: 0xE00FE000
T2474 000:089.888   CPUID register: 0x410FD214. Implementer code: 0x41 (ARM)
T2474 000:089.900   Feature set: Mainline
T2474 000:090.254   Cache: No cache
T2474 000:090.272   Found Cortex-M33 r0p4, Little endian.
T2474 000:090.500   -- Max. mem block: 0x00010C40
T2474 000:090.915   
  ***** Warning: 
T2474 000:090.926   Cortex-M (ARMv8-M and later): The connected J-Link (S/N 69660718) uses an old firmware module that does not handle I/D-cache correctly. Proper debugging functionality cannot be guaranteed if cache is enabled
T2474 000:090.941   CPU_ReadMem(4 bytes @ 0xE000EDF0)
T2474 000:091.153   CPU_WriteMem(4 bytes @ 0xE000EDF0)
T2474 000:091.391   CPU_ReadMem(4 bytes @ 0xE0002000)
T2474 000:091.610   FPUnit: 8 code (BP) slots and 0 literal slots
T2474 000:091.624   CPU_ReadMem(4 bytes @ 0xE000EDFC)
T2474 000:091.828   CPU_WriteMem(4 bytes @ 0xE000EDFC)
T2474 000:092.064   CPU_ReadMem(4 bytes @ 0xE0001000)
T2474 000:092.271   CPU_ReadMem(4 bytes @ 0xE0001000)
T2474 000:092.492   CPU_ReadMem(4 bytes @ 0xE0001028)
T2474 000:092.763   CPU_ReadMem(4 bytes @ 0xE0001038)
T2474 000:092.967   CPU_ReadMem(4 bytes @ 0xE0001048)
T2474 000:093.164   CPU_ReadMem(4 bytes @ 0xE0001058)
T2474 000:093.366   CPU_WriteMem(4 bytes @ 0xE0001000)
T2474 000:093.604   CPU_ReadMem(4 bytes @ 0xE000ED88)
T2474 000:093.815   CPU_WriteMem(4 bytes @ 0xE000ED88)
T2474 000:094.042   CPU_ReadMem(4 bytes @ 0xE000ED88)
T2474 000:094.269   CPU_WriteMem(4 bytes @ 0xE000ED88)
T2474 000:094.497   CPU_ReadMem(4 bytes @ 0xE000EFB8)
T2474 000:094.762   Security extension: implemented
T2474 000:094.931   Secure debug: enabled
T2474 000:094.942   CoreSight components:
T2474 000:094.950   ROMTbl[0] @ E00FE000
T2474 000:094.960   CPU_ReadMem(64 bytes @ 0xE00FE000)
T2474 000:095.454   CPU_ReadMem(32 bytes @ 0xE0044FE0)
T2474 000:095.811   CPU_ReadMem(4 bytes @ 0xE0044FBC)
T2474 000:096.019   CPU_ReadMem(4 bytes @ 0xE0044FCC)
T2474 000:096.220   [0][0]: E0044000 CID B105900D PID 005BB906 DEVARCH 00000000 DEVTYPE 14 CTI (?)
T2474 000:096.231   CPU_ReadMem(32 bytes @ 0xE0047FE0)
T2474 000:096.642   CPU_ReadMem(4 bytes @ 0xE0047FBC)
T2474 000:096.854   CPU_ReadMem(4 bytes @ 0xE0047FCC)
T2474 000:097.061   [0][1]: E0047000 CID B105900D PID 003BB908 DEVARCH 00000000 DEVTYPE 12 CSTF
T2474 000:097.071   CPU_ReadMem(32 bytes @ 0xE0048FE0)
T2474 000:097.403   CPU_ReadMem(4 bytes @ 0xE0048FBC)
T2474 000:097.610   CPU_ReadMem(4 bytes @ 0xE0048FCC)
T2474 000:097.814   [0][2]: E0048000 CID B105900D PID 001BB961 DEVARCH 00000000 DEVTYPE 21 ETB
T2474 000:097.826   CPU_ReadMem(32 bytes @ 0xE0049FE0)
T2474 000:098.150   [0][3]: E0049000 CID B105F00D PID 001BB101 TSG
T2474 000:098.160   CPU_ReadMem(32 bytes @ 0xE0040FE0)
T2474 000:098.520   CPU_ReadMem(4 bytes @ 0xE0040FBC)
T2474 000:098.774   CPU_ReadMem(4 bytes @ 0xE0040FCC)
T2474 000:098.979   [0][4]: E0040000 CID B105900D PID 000BBD21 DEVARCH 00000000 DEVTYPE 11 TPIU
T2474 000:098.995   CPU_ReadMem(32 bytes @ 0xE00FFFE0)
T2474 000:099.345   [0][5]: E00FF000 CID B105100D PID 000BB4C9 ROM Table
T2474 000:099.358   ROMTbl[1] @ E00FF000
T2474 000:099.368   CPU_ReadMem(64 bytes @ 0xE00FF000)
T2474 000:099.857   CPU_ReadMem(32 bytes @ 0xE000EFE0)
T2474 000:100.212   CPU_ReadMem(4 bytes @ 0xE000EFBC)
T2474 000:100.416   CPU_ReadMem(4 bytes @ 0xE000EFCC)
T2474 000:100.622   [1][0]: E000E000 CID B105900D PID 000BBD21 DEVARCH 47702A04 DEVTYPE 00 Cortex-M33
T2474 000:100.635   CPU_ReadMem(32 bytes @ 0xE0001FE0)
T2474 000:100.961   CPU_ReadMem(4 bytes @ 0xE0001FBC)
T2474 000:101.179   CPU_ReadMem(4 bytes @ 0xE0001FCC)
T2474 000:101.395   [1][1]: E0001000 CID B105900D PID 000BBD21 DEVARCH 47701A02 DEVTYPE 00 DWT
T2474 000:101.427   CPU_ReadMem(32 bytes @ 0xE0002FE0)
T2474 000:101.781   CPU_ReadMem(4 bytes @ 0xE0002FBC)
T2474 000:101.987   CPU_ReadMem(4 bytes @ 0xE0002FCC)
T2474 000:102.216   [1][2]: E0002000 CID B105900D PID 000BBD21 DEVARCH 47701A03 DEVTYPE 00 FPB
T2474 000:102.233   CPU_ReadMem(32 bytes @ 0xE0000FE0)
T2474 000:102.637   CPU_ReadMem(4 bytes @ 0xE0000FBC)
T2474 000:102.839   CPU_ReadMem(4 bytes @ 0xE0000FCC)
T2474 000:103.046   [1][3]: E0000000 CID B105900D PID 000BBD21 DEVARCH 47701A01 DEVTYPE 43 ITM
T2474 000:103.055   CPU_ReadMem(32 bytes @ 0xE0041FE0)
T2474 000:103.422   CPU_ReadMem(4 bytes @ 0xE0041FBC)
T2474 000:103.678   CPU_ReadMem(4 bytes @ 0xE0041FCC)
T2474 000:103.921   [1][5]: E0041000 CID B105900D PID 002BBD21 DEVARCH 47724A13 DEVTYPE 13 ETM
T2474 000:103.954   CPU_ReadMem(32 bytes @ 0xE0042FE0)
T2474 000:104.308   CPU_ReadMem(4 bytes @ 0xE0042FBC)
T2474 000:104.610   CPU_ReadMem(4 bytes @ 0xE0042FCC)
T2474 000:104.821   [1][6]: E0042000 CID B105900D PID 000BBD21 DEVARCH 47701A14 DEVTYPE 14 CSS600-CTI
T2474 000:104.861   CPU_ReadMem(4 bytes @ 0xE000EDF0)
T2474 000:105.072   Data:  01 00 10 01
T2474 000:105.083   Debug reg: DHCSR
T2474 000:105.092 - 26.150ms returns 0
T2474 000:105.126 JLINK_ReadMem(0x400E002C, 0x4 Bytes, ...)
T2474 000:105.134   CPU_ReadMem(4 bytes @ 0x400E002C)
T2474 000:105.353   Data:  02 00 00 00
T2474 000:105.366 - 0.239ms returns 0
T2474 000:105.392 JLINK_ReadMem(0xE000EDF0, 0x4 Bytes, ...)
T2474 000:105.424   CPU_ReadMem(4 bytes @ 0xE000EDF0)
T2474 000:105.678   Data:  01 00 10 01
T2474 000:105.690   Debug reg: DHCSR
T2474 000:105.698 - 0.306ms returns 0
T2474 000:105.722 JLINK_ReadMem(0xE000EDF0, 0x4 Bytes, ...)
T2474 000:105.729   CPU_ReadMem(4 bytes @ 0xE000EDF0)
T2474 000:105.940   Data:  01 00 10 01
T2474 000:105.950   Debug reg: DHCSR
T2474 000:105.959 - 0.237ms returns 0
T2474 000:105.967 JLINK_ReadMem(0x400E001C, 0x4 Bytes, ...)
T2474 000:105.974   CPU_ReadMem(4 bytes @ 0x400E001C)
T2474 000:106.207   Data:  00 FC FF 00
T2474 000:106.218 - 0.251ms returns 0
T2474 000:106.228 JLINK_ReadMem(0xE000EDF0, 0x4 Bytes, ...)
T2474 000:106.235   CPU_ReadMem(4 bytes @ 0xE000EDF0)
T2474 000:106.436   Data:  01 00 10 01
T2474 000:106.445   Debug reg: DHCSR
T2474 000:106.477 - 0.248ms returns 0
T2474 000:106.488 JLINK_ReadMem(0x400E0018, 0x4 Bytes, ...)
T2474 000:106.499   CPU_ReadMem(4 bytes @ 0x400E0018)
T2474 000:106.754   Data:  00 80 FF 00
T2474 000:106.764 - 0.276ms returns 0
T2474 000:106.776 JLINK_ReadMem(0xE000EDF0, 0x4 Bytes, ...)
T2474 000:106.783   CPU_ReadMem(4 bytes @ 0xE000EDF0)
T2474 000:106.984   Data:  01 00 10 01
T2474 000:106.996   Debug reg: DHCSR
T2474 000:107.004 - 0.228ms returns 0
T2474 000:107.014 JLINK_ReadMem(0x400E0020, 0x4 Bytes, ...)
T2474 000:107.023   CPU_ReadMem(4 bytes @ 0x400E0020)
T2474 000:107.252   Data:  00 FC 00 00
T2474 000:107.261 - 0.247ms returns 0
T2474 000:107.271 JLINK_ReadMem(0xE000EDF0, 0x4 Bytes, ...)
T2474 000:107.278   CPU_ReadMem(4 bytes @ 0xE000EDF0)
T2474 000:107.477   Data:  01 00 10 01
T2474 000:107.496   Debug reg: DHCSR
T2474 000:107.505 - 0.234ms returns 0
T2474 000:107.513 JLINK_ReadMem(0x400E0028, 0x4 Bytes, ...)
T2474 000:107.521   CPU_ReadMem(4 bytes @ 0x400E0028)
T2474 000:107.769   Data:  00 FC 1F 00
T2474 000:107.781 - 0.267ms returns 0
T2474 000:107.791 JLINK_ReadMem(0xE000EDF0, 0x4 Bytes, ...)
T2474 000:107.799   CPU_ReadMem(4 bytes @ 0xE000EDF0)
T2474 000:108.002   Data:  01 00 10 01
T2474 000:108.010   Debug reg: DHCSR
T2474 000:108.020 - 0.228ms returns 0
T2474 000:108.028 JLINK_ReadMem(0x400E0024, 0x4 Bytes, ...)
T2474 000:108.035   CPU_ReadMem(4 bytes @ 0x400E0024)
T2474 000:108.231   Data:  00 E0 1F 00
T2474 000:108.240 - 0.212ms returns 0
T2474 000:108.248 JLINK_ReadMem(0xE000EDF0, 0x4 Bytes, ...)
T2474 000:108.255   CPU_ReadMem(4 bytes @ 0xE000EDF0)
T2474 000:108.445   Data:  01 00 10 01
T2474 000:108.454   Debug reg: DHCSR
T2474 000:108.462 - 0.213ms returns 0
T2474 000:108.469 JLINK_ReadMem(0x400E002C, 0x4 Bytes, ...)
T2474 000:108.475   CPU_ReadMem(4 bytes @ 0x400E002C)
T2474 000:108.699   Data:  02 00 00 00
T2474 000:108.711 - 0.242ms returns 0
T2474 000:108.721 JLINK_ReadMem(0xE000EDF0, 0x4 Bytes, ...)
T2474 000:108.728   CPU_ReadMem(4 bytes @ 0xE000EDF0)
T2474 000:108.935   Data:  01 00 10 01
T2474 000:108.944   Debug reg: DHCSR
T2474 000:108.956 - 0.235ms returns 0
T2474 000:108.963 JLINK_ReadMem(0x400E002C, 0x4 Bytes, ...)
T2474 000:108.969   CPU_ReadMem(4 bytes @ 0x400E002C)
T2474 000:109.171   Data:  02 00 00 00
T2474 000:109.182 - 0.218ms returns 0
T2474 000:110.711 JLINK_Close()
T2474 000:128.172 - 17.459ms
T2474 000:128.195   
T2474 000:128.201   Closed
