T1DB4 000:000.400   SEGGER J-Link V7.98b Log File
T1DB4 000:000.484   DLL Compiled: Jul 31 2024 16:10:46
T1DB4 000:000.490   Logging started @ 2025-02-17 14:40
T1DB4 000:000.496   Process: C:\Users\a8456\.eclipse\com.renesas.platform_1291987301\DebugComp\RA\e2-server-gdb.exe
T1DB4 000:000.503 - 0.501ms
T1DB4 000:000.514 JLINK_GetDLLVersion()
T1DB4 000:000.520 - 0.006ms returns 79802
T1DB4 000:001.790 JLINK_OpenEx(...)
T1DB4 000:005.546   Firmware: J-Link V9 compiled May  7 2021 16:26:12
T1DB4 000:006.126   Firmware: J-Link V9 compiled May  7 2021 16:26:12
T1DB4 000:006.297   Decompressing FW timestamp took 156 us
T1DB4 000:011.673   Hardware: V9.60
T1DB4 000:011.690   S/N: 69660718
T1DB4 000:011.698   OEM: SEGGER
T1DB4 000:011.706   Feature(s): RDI, GDB, FlashDL, FlashBP, JFlash
T1DB4 000:012.094   Bootloader: (Could not read)
T1DB4 000:012.600   TELNET listener socket opened on port 19021
T1DB4 000:012.689   WEBSRV WEBSRV_Init(): Starting webserver thread(s)
T1DB4 000:012.801   WEBSRV Webserver running on local port 19080
T1DB4 000:012.890   Looking for J-Link GUI Server exe at: C:\Users\a8456\.eclipse\com.renesas.platform_1291987301\DebugComp\RA\ARM\Segger_v7.98.2\JLinkGUIServer.exe
T1DB4 000:012.961   Looking for J-Link GUI Server exe at: C:\Program Files\SEGGER\JLink_V796h\JLinkGUIServer.exe
T1DB4 000:012.985   Forking J-Link GUI Server: C:\Program Files\SEGGER\JLink_V796h\JLinkGUIServer.exe
T1DB4 000:054.546   J-Link GUI Server info: "J-Link GUI server V7.96h "
T1DB4 000:058.347 - 56.550ms returns "O.K."
T1DB4 000:058.460 JLINK_ExecCommand("ProjectFile=C:\Users\a8456\e2_studio\workspace_5.5\RA4M2_Project14/RA4M2_Project14.elf.jlink", ...). 
T1DB4 000:071.443 - 12.988ms returns 0x00
T1DB4 000:071.676 JLINK_ExecCommand("device=R7FA4M2AD", ...). 
T1DB4 000:072.411   Flash bank @ 0x0100A100: SFL: Parsing sectorization info from ELF file
T1DB4 000:072.425     FlashDevice.SectorInfo[0]: .SectorSize = 0x00000010, .SectorStartAddr = 0x00000000
T1DB4 000:072.433   FlashBank @0x0100A100: Sectorization info from SFL ELF file ignored because sectorization override from DLL / XML file is active.
T1DB4 000:072.624   Flash bank @ 0x60000000: SFL: Parsing sectorization info from ELF file
T1DB4 000:072.636     FlashDevice.SectorInfo[0]: .SectorSize = 0x00010000, .SectorStartAddr = 0x00000000
T1DB4 000:075.503   Device "R7FA4M2AD" selected.
T1DB4 000:075.804 - 4.118ms returns 0x00
T1DB4 000:075.822 JLINK_TIF_GetAvailable(...)
T1DB4 000:075.973 - 0.152ms
T1DB4 000:075.982 JLINK_TIF_Select(JLINKARM_TIF_SWD)
T1DB4 000:076.580 - 0.598ms returns 0x00
T1DB4 000:076.589 JLINK_SetSpeed(4000)
T1DB4 000:076.681 - 0.093ms
T1DB4 000:076.697 JLINK_ReadMem(0xE000EDF0, 0x4 Bytes, ...)
T1DB4 000:076.860   ConfigTargetSettings() start
T1DB4 000:076.876    J-Link Script File: Executing ConfigTargetSettings()
T1DB4 000:076.886   Configuring FlashDLNoRMWThreshold=0x200 in order to make sure that option bytes programming is done via read-modify-write
T1DB4 000:081.269   ConfigTargetSettings() end - Took 4.39ms
T1DB4 000:081.284   InitTarget() start
T1DB4 000:081.292    J-Link Script File: Executing InitTarget()
T1DB4 000:081.299   SWD selected. Executing JTAG -> SWD switching sequence.
T1DB4 000:082.667   DAP initialized successfully.
T1DB4 000:082.681   Determining TrustZone configuration...
T1DB4 000:083.311     Secure Debug: Enabled (SSD)
T1DB4 000:083.326   Determining currently configured transfer type by reading the AHB-AP CSW register.
T1DB4 000:083.849     --> Correct transfer type configured. Done.
T1DB4 000:083.858   InitTarget() end - Took 2.56ms
T1DB4 000:084.326   Found SW-DP with ID 0x6BA02477
T1DB4 000:085.921   DPIDR: 0x6BA02477
T1DB4 000:085.931   CoreSight SoC-400 or earlier
T1DB4 000:085.939   Scanning AP map to find all available APs
T1DB4 000:086.523   AP[2]: Stopped AP scan as end of AP map has been reached
T1DB4 000:086.539   AP[0]: AHB-AP (IDR: 0x84770001)
T1DB4 000:086.547   AP[1]: APB-AP (IDR: 0x54770002)
T1DB4 000:086.555   Iterating through AP map to find AHB-AP to use
T1DB4 000:087.330   AP[0]: Core found
T1DB4 000:087.366   AP[0]: AHB-AP ROM base: 0xE00FE000
T1DB4 000:087.731   CPUID register: 0x410FD214. Implementer code: 0x41 (ARM)
T1DB4 000:087.741   Feature set: Mainline
T1DB4 000:088.162   Cache: No cache
T1DB4 000:088.176   Found Cortex-M33 r0p4, Little endian.
T1DB4 000:088.414   -- Max. mem block: 0x00010A88
T1DB4 000:088.849   
  ***** Warning: 
T1DB4 000:088.859   Cortex-M (ARMv8-M and later): The connected J-Link (S/N 69660718) uses an old firmware module that does not handle I/D-cache correctly. Proper debugging functionality cannot be guaranteed if cache is enabled
T1DB4 000:088.872   CPU_ReadMem(4 bytes @ 0xE000EDF0)
T1DB4 000:089.096   CPU_WriteMem(4 bytes @ 0xE000EDF0)
T1DB4 000:089.312   CPU_ReadMem(4 bytes @ 0xE0002000)
T1DB4 000:089.557   FPUnit: 8 code (BP) slots and 0 literal slots
T1DB4 000:089.568   CPU_ReadMem(4 bytes @ 0xE000EDFC)
T1DB4 000:089.767   CPU_WriteMem(4 bytes @ 0xE000EDFC)
T1DB4 000:090.039   CPU_ReadMem(4 bytes @ 0xE0001000)
T1DB4 000:090.265   CPU_ReadMem(4 bytes @ 0xE0001000)
T1DB4 000:090.500   CPU_ReadMem(4 bytes @ 0xE0001028)
T1DB4 000:090.732   CPU_ReadMem(4 bytes @ 0xE0001038)
T1DB4 000:091.040   CPU_ReadMem(4 bytes @ 0xE0001048)
T1DB4 000:091.264   CPU_ReadMem(4 bytes @ 0xE0001058)
T1DB4 000:091.467   CPU_WriteMem(4 bytes @ 0xE0001000)
T1DB4 000:091.687   CPU_ReadMem(4 bytes @ 0xE000ED88)
T1DB4 000:091.894   CPU_WriteMem(4 bytes @ 0xE000ED88)
T1DB4 000:092.114   CPU_ReadMem(4 bytes @ 0xE000ED88)
T1DB4 000:092.356   CPU_WriteMem(4 bytes @ 0xE000ED88)
T1DB4 000:092.605   CPU_ReadMem(4 bytes @ 0xE000EFB8)
T1DB4 000:092.844   Security extension: implemented
T1DB4 000:092.855   Secure debug: enabled
T1DB4 000:092.863   CoreSight components:
T1DB4 000:092.871   ROMTbl[0] @ E00FE000
T1DB4 000:092.879   CPU_ReadMem(64 bytes @ 0xE00FE000)
T1DB4 000:093.370   CPU_ReadMem(32 bytes @ 0xE0044FE0)
T1DB4 000:093.709   CPU_ReadMem(4 bytes @ 0xE0044FBC)
T1DB4 000:093.941   CPU_ReadMem(4 bytes @ 0xE0044FCC)
T1DB4 000:094.141   [0][0]: E0044000 CID B105900D PID 005BB906 DEVARCH 00000000 DEVTYPE 14 CTI (?)
T1DB4 000:094.149   CPU_ReadMem(32 bytes @ 0xE0047FE0)
T1DB4 000:094.486   CPU_ReadMem(4 bytes @ 0xE0047FBC)
T1DB4 000:094.706   CPU_ReadMem(4 bytes @ 0xE0047FCC)
T1DB4 000:094.943   [0][1]: E0047000 CID B105900D PID 003BB908 DEVARCH 00000000 DEVTYPE 12 CSTF
T1DB4 000:094.951   CPU_ReadMem(32 bytes @ 0xE0048FE0)
T1DB4 000:095.312   CPU_ReadMem(4 bytes @ 0xE0048FBC)
T1DB4 000:095.514   CPU_ReadMem(4 bytes @ 0xE0048FCC)
T1DB4 000:095.717   [0][2]: E0048000 CID B105900D PID 001BB961 DEVARCH 00000000 DEVTYPE 21 ETB
T1DB4 000:095.726   CPU_ReadMem(32 bytes @ 0xE0049FE0)
T1DB4 000:096.059   [0][3]: E0049000 CID B105F00D PID 001BB101 TSG
T1DB4 000:096.067   CPU_ReadMem(32 bytes @ 0xE0040FE0)
T1DB4 000:096.415   CPU_ReadMem(4 bytes @ 0xE0040FBC)
T1DB4 000:096.618   CPU_ReadMem(4 bytes @ 0xE0040FCC)
T1DB4 000:096.848   [0][4]: E0040000 CID B105900D PID 000BBD21 DEVARCH 00000000 DEVTYPE 11 TPIU
T1DB4 000:096.864   CPU_ReadMem(32 bytes @ 0xE00FFFE0)
T1DB4 000:097.241   [0][5]: E00FF000 CID B105100D PID 000BB4C9 ROM Table
T1DB4 000:097.252   ROMTbl[1] @ E00FF000
T1DB4 000:097.260   CPU_ReadMem(64 bytes @ 0xE00FF000)
T1DB4 000:097.761   CPU_ReadMem(32 bytes @ 0xE000EFE0)
T1DB4 000:098.140   CPU_ReadMem(4 bytes @ 0xE000EFBC)
T1DB4 000:098.342   CPU_ReadMem(4 bytes @ 0xE000EFCC)
T1DB4 000:098.569   [1][0]: E000E000 CID B105900D PID 000BBD21 DEVARCH 47702A04 DEVTYPE 00 Cortex-M33
T1DB4 000:098.578   CPU_ReadMem(32 bytes @ 0xE0001FE0)
T1DB4 000:098.915   CPU_ReadMem(4 bytes @ 0xE0001FBC)
T1DB4 000:099.117   CPU_ReadMem(4 bytes @ 0xE0001FCC)
T1DB4 000:099.356   [1][1]: E0001000 CID B105900D PID 000BBD21 DEVARCH 47701A02 DEVTYPE 00 DWT
T1DB4 000:099.364   CPU_ReadMem(32 bytes @ 0xE0002FE0)
T1DB4 000:099.708   CPU_ReadMem(4 bytes @ 0xE0002FBC)
T1DB4 000:099.935   CPU_ReadMem(4 bytes @ 0xE0002FCC)
T1DB4 000:100.150   [1][2]: E0002000 CID B105900D PID 000BBD21 DEVARCH 47701A03 DEVTYPE 00 FPB
T1DB4 000:100.158   CPU_ReadMem(32 bytes @ 0xE0000FE0)
T1DB4 000:100.518   CPU_ReadMem(4 bytes @ 0xE0000FBC)
T1DB4 000:100.731   CPU_ReadMem(4 bytes @ 0xE0000FCC)
T1DB4 000:100.940   [1][3]: E0000000 CID B105900D PID 000BBD21 DEVARCH 47701A01 DEVTYPE 43 ITM
T1DB4 000:100.949   CPU_ReadMem(32 bytes @ 0xE0041FE0)
T1DB4 000:101.288   CPU_ReadMem(4 bytes @ 0xE0041FBC)
T1DB4 000:101.515   CPU_ReadMem(4 bytes @ 0xE0041FCC)
T1DB4 000:101.717   [1][5]: E0041000 CID B105900D PID 002BBD21 DEVARCH 47724A13 DEVTYPE 13 ETM
T1DB4 000:101.725   CPU_ReadMem(32 bytes @ 0xE0042FE0)
T1DB4 000:102.077   CPU_ReadMem(4 bytes @ 0xE0042FBC)
T1DB4 000:102.319   CPU_ReadMem(4 bytes @ 0xE0042FCC)
T1DB4 000:102.546   [1][6]: E0042000 CID B105900D PID 000BBD21 DEVARCH 47701A14 DEVTYPE 14 CSS600-CTI
T1DB4 000:102.578   CPU_ReadMem(4 bytes @ 0xE000EDF0)
T1DB4 000:102.844   Data:  01 00 10 01
T1DB4 000:102.853   Debug reg: DHCSR
T1DB4 000:102.861 - 26.164ms returns 0
T1DB4 000:102.893 JLINK_ReadMem(0x400E002C, 0x4 Bytes, ...)
T1DB4 000:102.901   CPU_ReadMem(4 bytes @ 0x400E002C)
T1DB4 000:103.140   Data:  01 00 00 00
T1DB4 000:103.149 - 0.255ms returns 0
T1DB4 000:103.168 JLINK_ReadMem(0xE000EDF0, 0x4 Bytes, ...)
T1DB4 000:103.175   CPU_ReadMem(4 bytes @ 0xE000EDF0)
T1DB4 000:103.398   Data:  01 00 10 01
T1DB4 000:103.406   Debug reg: DHCSR
T1DB4 000:103.414 - 0.245ms returns 0
T1DB4 000:103.434 JLINK_ReadMem(0xE000EDF0, 0x4 Bytes, ...)
T1DB4 000:103.440   CPU_ReadMem(4 bytes @ 0xE000EDF0)
T1DB4 000:103.639   Data:  01 00 10 01
T1DB4 000:103.647   Debug reg: DHCSR
T1DB4 000:103.655 - 0.221ms returns 0
T1DB4 000:103.662 JLINK_ReadMem(0x400E001C, 0x4 Bytes, ...)
T1DB4 000:103.668   CPU_ReadMem(4 bytes @ 0x400E001C)
T1DB4 000:103.890   Data:  00 FC FF 00
T1DB4 000:103.903 - 0.240ms returns 0
T1DB4 000:103.915 JLINK_ReadMem(0xE000EDF0, 0x4 Bytes, ...)
T1DB4 000:103.923   CPU_ReadMem(4 bytes @ 0xE000EDF0)
T1DB4 000:104.195   Data:  01 00 10 01
T1DB4 000:104.224   Debug reg: DHCSR
T1DB4 000:104.245 - 0.330ms returns 0
T1DB4 000:104.253 JLINK_ReadMem(0x400E0018, 0x4 Bytes, ...)
T1DB4 000:104.261   CPU_ReadMem(4 bytes @ 0x400E0018)
T1DB4 000:104.490   Data:  00 80 FF 00
T1DB4 000:104.504 - 0.250ms returns 0
T1DB4 000:104.515 JLINK_ReadMem(0xE000EDF0, 0x4 Bytes, ...)
T1DB4 000:104.522   CPU_ReadMem(4 bytes @ 0xE000EDF0)
T1DB4 000:104.846   Data:  01 00 10 01
T1DB4 000:104.858   Debug reg: DHCSR
T1DB4 000:104.866 - 0.352ms returns 0
T1DB4 000:104.874 JLINK_ReadMem(0x400E0020, 0x4 Bytes, ...)
T1DB4 000:104.882   CPU_ReadMem(4 bytes @ 0x400E0020)
T1DB4 000:105.145   Data:  00 FC 00 00
T1DB4 000:105.154 - 0.279ms returns 0
T1DB4 000:105.164 JLINK_ReadMem(0xE000EDF0, 0x4 Bytes, ...)
T1DB4 000:105.171   CPU_ReadMem(4 bytes @ 0xE000EDF0)
T1DB4 000:105.412   Data:  01 00 10 01
T1DB4 000:105.420   Debug reg: DHCSR
T1DB4 000:105.428 - 0.264ms returns 0
T1DB4 000:105.435 JLINK_ReadMem(0x400E0028, 0x4 Bytes, ...)
T1DB4 000:105.441   CPU_ReadMem(4 bytes @ 0x400E0028)
T1DB4 000:105.640   Data:  00 FC 1F 00
T1DB4 000:105.648 - 0.213ms returns 0
T1DB4 000:105.656 JLINK_ReadMem(0xE000EDF0, 0x4 Bytes, ...)
T1DB4 000:105.663   CPU_ReadMem(4 bytes @ 0xE000EDF0)
T1DB4 000:105.887   Data:  01 00 10 01
T1DB4 000:105.895   Debug reg: DHCSR
T1DB4 000:105.904 - 0.247ms returns 0
T1DB4 000:105.911 JLINK_ReadMem(0x400E0024, 0x4 Bytes, ...)
T1DB4 000:105.917   CPU_ReadMem(4 bytes @ 0x400E0024)
T1DB4 000:106.140   Data:  00 E0 1F 00
T1DB4 000:106.149 - 0.237ms returns 0
T1DB4 000:106.157 JLINK_ReadMem(0xE000EDF0, 0x4 Bytes, ...)
T1DB4 000:106.163   CPU_ReadMem(4 bytes @ 0xE000EDF0)
T1DB4 000:106.434   Data:  01 00 10 01
T1DB4 000:106.447   Debug reg: DHCSR
T1DB4 000:106.455 - 0.298ms returns 0
T1DB4 000:106.464 JLINK_ReadMem(0x400E002C, 0x4 Bytes, ...)
T1DB4 000:106.472   CPU_ReadMem(4 bytes @ 0x400E002C)
T1DB4 000:106.687   Data:  01 00 00 00
T1DB4 000:106.701 - 0.237ms returns 0
T1DB4 000:116.921 JLINK_Close()
T1DB4 000:123.531 - 6.609ms
T1DB4 000:123.544   
T1DB4 000:123.549   Closed
