T15CC 000:000.581   SEGGER J-Link V8.12c Log File
T15CC 000:000.687   DLL Compiled: Jan 22 2025 12:55:59
T15CC 000:000.693   Logging started @ 2025-03-02 11:49
T15CC 000:000.699   Process: C:\Users\a8456\.eclipse\com.renesas.platform_1309835749\DebugComp\RA\e2-server-gdb.exe
T15CC 000:000.708 - 0.704ms 
T15CC 000:000.721 JLINK_GetDLLVersion()
T15CC 000:000.728 - 0.007ms returns 81203
T15CC 000:005.441 JLINK_OpenEx(...)
T15CC 000:013.468   Firmware: J-Link V9 compiled May  7 2021 16:26:12
T15CC 000:013.935   Firmware: J-Link V9 compiled May  7 2021 16:26:12
T15CC 000:014.058   Decompressing FW timestamp took 92 us
T15CC 000:019.676   Hardware: V9.60
T15CC 000:019.719   S/N: 69660718
T15CC 000:019.748   OEM: SEGGER
T15CC 000:019.763   Feature(s): RDI, GDB, FlashDL, FlashBP, JFlash
T15CC 000:020.404   Bootloader: (FW returned invalid version)
T15CC 000:021.080   TELNET listener socket opened on port 19021
T15CC 000:021.382   WEBSRV WEBSRV_Init(): Starting webserver thread(s)
T15CC 000:021.675   WEBSRV Webserver running on local port 19080
T15CC 000:021.815   Looking for J-Link GUI Server exe at: C:\Users\a8456\.eclipse\com.renesas.platform_1309835749\DebugComp\RA\ARM\Segger_v8.12.3\JLinkGUIServer.exe
T15CC 000:021.954   Looking for J-Link GUI Server exe at: C:\Program Files\SEGGER\JLink_V796h\JLinkGUIServer.exe
T15CC 000:021.984   Forking J-Link GUI Server: C:\Program Files\SEGGER\JLink_V796h\JLinkGUIServer.exe
T15CC 000:047.916   J-Link GUI Server info: "J-Link GUI server V7.96h "
T15CC 000:053.410 - 47.969ms returns "O.K."
T15CC 000:053.498 JLINK_ExecCommand("ProjectFile=C:\Users\a8456\e2_studio\workspace_5.8\RA4M2_Project18/RA4M2_Project18 Debug_Flat.jlink", ...). 
T15CC 000:066.550 - 13.052ms returns 0x00
T15CC 000:066.791 JLINK_ExecCommand("device=R7FA4M2AD", ...). 
T15CC 000:067.698   Flash bank @ 0x0100A100: SFL: Parsing sectorization info from ELF file
T15CC 000:067.737     FlashDevice.SectorInfo[0]: .SectorSize = 0x00000010, .SectorStartAddr = 0x00000000
T15CC 000:067.753   FlashBank @0x0100A100: Sectorization info from SFL ELF file ignored because sectorization override from DLL / XML file is active.
T15CC 000:068.067   Flash bank @ 0x60000000: SFL: Parsing sectorization info from ELF file
T15CC 000:068.100     FlashDevice.SectorInfo[0]: .SectorSize = 0x00010000, .SectorStartAddr = 0x00000000
T15CC 000:071.506   Device "R7FA4M2AD" selected.
T15CC 000:071.931 - 5.129ms returns 0x00
T15CC 000:071.954 JLINK_TIF_GetAvailable(...)
T15CC 000:072.152 - 0.198ms 
T15CC 000:072.168 JLINK_TIF_Select(JLINKARM_TIF_SWD)
T15CC 000:072.631 - 0.462ms returns 0x00
T15CC 000:072.646 JLINK_SetSpeed(4000)
T15CC 000:072.715 - 0.069ms 
T15CC 000:072.732 JLINK_ReadMem(0xE000EDF0, 0x4 Bytes, ...)
T15CC 000:072.874   ConfigTargetSettings() start
T15CC 000:072.886    J-Link Script File: Executing ConfigTargetSettings()
T15CC 000:072.895   Configuring FlashDLNoRMWThreshold=0x200 in order to make sure that option bytes programming is done via read-modify-write
T15CC 000:078.595   ConfigTargetSettings() end - Took 5.70ms
T15CC 000:078.611   InitTarget() start
T15CC 000:078.620    J-Link Script File: Executing InitTarget()
T15CC 000:078.628   SWD selected. Executing JTAG -> SWD switching sequence.
T15CC 000:080.025   DAP initialized successfully.
T15CC 000:080.044   Determining TrustZone configuration...
T15CC 000:080.806     Secure Debug: Enabled (SSD)
T15CC 000:080.834   Determining currently configured transfer type by reading the AHB-AP CSW register.
T15CC 000:081.346     --> Correct transfer type configured. Done.
T15CC 000:081.364   InitTarget() end - Took 2.74ms
T15CC 000:081.822   Found SW-DP with ID 0x6BA02477
T15CC 000:083.485   DPIDR: 0x6BA02477
T15CC 000:083.501   CoreSight SoC-400 or earlier
T15CC 000:083.511   Scanning AP map to find all available APs
T15CC 000:084.205   AP[2]: Stopped AP scan as end of AP map has been reached
T15CC 000:084.240   AP[0]: AHB-AP (IDR: 0x84770001, ADDR: 0x00000000)
T15CC 000:084.256   AP[1]: APB-AP (IDR: 0x54770002, ADDR: 0x01000000)
T15CC 000:084.273   Iterating through AP map to find AHB-AP to use
T15CC 000:085.286   AP[0]: Core found
T15CC 000:085.327   AP[0]: AHB-AP ROM base: 0xE00FE000
T15CC 000:085.725   CPUID register: 0x410FD214. Implementer code: 0x41 (ARM)
T15CC 000:085.772   Feature set: Mainline
T15CC 000:086.209   Cache: No cache
T15CC 000:086.242   Found Cortex-M33 r0p4, Little endian.
T15CC 000:086.513   -- Max. mem block: 0x00010C40
T15CC 000:086.962   
  ***** Warning: 
T15CC 000:086.990   Cortex-M (ARMv8-M and later): The connected J-Link (S/N 69660718) uses an old firmware module that does not handle I/D-cache correctly. Proper debugging functionality cannot be guaranteed if cache is enabled
T15CC 000:087.026   CPU_ReadMem(4 bytes @ 0xE000EDF0)
T15CC 000:087.255   CPU_WriteMem(4 bytes @ 0xE000EDF0)
T15CC 000:087.496   CPU_ReadMem(4 bytes @ 0xE0002000)
T15CC 000:087.732   FPUnit: 8 code (BP) slots and 0 literal slots
T15CC 000:087.761   CPU_ReadMem(4 bytes @ 0xE000EDFC)
T15CC 000:087.994   CPU_WriteMem(4 bytes @ 0xE000EDFC)
T15CC 000:088.238   CPU_ReadMem(4 bytes @ 0xE0001000)
T15CC 000:088.456   CPU_ReadMem(4 bytes @ 0xE0001000)
T15CC 000:088.677   CPU_ReadMem(4 bytes @ 0xE0001028)
T15CC 000:088.904   CPU_ReadMem(4 bytes @ 0xE0001038)
T15CC 000:089.150   CPU_ReadMem(4 bytes @ 0xE0001048)
T15CC 000:089.405   CPU_ReadMem(4 bytes @ 0xE0001058)
T15CC 000:089.667   CPU_WriteMem(4 bytes @ 0xE0001000)
T15CC 000:089.927   CPU_ReadMem(4 bytes @ 0xE000ED88)
T15CC 000:090.154   CPU_WriteMem(4 bytes @ 0xE000ED88)
T15CC 000:090.401   CPU_ReadMem(4 bytes @ 0xE000ED88)
T15CC 000:090.646   CPU_WriteMem(4 bytes @ 0xE000ED88)
T15CC 000:090.914   CPU_ReadMem(4 bytes @ 0xE000EFB8)
T15CC 000:091.161   Security extension: implemented
T15CC 000:091.171   Secure debug: enabled
T15CC 000:091.179   CoreSight components:
T15CC 000:091.188   ROMTbl[0] @ E00FE000
T15CC 000:091.196   CPU_ReadMem(64 bytes @ 0xE00FE000)
T15CC 000:091.684   CPU_ReadMem(32 bytes @ 0xE0044FE0)
T15CC 000:092.052   CPU_ReadMem(4 bytes @ 0xE0044FBC)
T15CC 000:092.317   CPU_ReadMem(4 bytes @ 0xE0044FCC)
T15CC 000:092.534   [0][0]: E0044000 CID B105900D PID 005BB906 DEVARCH 00000000 DEVTYPE 14 CTI (?)
T15CC 000:092.547   CPU_ReadMem(32 bytes @ 0xE0047FE0)
T15CC 000:092.895   CPU_ReadMem(4 bytes @ 0xE0047FBC)
T15CC 000:093.159   CPU_ReadMem(4 bytes @ 0xE0047FCC)
T15CC 000:093.363   [0][1]: E0047000 CID B105900D PID 003BB908 DEVARCH 00000000 DEVTYPE 12 CSTF
T15CC 000:093.376   CPU_ReadMem(32 bytes @ 0xE0048FE0)
T15CC 000:093.760   CPU_ReadMem(4 bytes @ 0xE0048FBC)
T15CC 000:093.989   CPU_ReadMem(4 bytes @ 0xE0048FCC)
T15CC 000:094.226   [0][2]: E0048000 CID B105900D PID 001BB961 DEVARCH 00000000 DEVTYPE 21 TMC
T15CC 000:094.239   CPU_ReadMem(32 bytes @ 0xE0049FE0)
T15CC 000:094.597   [0][3]: E0049000 CID B105F00D PID 001BB101 TSG
T15CC 000:094.614   CPU_ReadMem(32 bytes @ 0xE0040FE0)
T15CC 000:094.948   CPU_ReadMem(4 bytes @ 0xE0040FBC)
T15CC 000:095.155   CPU_ReadMem(4 bytes @ 0xE0040FCC)
T15CC 000:095.375   [0][4]: E0040000 CID B105900D PID 000BBD21 DEVARCH 00000000 DEVTYPE 11 TPIU
T15CC 000:095.392   CPU_ReadMem(32 bytes @ 0xE00FFFE0)
T15CC 000:095.761   [0][5]: E00FF000 CID B105100D PID 000BB4C9 ROM Table
T15CC 000:095.773   ROMTbl[1] @ E00FF000
T15CC 000:095.782   CPU_ReadMem(64 bytes @ 0xE00FF000)
T15CC 000:096.296   CPU_ReadMem(32 bytes @ 0xE000EFE0)
T15CC 000:096.662   CPU_ReadMem(4 bytes @ 0xE000EFBC)
T15CC 000:096.866   CPU_ReadMem(4 bytes @ 0xE000EFCC)
T15CC 000:097.158   [1][0]: E000E000 CID B105900D PID 000BBD21 DEVARCH 47702A04 DEVTYPE 00 Cortex-M33
T15CC 000:097.169   CPU_ReadMem(32 bytes @ 0xE0001FE0)
T15CC 000:097.543   CPU_ReadMem(4 bytes @ 0xE0001FBC)
T15CC 000:097.760   CPU_ReadMem(4 bytes @ 0xE0001FCC)
T15CC 000:097.973   [1][1]: E0001000 CID B105900D PID 000BBD21 DEVARCH 47701A02 DEVTYPE 00 DWT
T15CC 000:097.982   CPU_ReadMem(32 bytes @ 0xE0002FE0)
T15CC 000:098.340   CPU_ReadMem(4 bytes @ 0xE0002FBC)
T15CC 000:098.550   CPU_ReadMem(4 bytes @ 0xE0002FCC)
T15CC 000:098.764   [1][2]: E0002000 CID B105900D PID 000BBD21 DEVARCH 47701A03 DEVTYPE 00 FPB
T15CC 000:098.810   CPU_ReadMem(32 bytes @ 0xE0000FE0)
T15CC 000:099.210   CPU_ReadMem(4 bytes @ 0xE0000FBC)
T15CC 000:099.444   CPU_ReadMem(4 bytes @ 0xE0000FCC)
T15CC 000:099.660   [1][3]: E0000000 CID B105900D PID 000BBD21 DEVARCH 47701A01 DEVTYPE 43 ITM
T15CC 000:099.674   CPU_ReadMem(32 bytes @ 0xE0041FE0)
T15CC 000:100.029   CPU_ReadMem(4 bytes @ 0xE0041FBC)
T15CC 000:100.227   CPU_ReadMem(4 bytes @ 0xE0041FCC)
T15CC 000:100.455   [1][5]: E0041000 CID B105900D PID 002BBD21 DEVARCH 47724A13 DEVTYPE 13 ETM
T15CC 000:100.465   CPU_ReadMem(32 bytes @ 0xE0042FE0)
T15CC 000:100.833   CPU_ReadMem(4 bytes @ 0xE0042FBC)
T15CC 000:101.076   CPU_ReadMem(4 bytes @ 0xE0042FCC)
T15CC 000:101.349   [1][6]: E0042000 CID B105900D PID 000BBD21 DEVARCH 47701A14 DEVTYPE 14 CSS600-CTI
T15CC 000:101.433   CPU_ReadMem(4 bytes @ 0xE000EDF0)
T15CC 000:101.750   Data:  01 00 10 01
T15CC 000:101.774   Debug reg: DHCSR
T15CC 000:101.789 - 29.056ms returns 0
T15CC 000:101.835 JLINK_ReadMem(0x400E002C, 0x4 Bytes, ...)
T15CC 000:101.857   CPU_ReadMem(4 bytes @ 0x400E002C)
T15CC 000:102.071   Data:  01 00 00 00
T15CC 000:102.087 - 0.251ms returns 0
T15CC 000:102.117 JLINK_ReadMem(0xE000EDF0, 0x4 Bytes, ...)
T15CC 000:102.127   CPU_ReadMem(4 bytes @ 0xE000EDF0)
T15CC 000:102.348   Data:  01 00 10 01
T15CC 000:102.365   Debug reg: DHCSR
T15CC 000:102.373 - 0.256ms returns 0
T15CC 000:102.400 JLINK_ReadMem(0xE000EDF0, 0x4 Bytes, ...)
T15CC 000:102.409   CPU_ReadMem(4 bytes @ 0xE000EDF0)
T15CC 000:102.617   Data:  01 00 10 01
T15CC 000:102.630   Debug reg: DHCSR
T15CC 000:102.638 - 0.238ms returns 0
T15CC 000:102.646 JLINK_ReadMem(0x400E001C, 0x4 Bytes, ...)
T15CC 000:102.654   CPU_ReadMem(4 bytes @ 0x400E001C)
T15CC 000:102.873   Data:  00 FC FF 00
T15CC 000:102.882 - 0.235ms returns 0
T15CC 000:102.891 JLINK_ReadMem(0xE000EDF0, 0x4 Bytes, ...)
T15CC 000:102.898   CPU_ReadMem(4 bytes @ 0xE000EDF0)
T15CC 000:103.148   Data:  01 00 10 01
T15CC 000:103.157   Debug reg: DHCSR
T15CC 000:103.164 - 0.273ms returns 0
T15CC 000:103.171 JLINK_ReadMem(0x400E0018, 0x4 Bytes, ...)
T15CC 000:103.177   CPU_ReadMem(4 bytes @ 0x400E0018)
T15CC 000:103.403   Data:  00 80 FF 00
T15CC 000:103.411 - 0.240ms returns 0
T15CC 000:103.419 JLINK_ReadMem(0xE000EDF0, 0x4 Bytes, ...)
T15CC 000:103.425   CPU_ReadMem(4 bytes @ 0xE000EDF0)
T15CC 000:103.623   Data:  01 00 10 01
T15CC 000:103.634   Debug reg: DHCSR
T15CC 000:103.642 - 0.222ms returns 0
T15CC 000:103.650 JLINK_ReadMem(0x400E0020, 0x4 Bytes, ...)
T15CC 000:103.656   CPU_ReadMem(4 bytes @ 0x400E0020)
T15CC 000:103.904   Data:  00 FC 00 00
T15CC 000:103.915 - 0.265ms returns 0
T15CC 000:103.925 JLINK_ReadMem(0xE000EDF0, 0x4 Bytes, ...)
T15CC 000:103.931   CPU_ReadMem(4 bytes @ 0xE000EDF0)
T15CC 000:104.160   Data:  01 00 10 01
T15CC 000:104.168   Debug reg: DHCSR
T15CC 000:104.176 - 0.251ms returns 0
T15CC 000:104.183 JLINK_ReadMem(0x400E0028, 0x4 Bytes, ...)
T15CC 000:104.190   CPU_ReadMem(4 bytes @ 0x400E0028)
T15CC 000:104.409   Data:  00 FC 1F 00
T15CC 000:104.420 - 0.236ms returns 0
T15CC 000:104.430 JLINK_ReadMem(0xE000EDF0, 0x4 Bytes, ...)
T15CC 000:104.436   CPU_ReadMem(4 bytes @ 0xE000EDF0)
T15CC 000:104.721   Data:  01 00 10 01
T15CC 000:104.732   Debug reg: DHCSR
T15CC 000:104.740 - 0.310ms returns 0
T15CC 000:104.748 JLINK_ReadMem(0x400E0024, 0x4 Bytes, ...)
T15CC 000:104.754   CPU_ReadMem(4 bytes @ 0x400E0024)
T15CC 000:104.952   Data:  00 E0 1F 00
T15CC 000:104.960 - 0.212ms returns 0
T15CC 000:104.969 JLINK_ReadMem(0xE000EDF0, 0x4 Bytes, ...)
T15CC 000:104.975   CPU_ReadMem(4 bytes @ 0xE000EDF0)
T15CC 000:105.190   Data:  01 00 10 01
T15CC 000:105.201   Debug reg: DHCSR
T15CC 000:105.209 - 0.239ms returns 0
T15CC 000:105.216 JLINK_ReadMem(0x400E002C, 0x4 Bytes, ...)
T15CC 000:105.223   CPU_ReadMem(4 bytes @ 0x400E002C)
T15CC 000:105.422   Data:  01 00 00 00
T15CC 000:105.431 - 0.215ms returns 0
T15CC 000:115.651 JLINK_Close()
T15CC 000:132.319 - 16.667ms
T15CC 000:132.340   
T15CC 000:132.345   Closed
