T5E8C 000:000.574   SEGGER J-Link V8.12c Log File
T5E8C 000:000.689   DLL Compiled: Jan 22 2025 12:55:59
T5E8C 000:000.703   Logging started @ 2025-03-01 11:37
T5E8C 000:000.716   Process: C:\Users\a8456\.eclipse\com.renesas.platform_1309835749\DebugComp\RA\e2-server-gdb.exe
T5E8C 000:000.733 - 0.729ms 
T5E8C 000:000.752 JLINK_GetDLLVersion()
T5E8C 000:000.766 - 0.013ms returns 81203
T5E8C 000:004.369 JLINK_OpenEx(...)
T5E8C 000:010.031   Firmware: J-Link V9 compiled May  7 2021 16:26:12
T5E8C 000:010.567   Firmware: J-Link V9 compiled May  7 2021 16:26:12
T5E8C 000:010.692   Decompressing FW timestamp took 93 us
T5E8C 000:016.057   Hardware: V9.60
T5E8C 000:016.086   S/N: 69660718
T5E8C 000:016.105   OEM: SEGGER
T5E8C 000:026.981   Feature(s): RDI, GDB, FlashDL, FlashBP, JFlash
T5E8C 000:027.488   Bootloader: (FW returned invalid version)
T5E8C 000:028.046   TELNET listener socket opened on port 19021
T5E8C 000:028.174   WEBSRV WEBSRV_Init(): Starting webserver thread(s)
T5E8C 000:028.279   WEBSRV Webserver running on local port 19080
T5E8C 000:028.381   Looking for J-Link GUI Server exe at: C:\Users\a8456\.eclipse\com.renesas.platform_1309835749\DebugComp\RA\ARM\Segger_v8.12.3\JLinkGUIServer.exe
T5E8C 000:028.463   Looking for J-Link GUI Server exe at: C:\Program Files\SEGGER\JLink_V796h\JLinkGUIServer.exe
T5E8C 000:028.489   Forking J-Link GUI Server: C:\Program Files\SEGGER\JLink_V796h\JLinkGUIServer.exe
T5E8C 000:050.557   J-Link GUI Server info: "J-Link GUI server V7.96h "
T5E8C 000:054.228 - 49.850ms returns "O.K."
T5E8C 000:054.379 JLINK_ExecCommand("ProjectFile=C:\Users\a8456\e2_studio\workspace_5.8\RA4M2_Project15/RA4M2_Project15 Debug_Flat.jlink", ...). 
T5E8C 000:076.446 - 22.069ms returns 0x00
T5E8C 000:076.686 JLINK_ExecCommand("device=R7FA4M2AD", ...). 
T5E8C 000:076.821   Flash bank @ 0x0100A100: SFL: Parsing sectorization info from ELF file
T5E8C 000:076.833     FlashDevice.SectorInfo[0]: .SectorSize = 0x00000010, .SectorStartAddr = 0x00000000
T5E8C 000:076.842   FlashBank @0x0100A100: Sectorization info from SFL ELF file ignored because sectorization override from DLL / XML file is active.
T5E8C 000:077.052   Flash bank @ 0x60000000: SFL: Parsing sectorization info from ELF file
T5E8C 000:077.070     FlashDevice.SectorInfo[0]: .SectorSize = 0x00010000, .SectorStartAddr = 0x00000000
T5E8C 000:079.941   Device "R7FA4M2AD" selected.
T5E8C 000:080.239 - 3.542ms returns 0x00
T5E8C 000:080.288 JLINK_TIF_GetAvailable(...)
T5E8C 000:080.425 - 0.136ms 
T5E8C 000:080.434 JLINK_TIF_Select(JLINKARM_TIF_SWD)
T5E8C 000:080.865 - 0.430ms returns 0x00
T5E8C 000:080.883 JLINK_SetSpeed(4000)
T5E8C 000:080.952 - 0.071ms 
T5E8C 000:080.974 JLINK_ReadMem(0xE000EDF0, 0x4 Bytes, ...)
T5E8C 000:081.111   ConfigTargetSettings() start
T5E8C 000:081.121    J-Link Script File: Executing ConfigTargetSettings()
T5E8C 000:081.129   Configuring FlashDLNoRMWThreshold=0x200 in order to make sure that option bytes programming is done via read-modify-write
T5E8C 000:086.349   ConfigTargetSettings() end - Took 5.22ms
T5E8C 000:086.364   InitTarget() start
T5E8C 000:086.373    J-Link Script File: Executing InitTarget()
T5E8C 000:086.380   SWD selected. Executing JTAG -> SWD switching sequence.
T5E8C 000:087.775   DAP initialized successfully.
T5E8C 000:087.816   Determining TrustZone configuration...
T5E8C 000:088.604     Secure Debug: Enabled (SSD)
T5E8C 000:088.623   Determining currently configured transfer type by reading the AHB-AP CSW register.
T5E8C 000:089.152     --> Correct transfer type configured. Done.
T5E8C 000:089.162   InitTarget() end - Took 2.78ms
T5E8C 000:089.676   Found SW-DP with ID 0x6BA02477
T5E8C 000:091.339   DPIDR: 0x6BA02477
T5E8C 000:091.354   CoreSight SoC-400 or earlier
T5E8C 000:091.362   Scanning AP map to find all available APs
T5E8C 000:091.952   AP[2]: Stopped AP scan as end of AP map has been reached
T5E8C 000:091.965   AP[0]: AHB-AP (IDR: 0x84770001, ADDR: 0x00000000)
T5E8C 000:091.973   AP[1]: APB-AP (IDR: 0x54770002, ADDR: 0x01000000)
T5E8C 000:091.982   Iterating through AP map to find AHB-AP to use
T5E8C 000:092.738   AP[0]: Core found
T5E8C 000:092.749   AP[0]: AHB-AP ROM base: 0xE00FE000
T5E8C 000:093.102   CPUID register: 0x410FD214. Implementer code: 0x41 (ARM)
T5E8C 000:093.112   Feature set: Mainline
T5E8C 000:093.479   Cache: No cache
T5E8C 000:093.497   Found Cortex-M33 r0p4, Little endian.
T5E8C 000:093.730   -- Max. mem block: 0x00010C40
T5E8C 000:094.130   
  ***** Warning: 
T5E8C 000:094.146   Cortex-M (ARMv8-M and later): The connected J-Link (S/N 69660718) uses an old firmware module that does not handle I/D-cache correctly. Proper debugging functionality cannot be guaranteed if cache is enabled
T5E8C 000:094.164   CPU_ReadMem(4 bytes @ 0xE000EDF0)
T5E8C 000:094.407   CPU_WriteMem(4 bytes @ 0xE000EDF0)
T5E8C 000:094.623   CPU_ReadMem(4 bytes @ 0xE0002000)
T5E8C 000:094.838   FPUnit: 8 code (BP) slots and 0 literal slots
T5E8C 000:094.847   CPU_ReadMem(4 bytes @ 0xE000EDFC)
T5E8C 000:095.070   CPU_WriteMem(4 bytes @ 0xE000EDFC)
T5E8C 000:095.287   CPU_ReadMem(4 bytes @ 0xE0001000)
T5E8C 000:095.528   CPU_ReadMem(4 bytes @ 0xE0001000)
T5E8C 000:095.746   CPU_ReadMem(4 bytes @ 0xE0001028)
T5E8C 000:095.966   CPU_ReadMem(4 bytes @ 0xE0001038)
T5E8C 000:096.187   CPU_ReadMem(4 bytes @ 0xE0001048)
T5E8C 000:096.450   CPU_ReadMem(4 bytes @ 0xE0001058)
T5E8C 000:096.652   CPU_WriteMem(4 bytes @ 0xE0001000)
T5E8C 000:096.889   CPU_ReadMem(4 bytes @ 0xE000ED88)
T5E8C 000:097.121   CPU_WriteMem(4 bytes @ 0xE000ED88)
T5E8C 000:097.337   CPU_ReadMem(4 bytes @ 0xE000ED88)
T5E8C 000:097.573   CPU_WriteMem(4 bytes @ 0xE000ED88)
T5E8C 000:097.784   CPU_ReadMem(4 bytes @ 0xE000EFB8)
T5E8C 000:098.019   Security extension: implemented
T5E8C 000:098.031   Secure debug: enabled
T5E8C 000:098.039   CoreSight components:
T5E8C 000:098.047   ROMTbl[0] @ E00FE000
T5E8C 000:098.055   CPU_ReadMem(64 bytes @ 0xE00FE000)
T5E8C 000:098.546   CPU_ReadMem(32 bytes @ 0xE0044FE0)
T5E8C 000:098.906   CPU_ReadMem(4 bytes @ 0xE0044FBC)
T5E8C 000:099.106   CPU_ReadMem(4 bytes @ 0xE0044FCC)
T5E8C 000:099.331   [0][0]: E0044000 CID B105900D PID 005BB906 DEVARCH 00000000 DEVTYPE 14 CTI (?)
T5E8C 000:099.340   CPU_ReadMem(32 bytes @ 0xE0047FE0)
T5E8C 000:099.686   CPU_ReadMem(4 bytes @ 0xE0047FBC)
T5E8C 000:099.899   CPU_ReadMem(4 bytes @ 0xE0047FCC)
T5E8C 000:100.175   [0][1]: E0047000 CID B105900D PID 003BB908 DEVARCH 00000000 DEVTYPE 12 CSTF
T5E8C 000:100.186   CPU_ReadMem(32 bytes @ 0xE0048FE0)
T5E8C 000:100.605   CPU_ReadMem(4 bytes @ 0xE0048FBC)
T5E8C 000:100.832   CPU_ReadMem(4 bytes @ 0xE0048FCC)
T5E8C 000:101.046   [0][2]: E0048000 CID B105900D PID 001BB961 DEVARCH 00000000 DEVTYPE 21 TMC
T5E8C 000:101.055   CPU_ReadMem(32 bytes @ 0xE0049FE0)
T5E8C 000:101.392   [0][3]: E0049000 CID B105F00D PID 001BB101 TSG
T5E8C 000:101.403   CPU_ReadMem(32 bytes @ 0xE0040FE0)
T5E8C 000:101.751   CPU_ReadMem(4 bytes @ 0xE0040FBC)
T5E8C 000:101.957   CPU_ReadMem(4 bytes @ 0xE0040FCC)
T5E8C 000:102.209   [0][4]: E0040000 CID B105900D PID 000BBD21 DEVARCH 00000000 DEVTYPE 11 TPIU
T5E8C 000:102.221   CPU_ReadMem(32 bytes @ 0xE00FFFE0)
T5E8C 000:102.605   [0][5]: E00FF000 CID B105100D PID 000BB4C9 ROM Table
T5E8C 000:102.621   ROMTbl[1] @ E00FF000
T5E8C 000:102.630   CPU_ReadMem(64 bytes @ 0xE00FF000)
T5E8C 000:103.203   CPU_ReadMem(32 bytes @ 0xE000EFE0)
T5E8C 000:103.607   CPU_ReadMem(4 bytes @ 0xE000EFBC)
T5E8C 000:103.857   CPU_ReadMem(4 bytes @ 0xE000EFCC)
T5E8C 000:104.111   [1][0]: E000E000 CID B105900D PID 000BBD21 DEVARCH 47702A04 DEVTYPE 00 Cortex-M33
T5E8C 000:104.128   CPU_ReadMem(32 bytes @ 0xE0001FE0)
T5E8C 000:104.488   CPU_ReadMem(4 bytes @ 0xE0001FBC)
T5E8C 000:104.692   CPU_ReadMem(4 bytes @ 0xE0001FCC)
T5E8C 000:104.922   [1][1]: E0001000 CID B105900D PID 000BBD21 DEVARCH 47701A02 DEVTYPE 00 DWT
T5E8C 000:104.938   CPU_ReadMem(32 bytes @ 0xE0002FE0)
T5E8C 000:105.340   CPU_ReadMem(4 bytes @ 0xE0002FBC)
T5E8C 000:105.561   CPU_ReadMem(4 bytes @ 0xE0002FCC)
T5E8C 000:105.760   [1][2]: E0002000 CID B105900D PID 000BBD21 DEVARCH 47701A03 DEVTYPE 00 FPB
T5E8C 000:105.806   CPU_ReadMem(32 bytes @ 0xE0000FE0)
T5E8C 000:106.152   CPU_ReadMem(4 bytes @ 0xE0000FBC)
T5E8C 000:106.384   CPU_ReadMem(4 bytes @ 0xE0000FCC)
T5E8C 000:106.592   [1][3]: E0000000 CID B105900D PID 000BBD21 DEVARCH 47701A01 DEVTYPE 43 ITM
T5E8C 000:106.601   CPU_ReadMem(32 bytes @ 0xE0041FE0)
T5E8C 000:106.933   CPU_ReadMem(4 bytes @ 0xE0041FBC)
T5E8C 000:107.152   CPU_ReadMem(4 bytes @ 0xE0041FCC)
T5E8C 000:107.367   [1][5]: E0041000 CID B105900D PID 002BBD21 DEVARCH 47724A13 DEVTYPE 13 ETM
T5E8C 000:107.381   CPU_ReadMem(32 bytes @ 0xE0042FE0)
T5E8C 000:107.736   CPU_ReadMem(4 bytes @ 0xE0042FBC)
T5E8C 000:107.942   CPU_ReadMem(4 bytes @ 0xE0042FCC)
T5E8C 000:108.167   [1][6]: E0042000 CID B105900D PID 000BBD21 DEVARCH 47701A14 DEVTYPE 14 CSS600-CTI
T5E8C 000:108.215   CPU_ReadMem(4 bytes @ 0xE000EDF0)
T5E8C 000:108.484   Data:  01 00 10 01
T5E8C 000:108.498   Debug reg: DHCSR
T5E8C 000:108.507 - 27.532ms returns 0
T5E8C 000:108.553 JLINK_ReadMem(0x400E002C, 0x4 Bytes, ...)
T5E8C 000:108.562   CPU_ReadMem(4 bytes @ 0x400E002C)
T5E8C 000:108.759   Data:  01 00 00 00
T5E8C 000:108.767 - 0.215ms returns 0
T5E8C 000:108.799 JLINK_ReadMem(0xE000EDF0, 0x4 Bytes, ...)
T5E8C 000:108.805   CPU_ReadMem(4 bytes @ 0xE000EDF0)
T5E8C 000:109.011   Data:  01 00 10 01
T5E8C 000:109.026   Debug reg: DHCSR
T5E8C 000:109.064 - 0.264ms returns 0
T5E8C 000:109.106 JLINK_ReadMem(0xE000EDF0, 0x4 Bytes, ...)
T5E8C 000:109.125   CPU_ReadMem(4 bytes @ 0xE000EDF0)
T5E8C 000:109.340   Data:  01 00 10 01
T5E8C 000:109.355   Debug reg: DHCSR
T5E8C 000:109.363 - 0.257ms returns 0
T5E8C 000:109.372 JLINK_ReadMem(0x400E001C, 0x4 Bytes, ...)
T5E8C 000:109.381   CPU_ReadMem(4 bytes @ 0x400E001C)
T5E8C 000:109.586   Data:  00 FC FF 00
T5E8C 000:109.598 - 0.225ms returns 0
T5E8C 000:109.609 JLINK_ReadMem(0xE000EDF0, 0x4 Bytes, ...)
T5E8C 000:109.617   CPU_ReadMem(4 bytes @ 0xE000EDF0)
T5E8C 000:109.821   Data:  01 00 10 01
T5E8C 000:109.829   Debug reg: DHCSR
T5E8C 000:109.837 - 0.228ms returns 0
T5E8C 000:109.845 JLINK_ReadMem(0x400E0018, 0x4 Bytes, ...)
T5E8C 000:109.851   CPU_ReadMem(4 bytes @ 0x400E0018)
T5E8C 000:110.048   Data:  00 80 FF 00
T5E8C 000:110.056 - 0.211ms returns 0
T5E8C 000:110.065 JLINK_ReadMem(0xE000EDF0, 0x4 Bytes, ...)
T5E8C 000:110.071   CPU_ReadMem(4 bytes @ 0xE000EDF0)
T5E8C 000:110.285   Data:  01 00 10 01
T5E8C 000:110.294   Debug reg: DHCSR
T5E8C 000:110.302 - 0.237ms returns 0
T5E8C 000:110.309 JLINK_ReadMem(0x400E0020, 0x4 Bytes, ...)
T5E8C 000:110.315   CPU_ReadMem(4 bytes @ 0x400E0020)
T5E8C 000:110.512   Data:  00 FC 00 00
T5E8C 000:110.524 - 0.215ms returns 0
T5E8C 000:110.534 JLINK_ReadMem(0xE000EDF0, 0x4 Bytes, ...)
T5E8C 000:110.541   CPU_ReadMem(4 bytes @ 0xE000EDF0)
T5E8C 000:110.739   Data:  01 00 10 01
T5E8C 000:110.748   Debug reg: DHCSR
T5E8C 000:110.756 - 0.222ms returns 0
T5E8C 000:110.763 JLINK_ReadMem(0x400E0028, 0x4 Bytes, ...)
T5E8C 000:110.769   CPU_ReadMem(4 bytes @ 0x400E0028)
T5E8C 000:110.972   Data:  00 FC 1F 00
T5E8C 000:110.982 - 0.219ms returns 0
T5E8C 000:110.991 JLINK_ReadMem(0xE000EDF0, 0x4 Bytes, ...)
T5E8C 000:110.998   CPU_ReadMem(4 bytes @ 0xE000EDF0)
T5E8C 000:111.195   Data:  01 00 10 01
T5E8C 000:111.209   Debug reg: DHCSR
T5E8C 000:111.218 - 0.226ms returns 0
T5E8C 000:111.227 JLINK_ReadMem(0x400E0024, 0x4 Bytes, ...)
T5E8C 000:111.236   CPU_ReadMem(4 bytes @ 0x400E0024)
T5E8C 000:111.456   Data:  00 E0 1F 00
T5E8C 000:111.467 - 0.239ms returns 0
T5E8C 000:111.478 JLINK_ReadMem(0xE000EDF0, 0x4 Bytes, ...)
T5E8C 000:111.485   CPU_ReadMem(4 bytes @ 0xE000EDF0)
T5E8C 000:111.691   Data:  01 00 10 01
T5E8C 000:111.700   Debug reg: DHCSR
T5E8C 000:111.708 - 0.230ms returns 0
T5E8C 000:111.715 JLINK_ReadMem(0x400E002C, 0x4 Bytes, ...)
T5E8C 000:111.722   CPU_ReadMem(4 bytes @ 0x400E002C)
T5E8C 000:111.938   Data:  01 00 00 00
T5E8C 000:111.953 - 0.237ms returns 0
T5E8C 000:113.987 JLINK_Close()
T5E8C 000:127.017 - 13.029ms
T5E8C 000:127.074   
T5E8C 000:127.080   Closed
