T86BC 000:000.805   SEGGER J-Link V7.98b Log File
T86BC 000:000.906   DLL Compiled: Jul 31 2024 16:10:46
T86BC 000:000.919   Logging started @ 2025-02-12 15:42
T86BC 000:000.933   Process: C:\Users\a8456\.eclipse\com.renesas.platform_1291987301\DebugComp\RA\e2-server-gdb.exe
T86BC 000:000.947 - 0.945ms
T86BC 000:000.966 JLINK_GetDLLVersion()
T86BC 000:000.980 - 0.014ms returns 79802
T86BC 000:003.223 JLINK_OpenEx(...)
T86BC 000:009.087   Firmware: J-Link V9 compiled May  7 2021 16:26:12
T86BC 000:009.994   Firmware: J-Link V9 compiled May  7 2021 16:26:12
T86BC 000:010.232   Decompressing FW timestamp took 145 us
T86BC 000:015.646   Hardware: V9.60
T86BC 000:015.676   S/N: 69660718
T86BC 000:015.695   OEM: SEGGER
T86BC 000:015.789   Feature(s): RDI, GDB, FlashDL, FlashBP, JFlash
T86BC 000:016.264   Bootloader: (Could not read)
T86BC 000:016.823   TELNET listener socket opened on port 19021
T86BC 000:016.928   WEBSRV WEBSRV_Init(): Starting webserver thread(s)
T86BC 000:017.113   WEBSRV Webserver running on local port 19080
T86BC 000:017.207   Looking for J-Link GUI Server exe at: C:\Users\a8456\.eclipse\com.renesas.platform_1291987301\DebugComp\RA\ARM\Segger_v7.98.2\JLinkGUIServer.exe
T86BC 000:017.282   Looking for J-Link GUI Server exe at: C:\Program Files\SEGGER\JLink_V796h\JLinkGUIServer.exe
T86BC 000:017.307   Forking J-Link GUI Server: C:\Program Files\SEGGER\JLink_V796h\JLinkGUIServer.exe
T86BC 000:037.520   J-Link GUI Server info: "J-Link GUI server V7.96h "
T86BC 000:042.277 - 39.045ms returns "O.K."
T86BC 000:042.411 JLINK_ExecCommand("ProjectFile=C:\Users\a8456\e2_studio\workspace_5.5\RA4M2_Project12/RA4M2_Project12 Debug_Flat.jlink", ...). 
T86BC 000:063.126 - 20.720ms returns 0x00
T86BC 000:063.348 JLINK_ExecCommand("device=R7FA4M2AD", ...). 
T86BC 000:063.896   Flash bank @ 0x0100A100: SFL: Parsing sectorization info from ELF file
T86BC 000:063.915     FlashDevice.SectorInfo[0]: .SectorSize = 0x00000010, .SectorStartAddr = 0x00000000
T86BC 000:063.925   FlashBank @0x0100A100: Sectorization info from SFL ELF file ignored because sectorization override from DLL / XML file is active.
T86BC 000:064.760   Flash bank @ 0x60000000: SFL: Parsing sectorization info from ELF file
T86BC 000:064.789     FlashDevice.SectorInfo[0]: .SectorSize = 0x00010000, .SectorStartAddr = 0x00000000
T86BC 000:067.632   Device "R7FA4M2AD" selected.
T86BC 000:067.983 - 4.624ms returns 0x00
T86BC 000:068.032 JLINK_TIF_GetAvailable(...)
T86BC 000:068.181 - 0.149ms
T86BC 000:068.196 JLINK_TIF_Select(JLINKARM_TIF_SWD)
T86BC 000:068.631 - 0.434ms returns 0x00
T86BC 000:068.639 JLINK_SetSpeed(4000)
T86BC 000:068.699 - 0.060ms
T86BC 000:068.736 JLINK_ReadMem(0xE000EDF0, 0x4 Bytes, ...)
T86BC 000:069.056   ConfigTargetSettings() start
T86BC 000:069.071    J-Link Script File: Executing ConfigTargetSettings()
T86BC 000:069.082   Configuring FlashDLNoRMWThreshold=0x200 in order to make sure that option bytes programming is done via read-modify-write
T86BC 000:076.558   ConfigTargetSettings() end - Took 7.48ms
T86BC 000:076.580   InitTarget() start
T86BC 000:076.588    J-Link Script File: Executing InitTarget()
T86BC 000:076.596   SWD selected. Executing JTAG -> SWD switching sequence.
T86BC 000:077.909   DAP initialized successfully.
T86BC 000:077.925   Determining TrustZone configuration...
T86BC 000:078.568     Secure Debug: Enabled (SSD)
T86BC 000:078.583   Determining currently configured transfer type by reading the AHB-AP CSW register.
T86BC 000:079.089     --> Correct transfer type configured. Done.
T86BC 000:079.102   InitTarget() end - Took 2.51ms
T86BC 000:079.545   Found SW-DP with ID 0x6BA02477
T86BC 000:081.268   DPIDR: 0x6BA02477
T86BC 000:081.282   CoreSight SoC-400 or earlier
T86BC 000:081.291   Scanning AP map to find all available APs
T86BC 000:081.919   AP[2]: Stopped AP scan as end of AP map has been reached
T86BC 000:081.938   AP[0]: AHB-AP (IDR: 0x84770001)
T86BC 000:081.946   AP[1]: APB-AP (IDR: 0x54770002)
T86BC 000:081.954   Iterating through AP map to find AHB-AP to use
T86BC 000:082.701   AP[0]: Core found
T86BC 000:082.711   AP[0]: AHB-AP ROM base: 0xE00FE000
T86BC 000:083.076   CPUID register: 0x410FD214. Implementer code: 0x41 (ARM)
T86BC 000:083.087   Feature set: Mainline
T86BC 000:083.444   Cache: No cache
T86BC 000:083.452   Found Cortex-M33 r0p4, Little endian.
T86BC 000:083.677   -- Max. mem block: 0x00010C40
T86BC 000:084.106   
  ***** Warning: 
T86BC 000:084.116   Cortex-M (ARMv8-M and later): The connected J-Link (S/N 69660718) uses an old firmware module that does not handle I/D-cache correctly. Proper debugging functionality cannot be guaranteed if cache is enabled
T86BC 000:084.129   CPU_ReadMem(4 bytes @ 0xE000EDF0)
T86BC 000:084.333   CPU_WriteMem(4 bytes @ 0xE000EDF0)
T86BC 000:084.556   CPU_ReadMem(4 bytes @ 0xE0002000)
T86BC 000:084.756   FPUnit: 8 code (BP) slots and 0 literal slots
T86BC 000:084.765   CPU_ReadMem(4 bytes @ 0xE000EDFC)
T86BC 000:084.998   CPU_WriteMem(4 bytes @ 0xE000EDFC)
T86BC 000:085.210   CPU_ReadMem(4 bytes @ 0xE0001000)
T86BC 000:085.437   CPU_ReadMem(4 bytes @ 0xE0001000)
T86BC 000:085.651   CPU_ReadMem(4 bytes @ 0xE0001028)
T86BC 000:085.917   CPU_ReadMem(4 bytes @ 0xE0001038)
T86BC 000:086.136   CPU_ReadMem(4 bytes @ 0xE0001048)
T86BC 000:086.362   CPU_ReadMem(4 bytes @ 0xE0001058)
T86BC 000:086.584   CPU_WriteMem(4 bytes @ 0xE0001000)
T86BC 000:086.810   CPU_ReadMem(4 bytes @ 0xE000ED88)
T86BC 000:087.100   CPU_WriteMem(4 bytes @ 0xE000ED88)
T86BC 000:087.355   CPU_ReadMem(4 bytes @ 0xE000ED88)
T86BC 000:087.591   CPU_WriteMem(4 bytes @ 0xE000ED88)
T86BC 000:087.910   CPU_ReadMem(4 bytes @ 0xE000EFB8)
T86BC 000:088.134   Security extension: implemented
T86BC 000:088.389   Secure debug: enabled
T86BC 000:088.398   CoreSight components:
T86BC 000:088.406   ROMTbl[0] @ E00FE000
T86BC 000:088.415   CPU_ReadMem(64 bytes @ 0xE00FE000)
T86BC 000:088.968   CPU_ReadMem(32 bytes @ 0xE0044FE0)
T86BC 000:089.366   CPU_ReadMem(4 bytes @ 0xE0044FBC)
T86BC 000:089.607   CPU_ReadMem(4 bytes @ 0xE0044FCC)
T86BC 000:089.841   [0][0]: E0044000 CID B105900D PID 005BB906 DEVARCH 00000000 DEVTYPE 14 CTI (?)
T86BC 000:089.855   CPU_ReadMem(32 bytes @ 0xE0047FE0)
T86BC 000:090.234   CPU_ReadMem(4 bytes @ 0xE0047FBC)
T86BC 000:090.444   CPU_ReadMem(4 bytes @ 0xE0047FCC)
T86BC 000:090.668   [0][1]: E0047000 CID B105900D PID 003BB908 DEVARCH 00000000 DEVTYPE 12 CSTF
T86BC 000:090.693   CPU_ReadMem(32 bytes @ 0xE0048FE0)
T86BC 000:091.528   CPU_ReadMem(4 bytes @ 0xE0048FBC)
T86BC 000:091.782   CPU_ReadMem(4 bytes @ 0xE0048FCC)
T86BC 000:092.084   [0][2]: E0048000 CID B105900D PID 001BB961 DEVARCH 00000000 DEVTYPE 21 ETB
T86BC 000:092.104   CPU_ReadMem(32 bytes @ 0xE0049FE0)
T86BC 000:092.463   [0][3]: E0049000 CID B105F00D PID 001BB101 TSG
T86BC 000:092.475   CPU_ReadMem(32 bytes @ 0xE0040FE0)
T86BC 000:092.827   CPU_ReadMem(4 bytes @ 0xE0040FBC)
T86BC 000:093.090   CPU_ReadMem(4 bytes @ 0xE0040FCC)
T86BC 000:093.308   [0][4]: E0040000 CID B105900D PID 000BBD21 DEVARCH 00000000 DEVTYPE 11 TPIU
T86BC 000:093.317   CPU_ReadMem(32 bytes @ 0xE00FFFE0)
T86BC 000:093.746   [0][5]: E00FF000 CID B105100D PID 000BB4C9 ROM Table
T86BC 000:093.757   ROMTbl[1] @ E00FF000
T86BC 000:093.766   CPU_ReadMem(64 bytes @ 0xE00FF000)
T86BC 000:094.256   CPU_ReadMem(32 bytes @ 0xE000EFE0)
T86BC 000:094.625   CPU_ReadMem(4 bytes @ 0xE000EFBC)
T86BC 000:094.834   CPU_ReadMem(4 bytes @ 0xE000EFCC)
T86BC 000:095.108   [1][0]: E000E000 CID B105900D PID 000BBD21 DEVARCH 47702A04 DEVTYPE 00 Cortex-M33
T86BC 000:095.117   CPU_ReadMem(32 bytes @ 0xE0001FE0)
T86BC 000:095.469   CPU_ReadMem(4 bytes @ 0xE0001FBC)
T86BC 000:095.675   CPU_ReadMem(4 bytes @ 0xE0001FCC)
T86BC 000:095.910   [1][1]: E0001000 CID B105900D PID 000BBD21 DEVARCH 47701A02 DEVTYPE 00 DWT
T86BC 000:095.921   CPU_ReadMem(32 bytes @ 0xE0002FE0)
T86BC 000:096.289   CPU_ReadMem(4 bytes @ 0xE0002FBC)
T86BC 000:096.501   CPU_ReadMem(4 bytes @ 0xE0002FCC)
T86BC 000:096.770   [1][2]: E0002000 CID B105900D PID 000BBD21 DEVARCH 47701A03 DEVTYPE 00 FPB
T86BC 000:096.786   CPU_ReadMem(32 bytes @ 0xE0000FE0)
T86BC 000:097.204   CPU_ReadMem(4 bytes @ 0xE0000FBC)
T86BC 000:097.412   CPU_ReadMem(4 bytes @ 0xE0000FCC)
T86BC 000:097.628   [1][3]: E0000000 CID B105900D PID 000BBD21 DEVARCH 47701A01 DEVTYPE 43 ITM
T86BC 000:097.638   CPU_ReadMem(32 bytes @ 0xE0041FE0)
T86BC 000:097.979   CPU_ReadMem(4 bytes @ 0xE0041FBC)
T86BC 000:098.180   CPU_ReadMem(4 bytes @ 0xE0041FCC)
T86BC 000:098.412   [1][5]: E0041000 CID B105900D PID 002BBD21 DEVARCH 47724A13 DEVTYPE 13 ETM
T86BC 000:098.421   CPU_ReadMem(32 bytes @ 0xE0042FE0)
T86BC 000:098.780   CPU_ReadMem(4 bytes @ 0xE0042FBC)
T86BC 000:098.994   CPU_ReadMem(4 bytes @ 0xE0042FCC)
T86BC 000:099.210   [1][6]: E0042000 CID B105900D PID 000BBD21 DEVARCH 47701A14 DEVTYPE 14 CSS600-CTI
T86BC 000:099.248   CPU_ReadMem(4 bytes @ 0xE000EDF0)
T86BC 000:099.472   Data:  01 00 10 01
T86BC 000:099.481   Debug reg: DHCSR
T86BC 000:099.489 - 30.753ms returns 0
T86BC 000:099.525 JLINK_ReadMem(0x400E002C, 0x4 Bytes, ...)
T86BC 000:099.532   CPU_ReadMem(4 bytes @ 0x400E002C)
T86BC 000:099.733   Data:  02 00 00 00
T86BC 000:099.742 - 0.217ms returns 0
T86BC 000:099.763 JLINK_ReadMem(0xE000EDF0, 0x4 Bytes, ...)
T86BC 000:099.770   CPU_ReadMem(4 bytes @ 0xE000EDF0)
T86BC 000:099.994   Data:  01 00 10 01
T86BC 000:100.003   Debug reg: DHCSR
T86BC 000:100.011 - 0.247ms returns 0
T86BC 000:100.031 JLINK_ReadMem(0xE000EDF0, 0x4 Bytes, ...)
T86BC 000:100.038   CPU_ReadMem(4 bytes @ 0xE000EDF0)
T86BC 000:100.252   Data:  01 00 10 01
T86BC 000:100.260   Debug reg: DHCSR
T86BC 000:100.268 - 0.237ms returns 0
T86BC 000:100.275 JLINK_ReadMem(0x400E001C, 0x4 Bytes, ...)
T86BC 000:100.281   CPU_ReadMem(4 bytes @ 0x400E001C)
T86BC 000:100.480   Data:  00 FC FF 00
T86BC 000:100.489 - 0.214ms returns 0
T86BC 000:100.497 JLINK_ReadMem(0xE000EDF0, 0x4 Bytes, ...)
T86BC 000:100.504   CPU_ReadMem(4 bytes @ 0xE000EDF0)
T86BC 000:100.709   Data:  01 00 10 01
T86BC 000:100.723   Debug reg: DHCSR
T86BC 000:100.732 - 0.234ms returns 0
T86BC 000:100.742 JLINK_ReadMem(0x400E0018, 0x4 Bytes, ...)
T86BC 000:100.751   CPU_ReadMem(4 bytes @ 0x400E0018)
T86BC 000:100.989   Data:  00 80 FF 00
T86BC 000:101.003 - 0.261ms returns 0
T86BC 000:101.014 JLINK_ReadMem(0xE000EDF0, 0x4 Bytes, ...)
T86BC 000:101.022   CPU_ReadMem(4 bytes @ 0xE000EDF0)
T86BC 000:101.224   Data:  01 00 10 01
T86BC 000:101.232   Debug reg: DHCSR
T86BC 000:101.240 - 0.226ms returns 0
T86BC 000:101.251 JLINK_ReadMem(0x400E0020, 0x4 Bytes, ...)
T86BC 000:101.258   CPU_ReadMem(4 bytes @ 0x400E0020)
T86BC 000:101.484   Data:  00 FC 00 00
T86BC 000:101.493 - 0.242ms returns 0
T86BC 000:101.501 JLINK_ReadMem(0xE000EDF0, 0x4 Bytes, ...)
T86BC 000:101.509   CPU_ReadMem(4 bytes @ 0xE000EDF0)
T86BC 000:101.729   Data:  01 00 10 01
T86BC 000:101.741   Debug reg: DHCSR
T86BC 000:101.750 - 0.249ms returns 0
T86BC 000:101.758 JLINK_ReadMem(0x400E0028, 0x4 Bytes, ...)
T86BC 000:101.765   CPU_ReadMem(4 bytes @ 0x400E0028)
T86BC 000:101.994   Data:  00 FC 1F 00
T86BC 000:102.003 - 0.244ms returns 0
T86BC 000:102.013 JLINK_ReadMem(0xE000EDF0, 0x4 Bytes, ...)
T86BC 000:102.019   CPU_ReadMem(4 bytes @ 0xE000EDF0)
T86BC 000:102.223   Data:  01 00 10 01
T86BC 000:102.232   Debug reg: DHCSR
T86BC 000:102.240 - 0.227ms returns 0
T86BC 000:102.247 JLINK_ReadMem(0x400E0024, 0x4 Bytes, ...)
T86BC 000:102.253   CPU_ReadMem(4 bytes @ 0x400E0024)
T86BC 000:102.453   Data:  00 E0 1F 00
T86BC 000:102.463 - 0.216ms returns 0
T86BC 000:102.472 JLINK_ReadMem(0xE000EDF0, 0x4 Bytes, ...)
T86BC 000:102.478   CPU_ReadMem(4 bytes @ 0xE000EDF0)
T86BC 000:102.679   Data:  01 00 10 01
T86BC 000:102.689   Debug reg: DHCSR
T86BC 000:102.698 - 0.226ms returns 0
T86BC 000:102.705 JLINK_ReadMem(0x400E002C, 0x4 Bytes, ...)
T86BC 000:102.711   CPU_ReadMem(4 bytes @ 0x400E002C)
T86BC 000:102.911   Data:  02 00 00 00
T86BC 000:102.920 - 0.215ms returns 0
T86BC 000:102.927 JLINK_ReadMem(0xE000EDF0, 0x4 Bytes, ...)
T86BC 000:102.934   CPU_ReadMem(4 bytes @ 0xE000EDF0)
T86BC 000:103.144   Data:  01 00 10 01
T86BC 000:103.162   Debug reg: DHCSR
T86BC 000:103.172 - 0.243ms returns 0
T86BC 000:103.181 JLINK_ReadMem(0x400E002C, 0x4 Bytes, ...)
T86BC 000:103.189   CPU_ReadMem(4 bytes @ 0x400E002C)
T86BC 000:103.401   Data:  02 00 00 00
T86BC 000:103.411 - 0.230ms returns 0
T86BC 000:112.623 JLINK_Close()
T86BC 000:129.202 - 16.578ms
T86BC 000:129.233   
T86BC 000:129.239   Closed
