T29F8 000:000.473   SEGGER J-Link V7.98b Log File
T29F8 000:000.569   DLL Compiled: Jul 31 2024 16:10:46
T29F8 000:000.575   Logging started @ 2025-02-09 09:00
T29F8 000:000.581   Process: C:\Users\a8456\.eclipse\com.renesas.platform_1291987301\DebugComp\RA\e2-server-gdb.exe
T29F8 000:000.588 - 0.586ms
T29F8 000:000.599 JLINK_GetDLLVersion()
T29F8 000:000.607 - 0.006ms returns 79802
T29F8 000:002.231 JLINK_OpenEx(...)
T29F8 000:006.307   Firmware: J-Link V9 compiled May  7 2021 16:26:12
T29F8 000:006.749   Firmware: J-Link V9 compiled May  7 2021 16:26:12
T29F8 000:006.863   Decompressing FW timestamp took 93 us
T29F8 000:012.192   Hardware: V9.60
T29F8 000:012.228   S/N: 69660718
T29F8 000:012.237   OEM: SEGGER
T29F8 000:012.246   Feature(s): RDI, GDB, FlashDL, FlashBP, JFlash
T29F8 000:012.712   Bootloader: (Could not read)
T29F8 000:013.375   TELNET listener socket opened on port 19021
T29F8 000:013.523   WEBSRV WEBSRV_Init(): Starting webserver thread(s)
T29F8 000:013.694   WEBSRV Webserver running on local port 19080
T29F8 000:013.813   Looking for J-Link GUI Server exe at: C:\Users\a8456\.eclipse\com.renesas.platform_1291987301\DebugComp\RA\ARM\Segger_v7.98.2\JLinkGUIServer.exe
T29F8 000:013.898   Looking for J-Link GUI Server exe at: C:\Program Files\SEGGER\JLink_V796h\JLinkGUIServer.exe
T29F8 000:013.924   Forking J-Link GUI Server: C:\Program Files\SEGGER\JLink_V796h\JLinkGUIServer.exe
T29F8 000:037.003   J-Link GUI Server info: "J-Link GUI server V7.96h "
T29F8 000:040.495 - 38.256ms returns "O.K."
T29F8 000:040.652 JLINK_ExecCommand("ProjectFile=C:\Users\a8456\e2_studio\workspace_5.5\RA4M2_Project10/RA4M2_Project10 Debug_Flat.jlink", ...). 
T29F8 000:055.097 - 14.447ms returns 0x00
T29F8 000:055.357 JLINK_ExecCommand("device=R7FA4M2AD", ...). 
T29F8 000:056.006   Flash bank @ 0x0100A100: SFL: Parsing sectorization info from ELF file
T29F8 000:056.022     FlashDevice.SectorInfo[0]: .SectorSize = 0x00000010, .SectorStartAddr = 0x00000000
T29F8 000:056.030   FlashBank @0x0100A100: Sectorization info from SFL ELF file ignored because sectorization override from DLL / XML file is active.
T29F8 000:056.203   Flash bank @ 0x60000000: SFL: Parsing sectorization info from ELF file
T29F8 000:056.214     FlashDevice.SectorInfo[0]: .SectorSize = 0x00010000, .SectorStartAddr = 0x00000000
T29F8 000:058.785   Device "R7FA4M2AD" selected.
T29F8 000:059.114 - 3.747ms returns 0x00
T29F8 000:059.131 JLINK_TIF_GetAvailable(...)
T29F8 000:059.263 - 0.132ms
T29F8 000:059.280 JLINK_TIF_Select(JLINKARM_TIF_SWD)
T29F8 000:059.668 - 0.388ms returns 0x00
T29F8 000:059.683 JLINK_SetSpeed(4000)
T29F8 000:059.738 - 0.055ms
T29F8 000:059.753 JLINK_ReadMem(0xE000EDF0, 0x4 Bytes, ...)
T29F8 000:059.852   ConfigTargetSettings() start
T29F8 000:059.862    J-Link Script File: Executing ConfigTargetSettings()
T29F8 000:059.871   Configuring FlashDLNoRMWThreshold=0x200 in order to make sure that option bytes programming is done via read-modify-write
T29F8 000:065.049   ConfigTargetSettings() end - Took 5.18ms
T29F8 000:065.069   InitTarget() start
T29F8 000:065.078    J-Link Script File: Executing InitTarget()
T29F8 000:065.085   SWD selected. Executing JTAG -> SWD switching sequence.
T29F8 000:066.298   DAP initialized successfully.
T29F8 000:066.311   Determining TrustZone configuration...
T29F8 000:067.032     Secure Debug: Enabled (SSD)
T29F8 000:067.042   Determining currently configured transfer type by reading the AHB-AP CSW register.
T29F8 000:067.493     --> Correct transfer type configured. Done.
T29F8 000:067.504   InitTarget() end - Took 2.42ms
T29F8 000:067.927   Found SW-DP with ID 0x6BA02477
T29F8 000:069.524   DPIDR: 0x6BA02477
T29F8 000:069.544   CoreSight SoC-400 or earlier
T29F8 000:069.553   Scanning AP map to find all available APs
T29F8 000:070.178   AP[2]: Stopped AP scan as end of AP map has been reached
T29F8 000:070.199   AP[0]: AHB-AP (IDR: 0x84770001)
T29F8 000:070.208   AP[1]: APB-AP (IDR: 0x54770002)
T29F8 000:070.216   Iterating through AP map to find AHB-AP to use
T29F8 000:070.914   AP[0]: Core found
T29F8 000:070.960   AP[0]: AHB-AP ROM base: 0xE00FE000
T29F8 000:071.306   CPUID register: 0x410FD214. Implementer code: 0x41 (ARM)
T29F8 000:071.317   Feature set: Mainline
T29F8 000:071.650   Cache: No cache
T29F8 000:071.666   Found Cortex-M33 r0p4, Little endian.
T29F8 000:071.888   -- Max. mem block: 0x00010C40
T29F8 000:072.290   
  ***** Warning: 
T29F8 000:072.300   Cortex-M (ARMv8-M and later): The connected J-Link (S/N 69660718) uses an old firmware module that does not handle I/D-cache correctly. Proper debugging functionality cannot be guaranteed if cache is enabled
T29F8 000:072.314   CPU_ReadMem(4 bytes @ 0xE000EDF0)
T29F8 000:072.520   CPU_WriteMem(4 bytes @ 0xE000EDF0)
T29F8 000:072.739   CPU_ReadMem(4 bytes @ 0xE0002000)
T29F8 000:072.948   FPUnit: 8 code (BP) slots and 0 literal slots
T29F8 000:072.967   CPU_ReadMem(4 bytes @ 0xE000EDFC)
T29F8 000:073.179   CPU_WriteMem(4 bytes @ 0xE000EDFC)
T29F8 000:073.413   CPU_ReadMem(4 bytes @ 0xE0001000)
T29F8 000:073.623   CPU_ReadMem(4 bytes @ 0xE0001000)
T29F8 000:073.830   CPU_ReadMem(4 bytes @ 0xE0001028)
T29F8 000:074.033   CPU_ReadMem(4 bytes @ 0xE0001038)
T29F8 000:074.246   CPU_ReadMem(4 bytes @ 0xE0001048)
T29F8 000:074.448   CPU_ReadMem(4 bytes @ 0xE0001058)
T29F8 000:074.664   CPU_WriteMem(4 bytes @ 0xE0001000)
T29F8 000:074.895   CPU_ReadMem(4 bytes @ 0xE000ED88)
T29F8 000:075.114   CPU_WriteMem(4 bytes @ 0xE000ED88)
T29F8 000:075.322   CPU_ReadMem(4 bytes @ 0xE000ED88)
T29F8 000:075.525   CPU_WriteMem(4 bytes @ 0xE000ED88)
T29F8 000:075.798   CPU_ReadMem(4 bytes @ 0xE000EFB8)
T29F8 000:076.057   Security extension: implemented
T29F8 000:076.072   Secure debug: enabled
T29F8 000:076.080   CoreSight components:
T29F8 000:076.088   ROMTbl[0] @ E00FE000
T29F8 000:076.097   CPU_ReadMem(64 bytes @ 0xE00FE000)
T29F8 000:076.604   CPU_ReadMem(32 bytes @ 0xE0044FE0)
T29F8 000:076.953   CPU_ReadMem(4 bytes @ 0xE0044FBC)
T29F8 000:077.206   CPU_ReadMem(4 bytes @ 0xE0044FCC)
T29F8 000:077.430   [0][0]: E0044000 CID B105900D PID 005BB906 DEVARCH 00000000 DEVTYPE 14 CTI (?)
T29F8 000:077.444   CPU_ReadMem(32 bytes @ 0xE0047FE0)
T29F8 000:077.776   CPU_ReadMem(4 bytes @ 0xE0047FBC)
T29F8 000:078.031   CPU_ReadMem(4 bytes @ 0xE0047FCC)
T29F8 000:078.263   [0][1]: E0047000 CID B105900D PID 003BB908 DEVARCH 00000000 DEVTYPE 12 CSTF
T29F8 000:078.274   CPU_ReadMem(32 bytes @ 0xE0048FE0)
T29F8 000:078.604   CPU_ReadMem(4 bytes @ 0xE0048FBC)
T29F8 000:078.830   CPU_ReadMem(4 bytes @ 0xE0048FCC)
T29F8 000:079.053   [0][2]: E0048000 CID B105900D PID 001BB961 DEVARCH 00000000 DEVTYPE 21 ETB
T29F8 000:079.062   CPU_ReadMem(32 bytes @ 0xE0049FE0)
T29F8 000:079.388   [0][3]: E0049000 CID B105F00D PID 001BB101 TSG
T29F8 000:079.403   CPU_ReadMem(32 bytes @ 0xE0040FE0)
T29F8 000:079.734   CPU_ReadMem(4 bytes @ 0xE0040FBC)
T29F8 000:080.029   CPU_ReadMem(4 bytes @ 0xE0040FCC)
T29F8 000:080.234   [0][4]: E0040000 CID B105900D PID 000BBD21 DEVARCH 00000000 DEVTYPE 11 TPIU
T29F8 000:080.243   CPU_ReadMem(32 bytes @ 0xE00FFFE0)
T29F8 000:080.578   [0][5]: E00FF000 CID B105100D PID 000BB4C9 ROM Table
T29F8 000:080.589   ROMTbl[1] @ E00FF000
T29F8 000:080.598   CPU_ReadMem(64 bytes @ 0xE00FF000)
T29F8 000:081.113   CPU_ReadMem(32 bytes @ 0xE000EFE0)
T29F8 000:081.471   CPU_ReadMem(4 bytes @ 0xE000EFBC)
T29F8 000:081.686   CPU_ReadMem(4 bytes @ 0xE000EFCC)
T29F8 000:081.927   [1][0]: E000E000 CID B105900D PID 000BBD21 DEVARCH 47702A04 DEVTYPE 00 Cortex-M33
T29F8 000:081.942   CPU_ReadMem(32 bytes @ 0xE0001FE0)
T29F8 000:082.331   CPU_ReadMem(4 bytes @ 0xE0001FBC)
T29F8 000:082.556   CPU_ReadMem(4 bytes @ 0xE0001FCC)
T29F8 000:082.763   [1][1]: E0001000 CID B105900D PID 000BBD21 DEVARCH 47701A02 DEVTYPE 00 DWT
T29F8 000:082.772   CPU_ReadMem(32 bytes @ 0xE0002FE0)
T29F8 000:083.093   CPU_ReadMem(4 bytes @ 0xE0002FBC)
T29F8 000:083.291   CPU_ReadMem(4 bytes @ 0xE0002FCC)
T29F8 000:083.495   [1][2]: E0002000 CID B105900D PID 000BBD21 DEVARCH 47701A03 DEVTYPE 00 FPB
T29F8 000:083.505   CPU_ReadMem(32 bytes @ 0xE0000FE0)
T29F8 000:083.854   CPU_ReadMem(4 bytes @ 0xE0000FBC)
T29F8 000:084.069   CPU_ReadMem(4 bytes @ 0xE0000FCC)
T29F8 000:084.269   [1][3]: E0000000 CID B105900D PID 000BBD21 DEVARCH 47701A01 DEVTYPE 43 ITM
T29F8 000:084.278   CPU_ReadMem(32 bytes @ 0xE0041FE0)
T29F8 000:084.689   CPU_ReadMem(4 bytes @ 0xE0041FBC)
T29F8 000:084.945   CPU_ReadMem(4 bytes @ 0xE0041FCC)
T29F8 000:085.195   [1][5]: E0041000 CID B105900D PID 002BBD21 DEVARCH 47724A13 DEVTYPE 13 ETM
T29F8 000:085.209   CPU_ReadMem(32 bytes @ 0xE0042FE0)
T29F8 000:085.567   CPU_ReadMem(4 bytes @ 0xE0042FBC)
T29F8 000:085.850   CPU_ReadMem(4 bytes @ 0xE0042FCC)
T29F8 000:086.086   [1][6]: E0042000 CID B105900D PID 000BBD21 DEVARCH 47701A14 DEVTYPE 14 CSS600-CTI
T29F8 000:086.134   CPU_ReadMem(4 bytes @ 0xE000EDF0)
T29F8 000:086.340   Data:  01 00 10 01
T29F8 000:086.350   Debug reg: DHCSR
T29F8 000:086.358 - 26.604ms returns 0
T29F8 000:086.394 JLINK_ReadMem(0x400E002C, 0x4 Bytes, ...)
T29F8 000:086.402   CPU_ReadMem(4 bytes @ 0x400E002C)
T29F8 000:086.609   Data:  02 00 00 00
T29F8 000:086.618 - 0.223ms returns 0
T29F8 000:086.639 JLINK_ReadMem(0xE000EDF0, 0x4 Bytes, ...)
T29F8 000:086.647   CPU_ReadMem(4 bytes @ 0xE000EDF0)
T29F8 000:086.847   Data:  01 00 10 01
T29F8 000:086.857   Debug reg: DHCSR
T29F8 000:086.866 - 0.226ms returns 0
T29F8 000:086.888 JLINK_ReadMem(0xE000EDF0, 0x4 Bytes, ...)
T29F8 000:086.895   CPU_ReadMem(4 bytes @ 0xE000EDF0)
T29F8 000:087.099   Data:  01 00 10 01
T29F8 000:087.108   Debug reg: DHCSR
T29F8 000:087.116 - 0.227ms returns 0
T29F8 000:087.123 JLINK_ReadMem(0x400E001C, 0x4 Bytes, ...)
T29F8 000:087.129   CPU_ReadMem(4 bytes @ 0x400E001C)
T29F8 000:087.323   Data:  00 FC FF 00
T29F8 000:087.332 - 0.209ms returns 0
T29F8 000:087.340 JLINK_ReadMem(0xE000EDF0, 0x4 Bytes, ...)
T29F8 000:087.347   CPU_ReadMem(4 bytes @ 0xE000EDF0)
T29F8 000:087.559   Data:  01 00 10 01
T29F8 000:087.576   Debug reg: DHCSR
T29F8 000:087.585 - 0.244ms returns 0
T29F8 000:087.595 JLINK_ReadMem(0x400E0018, 0x4 Bytes, ...)
T29F8 000:087.604   CPU_ReadMem(4 bytes @ 0x400E0018)
T29F8 000:087.812   Data:  00 80 FF 00
T29F8 000:087.825 - 0.230ms returns 0
T29F8 000:087.835 JLINK_ReadMem(0xE000EDF0, 0x4 Bytes, ...)
T29F8 000:087.843   CPU_ReadMem(4 bytes @ 0xE000EDF0)
T29F8 000:088.051   Data:  01 00 10 01
T29F8 000:088.067   Debug reg: DHCSR
T29F8 000:088.075 - 0.239ms returns 0
T29F8 000:088.084 JLINK_ReadMem(0x400E0020, 0x4 Bytes, ...)
T29F8 000:088.093   CPU_ReadMem(4 bytes @ 0x400E0020)
T29F8 000:088.306   Data:  00 FC 00 00
T29F8 000:088.318 - 0.234ms returns 0
T29F8 000:088.329 JLINK_ReadMem(0xE000EDF0, 0x4 Bytes, ...)
T29F8 000:088.336   CPU_ReadMem(4 bytes @ 0xE000EDF0)
T29F8 000:088.538   Data:  01 00 10 01
T29F8 000:088.546   Debug reg: DHCSR
T29F8 000:088.555 - 0.225ms returns 0
T29F8 000:088.562 JLINK_ReadMem(0x400E0028, 0x4 Bytes, ...)
T29F8 000:088.568   CPU_ReadMem(4 bytes @ 0x400E0028)
T29F8 000:088.769   Data:  00 FC 1F 00
T29F8 000:088.786 - 0.224ms returns 0
T29F8 000:088.799 JLINK_ReadMem(0xE000EDF0, 0x4 Bytes, ...)
T29F8 000:088.807   CPU_ReadMem(4 bytes @ 0xE000EDF0)
T29F8 000:089.027   Data:  01 00 10 01
T29F8 000:089.039   Debug reg: DHCSR
T29F8 000:089.047 - 0.248ms returns 0
T29F8 000:089.055 JLINK_ReadMem(0x400E0024, 0x4 Bytes, ...)
T29F8 000:089.061   CPU_ReadMem(4 bytes @ 0x400E0024)
T29F8 000:089.286   Data:  00 E0 1F 00
T29F8 000:089.295 - 0.240ms returns 0
T29F8 000:089.304 JLINK_ReadMem(0xE000EDF0, 0x4 Bytes, ...)
T29F8 000:089.310   CPU_ReadMem(4 bytes @ 0xE000EDF0)
T29F8 000:089.510   Data:  01 00 10 01
T29F8 000:089.521   Debug reg: DHCSR
T29F8 000:089.530 - 0.225ms returns 0
T29F8 000:089.537 JLINK_ReadMem(0x400E002C, 0x4 Bytes, ...)
T29F8 000:089.544   CPU_ReadMem(4 bytes @ 0x400E002C)
T29F8 000:089.745   Data:  02 00 00 00
T29F8 000:089.753 - 0.216ms returns 0
T29F8 000:089.762 JLINK_ReadMem(0xE000EDF0, 0x4 Bytes, ...)
T29F8 000:089.768   CPU_ReadMem(4 bytes @ 0xE000EDF0)
T29F8 000:090.026   Data:  01 00 10 01
T29F8 000:090.039   Debug reg: DHCSR
T29F8 000:090.049 - 0.287ms returns 0
T29F8 000:090.056 JLINK_ReadMem(0x400E002C, 0x4 Bytes, ...)
T29F8 000:090.063   CPU_ReadMem(4 bytes @ 0x400E002C)
T29F8 000:090.263   Data:  02 00 00 00
T29F8 000:090.274 - 0.218ms returns 0
T29F8 000:096.463 JLINK_Close()
T29F8 000:112.578 - 16.114ms
T29F8 000:112.607   
T29F8 000:112.613   Closed
