T3C0C 000:000.430   SEGGER J-Link V8.12c Log File
T3C0C 000:000.543   DLL Compiled: Jan 22 2025 12:55:59
T3C0C 000:000.549   Logging started @ 2025-03-03 16:41
T3C0C 000:000.555   Process: C:\Users\a8456\.eclipse\com.renesas.platform_1309835749\DebugComp\RA\e2-server-gdb.exe
T3C0C 000:000.564 - 0.560ms 
T3C0C 000:000.576 JLINK_GetDLLVersion()
T3C0C 000:000.583 - 0.006ms returns 81203
T3C0C 000:002.888 JLINK_OpenEx(...)
T3C0C 000:008.149   Firmware: J-Link V9 compiled May  7 2021 16:26:12
T3C0C 000:008.569   Firmware: J-Link V9 compiled May  7 2021 16:26:12
T3C0C 000:008.670   Decompressing FW timestamp took 86 us
T3C0C 000:014.069   Hardware: V9.60
T3C0C 000:014.099   S/N: 69660718
T3C0C 000:014.113   OEM: SEGGER
T3C0C 000:014.128   Feature(s): RDI, GDB, FlashDL, FlashBP, JFlash
T3C0C 000:014.545   Bootloader: (FW returned invalid version)
T3C0C 000:015.405   TELNET listener socket opened on port 19021
T3C0C 000:015.654   WEBSRV WEBSRV_Init(): Starting webserver thread(s)
T3C0C 000:015.925   WEBSRV Webserver running on local port 19080
T3C0C 000:016.112   Looking for J-Link GUI Server exe at: C:\Users\a8456\.eclipse\com.renesas.platform_1309835749\DebugComp\RA\ARM\Segger_v8.12.3\JLinkGUIServer.exe
T3C0C 000:016.214   Looking for J-Link GUI Server exe at: C:\Program Files\SEGGER\JLink_V796h\JLinkGUIServer.exe
T3C0C 000:016.243   Forking J-Link GUI Server: C:\Program Files\SEGGER\JLink_V796h\JLinkGUIServer.exe
T3C0C 000:035.230   J-Link GUI Server info: "J-Link GUI server V7.96h "
T3C0C 000:038.388 - 35.494ms returns "O.K."
T3C0C 000:038.513 JLINK_ExecCommand("ProjectFile=C:\Users\a8456\e2_studio\workspace_5.8\RA4M2_Project21/RA4M2_Project21 Debug_Flat.jlink", ...). 
T3C0C 000:052.232 - 13.719ms returns 0x00
T3C0C 000:052.679 JLINK_ExecCommand("device=R7FA4M2AD", ...). 
T3C0C 000:053.585   Flash bank @ 0x0100A100: SFL: Parsing sectorization info from ELF file
T3C0C 000:053.604     FlashDevice.SectorInfo[0]: .SectorSize = 0x00000010, .SectorStartAddr = 0x00000000
T3C0C 000:053.613   FlashBank @0x0100A100: Sectorization info from SFL ELF file ignored because sectorization override from DLL / XML file is active.
T3C0C 000:053.792   Flash bank @ 0x60000000: SFL: Parsing sectorization info from ELF file
T3C0C 000:053.802     FlashDevice.SectorInfo[0]: .SectorSize = 0x00010000, .SectorStartAddr = 0x00000000
T3C0C 000:056.607   Device "R7FA4M2AD" selected.
T3C0C 000:056.933 - 4.222ms returns 0x00
T3C0C 000:056.950 JLINK_TIF_GetAvailable(...)
T3C0C 000:057.111 - 0.161ms 
T3C0C 000:057.120 JLINK_TIF_Select(JLINKARM_TIF_SWD)
T3C0C 000:057.512 - 0.391ms returns 0x00
T3C0C 000:057.520 JLINK_SetSpeed(4000)
T3C0C 000:057.579 - 0.060ms 
T3C0C 000:057.594 JLINK_ReadMem(0xE000EDF0, 0x4 Bytes, ...)
T3C0C 000:057.695   ConfigTargetSettings() start
T3C0C 000:057.704    J-Link Script File: Executing ConfigTargetSettings()
T3C0C 000:057.712   Configuring FlashDLNoRMWThreshold=0x200 in order to make sure that option bytes programming is done via read-modify-write
T3C0C 000:062.446   ConfigTargetSettings() end - Took 4.73ms
T3C0C 000:062.460   InitTarget() start
T3C0C 000:062.468    J-Link Script File: Executing InitTarget()
T3C0C 000:062.475   SWD selected. Executing JTAG -> SWD switching sequence.
T3C0C 000:063.792   DAP initialized successfully.
T3C0C 000:063.823   Determining TrustZone configuration...
T3C0C 000:065.887     Secure Debug: Enabled (SSD)
T3C0C 000:065.917   Determining currently configured transfer type by reading the AHB-AP CSW register.
T3C0C 000:066.483     --> Correct transfer type configured. Done.
T3C0C 000:066.521   InitTarget() end - Took 4.05ms
T3C0C 000:066.990   Found SW-DP with ID 0x6BA02477
T3C0C 000:068.482   DPIDR: 0x6BA02477
T3C0C 000:068.498   CoreSight SoC-400 or earlier
T3C0C 000:068.507   Scanning AP map to find all available APs
T3C0C 000:069.167   AP[2]: Stopped AP scan as end of AP map has been reached
T3C0C 000:069.203   AP[0]: AHB-AP (IDR: 0x84770001, ADDR: 0x00000000)
T3C0C 000:069.219   AP[1]: APB-AP (IDR: 0x54770002, ADDR: 0x01000000)
T3C0C 000:069.234   Iterating through AP map to find AHB-AP to use
T3C0C 000:069.962   AP[0]: Core found
T3C0C 000:069.977   AP[0]: AHB-AP ROM base: 0xE00FE000
T3C0C 000:070.314   CPUID register: 0x410FD214. Implementer code: 0x41 (ARM)
T3C0C 000:070.330   Feature set: Mainline
T3C0C 000:070.668   Cache: No cache
T3C0C 000:070.681   Found Cortex-M33 r0p4, Little endian.
T3C0C 000:070.935   -- Max. mem block: 0x00010A88
T3C0C 000:071.316   
  ***** Warning: 
T3C0C 000:071.325   Cortex-M (ARMv8-M and later): The connected J-Link (S/N 69660718) uses an old firmware module that does not handle I/D-cache correctly. Proper debugging functionality cannot be guaranteed if cache is enabled
T3C0C 000:071.338   CPU_ReadMem(4 bytes @ 0xE000EDF0)
T3C0C 000:071.565   CPU_WriteMem(4 bytes @ 0xE000EDF0)
T3C0C 000:071.784   CPU_ReadMem(4 bytes @ 0xE0002000)
T3C0C 000:072.062   FPUnit: 8 code (BP) slots and 0 literal slots
T3C0C 000:072.071   CPU_ReadMem(4 bytes @ 0xE000EDFC)
T3C0C 000:072.289   CPU_WriteMem(4 bytes @ 0xE000EDFC)
T3C0C 000:072.508   CPU_ReadMem(4 bytes @ 0xE0001000)
T3C0C 000:072.716   CPU_ReadMem(4 bytes @ 0xE0001000)
T3C0C 000:072.934   CPU_ReadMem(4 bytes @ 0xE0001028)
T3C0C 000:073.149   CPU_ReadMem(4 bytes @ 0xE0001038)
T3C0C 000:073.366   CPU_ReadMem(4 bytes @ 0xE0001048)
T3C0C 000:073.580   CPU_ReadMem(4 bytes @ 0xE0001058)
T3C0C 000:073.793   CPU_WriteMem(4 bytes @ 0xE0001000)
T3C0C 000:074.069   CPU_ReadMem(4 bytes @ 0xE000ED88)
T3C0C 000:074.300   CPU_WriteMem(4 bytes @ 0xE000ED88)
T3C0C 000:074.515   CPU_ReadMem(4 bytes @ 0xE000ED88)
T3C0C 000:074.732   CPU_WriteMem(4 bytes @ 0xE000ED88)
T3C0C 000:074.961   CPU_ReadMem(4 bytes @ 0xE000EFB8)
T3C0C 000:075.187   Security extension: implemented
T3C0C 000:075.197   Secure debug: enabled
T3C0C 000:075.205   CoreSight components:
T3C0C 000:075.213   ROMTbl[0] @ E00FE000
T3C0C 000:075.221   CPU_ReadMem(64 bytes @ 0xE00FE000)
T3C0C 000:075.711   CPU_ReadMem(32 bytes @ 0xE0044FE0)
T3C0C 000:076.076   CPU_ReadMem(4 bytes @ 0xE0044FBC)
T3C0C 000:076.293   CPU_ReadMem(4 bytes @ 0xE0044FCC)
T3C0C 000:076.517   [0][0]: E0044000 CID B105900D PID 005BB906 DEVARCH 00000000 DEVTYPE 14 CTI (?)
T3C0C 000:076.527   CPU_ReadMem(32 bytes @ 0xE0047FE0)
T3C0C 000:076.910   CPU_ReadMem(4 bytes @ 0xE0047FBC)
T3C0C 000:077.124   CPU_ReadMem(4 bytes @ 0xE0047FCC)
T3C0C 000:077.340   [0][1]: E0047000 CID B105900D PID 003BB908 DEVARCH 00000000 DEVTYPE 12 CSTF
T3C0C 000:077.348   CPU_ReadMem(32 bytes @ 0xE0048FE0)
T3C0C 000:077.706   CPU_ReadMem(4 bytes @ 0xE0048FBC)
T3C0C 000:077.940   CPU_ReadMem(4 bytes @ 0xE0048FCC)
T3C0C 000:078.150   [0][2]: E0048000 CID B105900D PID 001BB961 DEVARCH 00000000 DEVTYPE 21 TMC
T3C0C 000:078.158   CPU_ReadMem(32 bytes @ 0xE0049FE0)
T3C0C 000:078.498   [0][3]: E0049000 CID B105F00D PID 001BB101 TSG
T3C0C 000:078.507   CPU_ReadMem(32 bytes @ 0xE0040FE0)
T3C0C 000:078.934   CPU_ReadMem(4 bytes @ 0xE0040FBC)
T3C0C 000:079.161   CPU_ReadMem(4 bytes @ 0xE0040FCC)
T3C0C 000:079.372   [0][4]: E0040000 CID B105900D PID 000BBD21 DEVARCH 00000000 DEVTYPE 11 TPIU
T3C0C 000:079.381   CPU_ReadMem(32 bytes @ 0xE00FFFE0)
T3C0C 000:079.712   [0][5]: E00FF000 CID B105100D PID 000BB4C9 ROM Table
T3C0C 000:079.731   ROMTbl[1] @ E00FF000
T3C0C 000:079.740   CPU_ReadMem(64 bytes @ 0xE00FF000)
T3C0C 000:080.229   CPU_ReadMem(32 bytes @ 0xE000EFE0)
T3C0C 000:080.602   CPU_ReadMem(4 bytes @ 0xE000EFBC)
T3C0C 000:080.886   CPU_ReadMem(4 bytes @ 0xE000EFCC)
T3C0C 000:081.115   [1][0]: E000E000 CID B105900D PID 000BBD21 DEVARCH 47702A04 DEVTYPE 00 Cortex-M33
T3C0C 000:081.124   CPU_ReadMem(32 bytes @ 0xE0001FE0)
T3C0C 000:081.471   CPU_ReadMem(4 bytes @ 0xE0001FBC)
T3C0C 000:081.798   CPU_ReadMem(4 bytes @ 0xE0001FCC)
T3C0C 000:082.057   [1][1]: E0001000 CID B105900D PID 000BBD21 DEVARCH 47701A02 DEVTYPE 00 DWT
T3C0C 000:082.082   CPU_ReadMem(32 bytes @ 0xE0002FE0)
T3C0C 000:082.473   CPU_ReadMem(4 bytes @ 0xE0002FBC)
T3C0C 000:082.727   CPU_ReadMem(4 bytes @ 0xE0002FCC)
T3C0C 000:082.975   [1][2]: E0002000 CID B105900D PID 000BBD21 DEVARCH 47701A03 DEVTYPE 00 FPB
T3C0C 000:083.002   CPU_ReadMem(32 bytes @ 0xE0000FE0)
T3C0C 000:083.363   CPU_ReadMem(4 bytes @ 0xE0000FBC)
T3C0C 000:083.601   CPU_ReadMem(4 bytes @ 0xE0000FCC)
T3C0C 000:083.926   [1][3]: E0000000 CID B105900D PID 000BBD21 DEVARCH 47701A01 DEVTYPE 43 ITM
T3C0C 000:083.943   CPU_ReadMem(32 bytes @ 0xE0041FE0)
T3C0C 000:084.286   CPU_ReadMem(4 bytes @ 0xE0041FBC)
T3C0C 000:084.519   CPU_ReadMem(4 bytes @ 0xE0041FCC)
T3C0C 000:084.749   [1][5]: E0041000 CID B105900D PID 002BBD21 DEVARCH 47724A13 DEVTYPE 13 ETM
T3C0C 000:084.761   CPU_ReadMem(32 bytes @ 0xE0042FE0)
T3C0C 000:085.095   CPU_ReadMem(4 bytes @ 0xE0042FBC)
T3C0C 000:085.324   CPU_ReadMem(4 bytes @ 0xE0042FCC)
T3C0C 000:085.604   [1][6]: E0042000 CID B105900D PID 000BBD21 DEVARCH 47701A14 DEVTYPE 14 CSS600-CTI
T3C0C 000:085.646   CPU_ReadMem(4 bytes @ 0xE000EDF0)
T3C0C 000:085.883   Data:  01 00 10 01
T3C0C 000:085.892   Debug reg: DHCSR
T3C0C 000:085.900 - 28.306ms returns 0
T3C0C 000:085.936 JLINK_ReadMem(0x400E002C, 0x4 Bytes, ...)
T3C0C 000:085.943   CPU_ReadMem(4 bytes @ 0x400E002C)
T3C0C 000:086.162   Data:  01 00 00 00
T3C0C 000:086.171 - 0.235ms returns 0
T3C0C 000:086.192 JLINK_ReadMem(0xE000EDF0, 0x4 Bytes, ...)
T3C0C 000:086.199   CPU_ReadMem(4 bytes @ 0xE000EDF0)
T3C0C 000:086.417   Data:  01 00 10 01
T3C0C 000:086.425   Debug reg: DHCSR
T3C0C 000:086.433 - 0.241ms returns 0
T3C0C 000:086.483 JLINK_ReadMem(0xE000EDF0, 0x4 Bytes, ...)
T3C0C 000:086.500   CPU_ReadMem(4 bytes @ 0xE000EDF0)
T3C0C 000:086.722   Data:  01 00 10 01
T3C0C 000:086.733   Debug reg: DHCSR
T3C0C 000:086.742 - 0.258ms returns 0
T3C0C 000:086.749 JLINK_ReadMem(0x400E001C, 0x4 Bytes, ...)
T3C0C 000:086.756   CPU_ReadMem(4 bytes @ 0x400E001C)
T3C0C 000:086.959   Data:  00 FC FF 00
T3C0C 000:086.968 - 0.218ms returns 0
T3C0C 000:086.978 JLINK_ReadMem(0xE000EDF0, 0x4 Bytes, ...)
T3C0C 000:086.984   CPU_ReadMem(4 bytes @ 0xE000EDF0)
T3C0C 000:087.226   Data:  01 00 10 01
T3C0C 000:087.252   Debug reg: DHCSR
T3C0C 000:087.267 - 0.289ms returns 0
T3C0C 000:087.282 JLINK_ReadMem(0x400E0018, 0x4 Bytes, ...)
T3C0C 000:087.298   CPU_ReadMem(4 bytes @ 0x400E0018)
T3C0C 000:087.541   Data:  00 80 FF 00
T3C0C 000:087.565 - 0.283ms returns 0
T3C0C 000:087.584 JLINK_ReadMem(0xE000EDF0, 0x4 Bytes, ...)
T3C0C 000:087.603   CPU_ReadMem(4 bytes @ 0xE000EDF0)
T3C0C 000:087.889   Data:  01 00 10 01
T3C0C 000:087.898   Debug reg: DHCSR
T3C0C 000:087.906 - 0.322ms returns 0
T3C0C 000:087.915 JLINK_ReadMem(0x400E0020, 0x4 Bytes, ...)
T3C0C 000:087.921   CPU_ReadMem(4 bytes @ 0x400E0020)
T3C0C 000:088.144   Data:  00 FC 00 00
T3C0C 000:088.153 - 0.238ms returns 0
T3C0C 000:088.162 JLINK_ReadMem(0xE000EDF0, 0x4 Bytes, ...)
T3C0C 000:088.168   CPU_ReadMem(4 bytes @ 0xE000EDF0)
T3C0C 000:088.382   Data:  01 00 10 01
T3C0C 000:088.390   Debug reg: DHCSR
T3C0C 000:088.398 - 0.236ms returns 0
T3C0C 000:088.405 JLINK_ReadMem(0x400E0028, 0x4 Bytes, ...)
T3C0C 000:088.411   CPU_ReadMem(4 bytes @ 0x400E0028)
T3C0C 000:088.626   Data:  00 FC 1F 00
T3C0C 000:088.637 - 0.232ms returns 0
T3C0C 000:088.646 JLINK_ReadMem(0xE000EDF0, 0x4 Bytes, ...)
T3C0C 000:088.652   CPU_ReadMem(4 bytes @ 0xE000EDF0)
T3C0C 000:088.935   Data:  01 00 10 01
T3C0C 000:088.945   Debug reg: DHCSR
T3C0C 000:088.953 - 0.307ms returns 0
T3C0C 000:088.961 JLINK_ReadMem(0x400E0024, 0x4 Bytes, ...)
T3C0C 000:088.968   CPU_ReadMem(4 bytes @ 0x400E0024)
T3C0C 000:089.189   Data:  00 E0 1F 00
T3C0C 000:089.200 - 0.238ms returns 0
T3C0C 000:089.209 JLINK_ReadMem(0xE000EDF0, 0x4 Bytes, ...)
T3C0C 000:089.216   CPU_ReadMem(4 bytes @ 0xE000EDF0)
T3C0C 000:089.439   Data:  01 00 10 01
T3C0C 000:089.449   Debug reg: DHCSR
T3C0C 000:089.457 - 0.247ms returns 0
T3C0C 000:089.464 JLINK_ReadMem(0x400E002C, 0x4 Bytes, ...)
T3C0C 000:089.470   CPU_ReadMem(4 bytes @ 0x400E002C)
T3C0C 000:089.688   Data:  01 00 00 00
T3C0C 000:089.696 - 0.232ms returns 0
T3C0C 000:092.557 JLINK_Close()
T3C0C 000:105.915 - 13.357ms
T3C0C 000:105.944   
T3C0C 000:105.950   Closed
