T7148 000:000.670   SEGGER J-Link V7.98b Log File
T7148 000:000.856   DLL Compiled: Jul 31 2024 16:10:46
T7148 000:000.870   Logging started @ 2025-02-06 10:23
T7148 000:000.884   Process: C:\Users\a8456\.eclipse\com.renesas.platform_1291987301\DebugComp\RA\e2-server-gdb.exe
T7148 000:000.900 - 0.898ms
T7148 000:000.922 JLINK_GetDLLVersion()
T7148 000:000.937 - 0.015ms returns 79802
T7148 000:003.897 JLINK_OpenEx(...)
T7148 000:008.465   Firmware: J-Link V9 compiled May  7 2021 16:26:12
T7148 000:009.055   Firmware: J-Link V9 compiled May  7 2021 16:26:12
T7148 000:009.212   Decompressing FW timestamp took 93 us
T7148 000:014.659   Hardware: V9.60
T7148 000:014.730   S/N: 69660718
T7148 000:014.760   OEM: SEGGER
T7148 000:014.885   Feature(s): RDI, GDB, FlashDL, FlashBP, JFlash
T7148 000:015.332   Bootloader: (Could not read)
T7148 000:015.901   TELNET listener socket opened on port 19021
T7148 000:016.067   WEBSRV WEBSRV_Init(): Starting webserver thread(s)
T7148 000:016.372   WEBSRV Webserver running on local port 19080
T7148 000:016.520   Looking for J-Link GUI Server exe at: C:\Users\a8456\.eclipse\com.renesas.platform_1291987301\DebugComp\RA\ARM\Segger_v7.98.2\JLinkGUIServer.exe
T7148 000:016.619   Looking for J-Link GUI Server exe at: C:\Program Files\SEGGER\JLink_V796h\JLinkGUIServer.exe
T7148 000:016.649   Forking J-Link GUI Server: C:\Program Files\SEGGER\JLink_V796h\JLinkGUIServer.exe
T7148 000:042.520   J-Link GUI Server info: "J-Link GUI server V7.96h "
T7148 000:050.369 - 46.457ms returns "O.K."
T7148 000:050.539 JLINK_ExecCommand("ProjectFile=C:\Users\a8456\e2_studio\workspace_5.5\RA4M2_Project8/RA4M2_Project8.elf.jlink", ...). 
T7148 000:072.982 - 22.447ms returns 0x00
T7148 000:073.223 JLINK_ExecCommand("device=R7FA4M2AD", ...). 
T7148 000:073.353   Flash bank @ 0x0100A100: SFL: Parsing sectorization info from ELF file
T7148 000:073.365     FlashDevice.SectorInfo[0]: .SectorSize = 0x00000010, .SectorStartAddr = 0x00000000
T7148 000:073.374   FlashBank @0x0100A100: Sectorization info from SFL ELF file ignored because sectorization override from DLL / XML file is active.
T7148 000:073.601   Flash bank @ 0x60000000: SFL: Parsing sectorization info from ELF file
T7148 000:073.613     FlashDevice.SectorInfo[0]: .SectorSize = 0x00010000, .SectorStartAddr = 0x00000000
T7148 000:077.641   Device "R7FA4M2AD" selected.
T7148 000:078.174 - 4.940ms returns 0x00
T7148 000:078.223 JLINK_TIF_GetAvailable(...)
T7148 000:078.384 - 0.161ms
T7148 000:078.399 JLINK_TIF_Select(JLINKARM_TIF_SWD)
T7148 000:078.779 - 0.380ms returns 0x00
T7148 000:078.794 JLINK_SetSpeed(4000)
T7148 000:078.999 - 0.206ms
T7148 000:079.045 JLINK_ReadMem(0xE000EDF0, 0x4 Bytes, ...)
T7148 000:079.191   ConfigTargetSettings() start
T7148 000:079.208    J-Link Script File: Executing ConfigTargetSettings()
T7148 000:079.220   Configuring FlashDLNoRMWThreshold=0x200 in order to make sure that option bytes programming is done via read-modify-write
T7148 000:084.864   ConfigTargetSettings() end - Took 5.65ms
T7148 000:084.891   InitTarget() start
T7148 000:084.900    J-Link Script File: Executing InitTarget()
T7148 000:084.907   SWD selected. Executing JTAG -> SWD switching sequence.
T7148 000:086.287   DAP initialized successfully.
T7148 000:086.308   Determining TrustZone configuration...
T7148 000:087.013     Secure Debug: Enabled (SSD)
T7148 000:087.032   Determining currently configured transfer type by reading the AHB-AP CSW register.
T7148 000:087.503     --> Correct transfer type configured. Done.
T7148 000:087.523   InitTarget() end - Took 2.62ms
T7148 000:087.991   Found SW-DP with ID 0x6BA02477
T7148 000:089.593   DPIDR: 0x6BA02477
T7148 000:089.614   CoreSight SoC-400 or earlier
T7148 000:089.623   Scanning AP map to find all available APs
T7148 000:090.277   AP[2]: Stopped AP scan as end of AP map has been reached
T7148 000:090.300   AP[0]: AHB-AP (IDR: 0x84770001)
T7148 000:090.308   AP[1]: APB-AP (IDR: 0x54770002)
T7148 000:090.316   Iterating through AP map to find AHB-AP to use
T7148 000:090.990   AP[0]: Core found
T7148 000:091.052   AP[0]: AHB-AP ROM base: 0xE00FE000
T7148 000:091.389   CPUID register: 0x410FD214. Implementer code: 0x41 (ARM)
T7148 000:091.402   Feature set: Mainline
T7148 000:091.736   Cache: No cache
T7148 000:091.748   Found Cortex-M33 r0p4, Little endian.
T7148 000:092.085   -- Max. mem block: 0x00010A88
T7148 000:092.560   
  ***** Warning: 
T7148 000:092.578   Cortex-M (ARMv8-M and later): The connected J-Link (S/N 69660718) uses an old firmware module that does not handle I/D-cache correctly. Proper debugging functionality cannot be guaranteed if cache is enabled
T7148 000:092.601   CPU_ReadMem(4 bytes @ 0xE000EDF0)
T7148 000:092.844   CPU_WriteMem(4 bytes @ 0xE000EDF0)
T7148 000:093.407   CPU_ReadMem(4 bytes @ 0xE0002000)
T7148 000:093.761   FPUnit: 8 code (BP) slots and 0 literal slots
T7148 000:093.792   CPU_ReadMem(4 bytes @ 0xE000EDFC)
T7148 000:094.028   CPU_WriteMem(4 bytes @ 0xE000EDFC)
T7148 000:094.329   CPU_ReadMem(4 bytes @ 0xE0001000)
T7148 000:094.566   CPU_ReadMem(4 bytes @ 0xE0001000)
T7148 000:094.824   CPU_ReadMem(4 bytes @ 0xE0001028)
T7148 000:095.131   CPU_ReadMem(4 bytes @ 0xE0001038)
T7148 000:095.356   CPU_ReadMem(4 bytes @ 0xE0001048)
T7148 000:095.599   CPU_ReadMem(4 bytes @ 0xE0001058)
T7148 000:095.841   CPU_WriteMem(4 bytes @ 0xE0001000)
T7148 000:096.084   CPU_ReadMem(4 bytes @ 0xE000ED88)
T7148 000:096.338   CPU_WriteMem(4 bytes @ 0xE000ED88)
T7148 000:096.589   CPU_ReadMem(4 bytes @ 0xE000ED88)
T7148 000:096.806   CPU_WriteMem(4 bytes @ 0xE000ED88)
T7148 000:097.065   CPU_ReadMem(4 bytes @ 0xE000EFB8)
T7148 000:097.305   Security extension: implemented
T7148 000:097.321   Secure debug: enabled
T7148 000:097.330   CoreSight components:
T7148 000:097.338   ROMTbl[0] @ E00FE000
T7148 000:097.347   CPU_ReadMem(64 bytes @ 0xE00FE000)
T7148 000:097.872   CPU_ReadMem(32 bytes @ 0xE0044FE0)
T7148 000:098.274   CPU_ReadMem(4 bytes @ 0xE0044FBC)
T7148 000:098.533   CPU_ReadMem(4 bytes @ 0xE0044FCC)
T7148 000:098.762   [0][0]: E0044000 CID B105900D PID 005BB906 DEVARCH 00000000 DEVTYPE 14 CTI (?)
T7148 000:098.779   CPU_ReadMem(32 bytes @ 0xE0047FE0)
T7148 000:099.141   CPU_ReadMem(4 bytes @ 0xE0047FBC)
T7148 000:099.405   CPU_ReadMem(4 bytes @ 0xE0047FCC)
T7148 000:099.647   [0][1]: E0047000 CID B105900D PID 003BB908 DEVARCH 00000000 DEVTYPE 12 CSTF
T7148 000:099.657   CPU_ReadMem(32 bytes @ 0xE0048FE0)
T7148 000:100.034   CPU_ReadMem(4 bytes @ 0xE0048FBC)
T7148 000:100.349   CPU_ReadMem(4 bytes @ 0xE0048FCC)
T7148 000:100.596   [0][2]: E0048000 CID B105900D PID 001BB961 DEVARCH 00000000 DEVTYPE 21 ETB
T7148 000:100.614   CPU_ReadMem(32 bytes @ 0xE0049FE0)
T7148 000:101.028   [0][3]: E0049000 CID B105F00D PID 001BB101 TSG
T7148 000:101.046   CPU_ReadMem(32 bytes @ 0xE0040FE0)
T7148 000:101.407   CPU_ReadMem(4 bytes @ 0xE0040FBC)
T7148 000:101.648   CPU_ReadMem(4 bytes @ 0xE0040FCC)
T7148 000:101.872   [0][4]: E0040000 CID B105900D PID 000BBD21 DEVARCH 00000000 DEVTYPE 11 TPIU
T7148 000:101.881   CPU_ReadMem(32 bytes @ 0xE00FFFE0)
T7148 000:102.279   [0][5]: E00FF000 CID B105100D PID 000BB4C9 ROM Table
T7148 000:102.294   ROMTbl[1] @ E00FF000
T7148 000:102.303   CPU_ReadMem(64 bytes @ 0xE00FF000)
T7148 000:102.822   CPU_ReadMem(32 bytes @ 0xE000EFE0)
T7148 000:103.187   CPU_ReadMem(4 bytes @ 0xE000EFBC)
T7148 000:103.426   CPU_ReadMem(4 bytes @ 0xE000EFCC)
T7148 000:103.665   [1][0]: E000E000 CID B105900D PID 000BBD21 DEVARCH 47702A04 DEVTYPE 00 Cortex-M33
T7148 000:103.679   CPU_ReadMem(32 bytes @ 0xE0001FE0)
T7148 000:104.046   CPU_ReadMem(4 bytes @ 0xE0001FBC)
T7148 000:104.294   CPU_ReadMem(4 bytes @ 0xE0001FCC)
T7148 000:104.535   [1][1]: E0001000 CID B105900D PID 000BBD21 DEVARCH 47701A02 DEVTYPE 00 DWT
T7148 000:104.547   CPU_ReadMem(32 bytes @ 0xE0002FE0)
T7148 000:104.901   CPU_ReadMem(4 bytes @ 0xE0002FBC)
T7148 000:105.154   CPU_ReadMem(4 bytes @ 0xE0002FCC)
T7148 000:105.376   [1][2]: E0002000 CID B105900D PID 000BBD21 DEVARCH 47701A03 DEVTYPE 00 FPB
T7148 000:105.390   CPU_ReadMem(32 bytes @ 0xE0000FE0)
T7148 000:105.810   CPU_ReadMem(4 bytes @ 0xE0000FBC)
T7148 000:106.052   CPU_ReadMem(4 bytes @ 0xE0000FCC)
T7148 000:106.289   [1][3]: E0000000 CID B105900D PID 000BBD21 DEVARCH 47701A01 DEVTYPE 43 ITM
T7148 000:106.306   CPU_ReadMem(32 bytes @ 0xE0041FE0)
T7148 000:106.669   CPU_ReadMem(4 bytes @ 0xE0041FBC)
T7148 000:106.977   CPU_ReadMem(4 bytes @ 0xE0041FCC)
T7148 000:107.251   [1][5]: E0041000 CID B105900D PID 002BBD21 DEVARCH 47724A13 DEVTYPE 13 ETM
T7148 000:107.267   CPU_ReadMem(32 bytes @ 0xE0042FE0)
T7148 000:107.630   CPU_ReadMem(4 bytes @ 0xE0042FBC)
T7148 000:107.866   CPU_ReadMem(4 bytes @ 0xE0042FCC)
T7148 000:108.153   [1][6]: E0042000 CID B105900D PID 000BBD21 DEVARCH 47701A14 DEVTYPE 14 CSS600-CTI
T7148 000:108.201   CPU_ReadMem(4 bytes @ 0xE000EDF0)
T7148 000:108.436   Data:  01 00 10 01
T7148 000:108.448   Debug reg: DHCSR
T7148 000:108.457 - 29.412ms returns 0
T7148 000:108.514 JLINK_ReadMem(0x400E002C, 0x4 Bytes, ...)
T7148 000:108.533   CPU_ReadMem(4 bytes @ 0x400E002C)
T7148 000:108.781   Data:  02 00 00 00
T7148 000:108.795 - 0.281ms returns 0
T7148 000:108.827 JLINK_ReadMem(0xE000EDF0, 0x4 Bytes, ...)
T7148 000:108.837   CPU_ReadMem(4 bytes @ 0xE000EDF0)
T7148 000:109.064   Data:  01 00 10 01
T7148 000:109.078   Debug reg: DHCSR
T7148 000:109.088 - 0.261ms returns 0
T7148 000:109.156 JLINK_ReadMem(0xE000EDF0, 0x4 Bytes, ...)
T7148 000:109.192   CPU_ReadMem(4 bytes @ 0xE000EDF0)
T7148 000:109.461   Data:  01 00 10 01
T7148 000:109.490   Debug reg: DHCSR
T7148 000:109.507 - 0.351ms returns 0
T7148 000:109.524 JLINK_ReadMem(0x400E001C, 0x4 Bytes, ...)
T7148 000:109.542   CPU_ReadMem(4 bytes @ 0x400E001C)
T7148 000:109.783   Data:  00 FC FF 00
T7148 000:109.814 - 0.287ms returns 0
T7148 000:109.863 JLINK_ReadMem(0xE000EDF0, 0x4 Bytes, ...)
T7148 000:109.883   CPU_ReadMem(4 bytes @ 0xE000EDF0)
T7148 000:110.153   Data:  01 00 10 01
T7148 000:110.169   Debug reg: DHCSR
T7148 000:110.178 - 0.315ms returns 0
T7148 000:110.187 JLINK_ReadMem(0x400E0018, 0x4 Bytes, ...)
T7148 000:110.197   CPU_ReadMem(4 bytes @ 0x400E0018)
T7148 000:110.440   Data:  00 80 FF 00
T7148 000:110.456 - 0.268ms returns 0
T7148 000:110.469 JLINK_ReadMem(0xE000EDF0, 0x4 Bytes, ...)
T7148 000:110.478   CPU_ReadMem(4 bytes @ 0xE000EDF0)
T7148 000:110.713   Data:  01 00 10 01
T7148 000:110.729   Debug reg: DHCSR
T7148 000:110.738 - 0.269ms returns 0
T7148 000:110.748 JLINK_ReadMem(0x400E0020, 0x4 Bytes, ...)
T7148 000:110.757   CPU_ReadMem(4 bytes @ 0x400E0020)
T7148 000:111.032   Data:  00 FC 00 00
T7148 000:111.047 - 0.298ms returns 0
T7148 000:111.059 JLINK_ReadMem(0xE000EDF0, 0x4 Bytes, ...)
T7148 000:111.069   CPU_ReadMem(4 bytes @ 0xE000EDF0)
T7148 000:111.323   Data:  01 00 10 01
T7148 000:111.337   Debug reg: DHCSR
T7148 000:111.346 - 0.286ms returns 0
T7148 000:111.355 JLINK_ReadMem(0x400E0028, 0x4 Bytes, ...)
T7148 000:111.363   CPU_ReadMem(4 bytes @ 0x400E0028)
T7148 000:111.586   Data:  00 FC 1F 00
T7148 000:111.605 - 0.250ms returns 0
T7148 000:111.618 JLINK_ReadMem(0xE000EDF0, 0x4 Bytes, ...)
T7148 000:111.627   CPU_ReadMem(4 bytes @ 0xE000EDF0)
T7148 000:111.868   Data:  01 00 10 01
T7148 000:111.882   Debug reg: DHCSR
T7148 000:111.891 - 0.272ms returns 0
T7148 000:111.899 JLINK_ReadMem(0x400E0024, 0x4 Bytes, ...)
T7148 000:111.908   CPU_ReadMem(4 bytes @ 0x400E0024)
T7148 000:112.153   Data:  00 E0 1F 00
T7148 000:112.168 - 0.268ms returns 0
T7148 000:112.180 JLINK_ReadMem(0xE000EDF0, 0x4 Bytes, ...)
T7148 000:112.189   CPU_ReadMem(4 bytes @ 0xE000EDF0)
T7148 000:112.414   Data:  01 00 10 01
T7148 000:112.424   Debug reg: DHCSR
T7148 000:112.433 - 0.252ms returns 0
T7148 000:112.441 JLINK_ReadMem(0x400E002C, 0x4 Bytes, ...)
T7148 000:112.448   CPU_ReadMem(4 bytes @ 0x400E002C)
T7148 000:112.687   Data:  02 00 00 00
T7148 000:112.698 - 0.257ms returns 0
T7148 000:112.707 JLINK_ReadMem(0xE000EDF0, 0x4 Bytes, ...)
T7148 000:112.715   CPU_ReadMem(4 bytes @ 0xE000EDF0)
T7148 000:112.983   Data:  01 00 10 01
T7148 000:113.014   Debug reg: DHCSR
T7148 000:113.043 - 0.335ms returns 0
T7148 000:113.058 JLINK_ReadMem(0x400E002C, 0x4 Bytes, ...)
T7148 000:113.075   CPU_ReadMem(4 bytes @ 0x400E002C)
T7148 000:113.307   Data:  02 00 00 00
T7148 000:113.327 - 0.268ms returns 0
T7148 000:119.830 JLINK_Close()
T7148 000:135.315 - 15.482ms
T7148 000:135.360   
T7148 000:135.366   Closed
