T6E30 000:000.484   SEGGER J-Link V8.12c Log File
T6E30 000:000.627   DLL Compiled: Jan 22 2025 12:55:59
T6E30 000:000.641   Logging started @ 2025-03-01 17:41
T6E30 000:000.655   Process: C:\Users\a8456\.eclipse\com.renesas.platform_1309835749\DebugComp\RA\e2-server-gdb.exe
T6E30 000:000.672 - 0.668ms 
T6E30 000:000.691 JLINK_GetDLLVersion()
T6E30 000:000.706 - 0.014ms returns 81203
T6E30 000:002.959 JLINK_OpenEx(...)
T6E30 000:008.651   Firmware: J-Link V9 compiled May  7 2021 16:26:12
T6E30 000:009.658   Firmware: J-Link V9 compiled May  7 2021 16:26:12
T6E30 000:010.114   Decompressing FW timestamp took 247 us
T6E30 000:015.558   Hardware: V9.60
T6E30 000:015.600   S/N: 69660718
T6E30 000:015.619   OEM: SEGGER
T6E30 000:015.771   Feature(s): RDI, GDB, FlashDL, FlashBP, JFlash
T6E30 000:016.156   Bootloader: (FW returned invalid version)
T6E30 000:016.667   TELNET listener socket opened on port 19021
T6E30 000:016.776   WEBSRV WEBSRV_Init(): Starting webserver thread(s)
T6E30 000:016.984   WEBSRV Webserver running on local port 19080
T6E30 000:017.087   Looking for J-Link GUI Server exe at: C:\Users\a8456\.eclipse\com.renesas.platform_1309835749\DebugComp\RA\ARM\Segger_v8.12.3\JLinkGUIServer.exe
T6E30 000:017.166   Looking for J-Link GUI Server exe at: C:\Program Files\SEGGER\JLink_V796h\JLinkGUIServer.exe
T6E30 000:017.192   Forking J-Link GUI Server: C:\Program Files\SEGGER\JLink_V796h\JLinkGUIServer.exe
T6E30 000:039.141   J-Link GUI Server info: "J-Link GUI server V7.96h "
T6E30 000:042.838 - 39.870ms returns "O.K."
T6E30 000:042.987 JLINK_ExecCommand("ProjectFile=C:\Users\a8456\e2_studio\workspace_5.8\RA4M2_Project17/RA4M2_Project17.elf.jlink", ...). 
T6E30 000:063.672 - 20.687ms returns 0x00
T6E30 000:063.905 JLINK_ExecCommand("device=R7FA4M2AD", ...). 
T6E30 000:064.042   Flash bank @ 0x0100A100: SFL: Parsing sectorization info from ELF file
T6E30 000:064.053     FlashDevice.SectorInfo[0]: .SectorSize = 0x00000010, .SectorStartAddr = 0x00000000
T6E30 000:064.062   FlashBank @0x0100A100: Sectorization info from SFL ELF file ignored because sectorization override from DLL / XML file is active.
T6E30 000:064.261   Flash bank @ 0x60000000: SFL: Parsing sectorization info from ELF file
T6E30 000:064.272     FlashDevice.SectorInfo[0]: .SectorSize = 0x00010000, .SectorStartAddr = 0x00000000
T6E30 000:067.070   Device "R7FA4M2AD" selected.
T6E30 000:067.354 - 3.439ms returns 0x00
T6E30 000:067.369 JLINK_TIF_GetAvailable(...)
T6E30 000:067.544 - 0.174ms 
T6E30 000:067.553 JLINK_TIF_Select(JLINKARM_TIF_SWD)
T6E30 000:068.024 - 0.471ms returns 0x00
T6E30 000:068.045 JLINK_SetSpeed(4000)
T6E30 000:068.103 - 0.060ms 
T6E30 000:068.130 JLINK_ReadMem(0xE000EDF0, 0x4 Bytes, ...)
T6E30 000:068.241   ConfigTargetSettings() start
T6E30 000:068.256    J-Link Script File: Executing ConfigTargetSettings()
T6E30 000:068.264   Configuring FlashDLNoRMWThreshold=0x200 in order to make sure that option bytes programming is done via read-modify-write
T6E30 000:073.097   ConfigTargetSettings() end - Took 4.83ms
T6E30 000:073.110   InitTarget() start
T6E30 000:073.118    J-Link Script File: Executing InitTarget()
T6E30 000:073.125   SWD selected. Executing JTAG -> SWD switching sequence.
T6E30 000:074.368   DAP initialized successfully.
T6E30 000:074.377   Determining TrustZone configuration...
T6E30 000:075.075     Secure Debug: Enabled (SSD)
T6E30 000:075.106   Determining currently configured transfer type by reading the AHB-AP CSW register.
T6E30 000:075.734     --> Correct transfer type configured. Done.
T6E30 000:075.754   InitTarget() end - Took 2.63ms
T6E30 000:076.224   Found SW-DP with ID 0x6BA02477
T6E30 000:077.916   DPIDR: 0x6BA02477
T6E30 000:077.932   CoreSight SoC-400 or earlier
T6E30 000:077.941   Scanning AP map to find all available APs
T6E30 000:078.530   AP[2]: Stopped AP scan as end of AP map has been reached
T6E30 000:078.550   AP[0]: AHB-AP (IDR: 0x84770001, ADDR: 0x00000000)
T6E30 000:078.558   AP[1]: APB-AP (IDR: 0x54770002, ADDR: 0x01000000)
T6E30 000:078.566   Iterating through AP map to find AHB-AP to use
T6E30 000:079.240   AP[0]: Core found
T6E30 000:079.251   AP[0]: AHB-AP ROM base: 0xE00FE000
T6E30 000:079.591   CPUID register: 0x410FD214. Implementer code: 0x41 (ARM)
T6E30 000:079.599   Feature set: Mainline
T6E30 000:079.895   Cache: No cache
T6E30 000:079.904   Found Cortex-M33 r0p4, Little endian.
T6E30 000:080.133   -- Max. mem block: 0x00010A88
T6E30 000:080.563   
  ***** Warning: 
T6E30 000:080.571   Cortex-M (ARMv8-M and later): The connected J-Link (S/N 69660718) uses an old firmware module that does not handle I/D-cache correctly. Proper debugging functionality cannot be guaranteed if cache is enabled
T6E30 000:080.585   CPU_ReadMem(4 bytes @ 0xE000EDF0)
T6E30 000:080.831   CPU_WriteMem(4 bytes @ 0xE000EDF0)
T6E30 000:081.118   CPU_ReadMem(4 bytes @ 0xE0002000)
T6E30 000:081.361   FPUnit: 8 code (BP) slots and 0 literal slots
T6E30 000:081.373   CPU_ReadMem(4 bytes @ 0xE000EDFC)
T6E30 000:081.617   CPU_WriteMem(4 bytes @ 0xE000EDFC)
T6E30 000:081.949   CPU_ReadMem(4 bytes @ 0xE0001000)
T6E30 000:082.163   CPU_ReadMem(4 bytes @ 0xE0001000)
T6E30 000:082.387   CPU_ReadMem(4 bytes @ 0xE0001028)
T6E30 000:082.596   CPU_ReadMem(4 bytes @ 0xE0001038)
T6E30 000:082.824   CPU_ReadMem(4 bytes @ 0xE0001048)
T6E30 000:083.030   CPU_ReadMem(4 bytes @ 0xE0001058)
T6E30 000:083.261   CPU_WriteMem(4 bytes @ 0xE0001000)
T6E30 000:083.510   CPU_ReadMem(4 bytes @ 0xE000ED88)
T6E30 000:083.731   CPU_WriteMem(4 bytes @ 0xE000ED88)
T6E30 000:083.967   CPU_ReadMem(4 bytes @ 0xE000ED88)
T6E30 000:084.184   CPU_WriteMem(4 bytes @ 0xE000ED88)
T6E30 000:084.416   CPU_ReadMem(4 bytes @ 0xE000EFB8)
T6E30 000:084.637   Security extension: implemented
T6E30 000:084.646   Secure debug: enabled
T6E30 000:084.654   CoreSight components:
T6E30 000:084.662   ROMTbl[0] @ E00FE000
T6E30 000:084.670   CPU_ReadMem(64 bytes @ 0xE00FE000)
T6E30 000:085.187   CPU_ReadMem(32 bytes @ 0xE0044FE0)
T6E30 000:085.526   CPU_ReadMem(4 bytes @ 0xE0044FBC)
T6E30 000:085.783   CPU_ReadMem(4 bytes @ 0xE0044FCC)
T6E30 000:085.996   [0][0]: E0044000 CID B105900D PID 005BB906 DEVARCH 00000000 DEVTYPE 14 CTI (?)
T6E30 000:086.007   CPU_ReadMem(32 bytes @ 0xE0047FE0)
T6E30 000:086.343   CPU_ReadMem(4 bytes @ 0xE0047FBC)
T6E30 000:086.574   CPU_ReadMem(4 bytes @ 0xE0047FCC)
T6E30 000:086.793   [0][1]: E0047000 CID B105900D PID 003BB908 DEVARCH 00000000 DEVTYPE 12 CSTF
T6E30 000:086.802   CPU_ReadMem(32 bytes @ 0xE0048FE0)
T6E30 000:087.156   CPU_ReadMem(4 bytes @ 0xE0048FBC)
T6E30 000:087.362   CPU_ReadMem(4 bytes @ 0xE0048FCC)
T6E30 000:087.574   [0][2]: E0048000 CID B105900D PID 001BB961 DEVARCH 00000000 DEVTYPE 21 TMC
T6E30 000:087.584   CPU_ReadMem(32 bytes @ 0xE0049FE0)
T6E30 000:087.926   [0][3]: E0049000 CID B105F00D PID 001BB101 TSG
T6E30 000:087.935   CPU_ReadMem(32 bytes @ 0xE0040FE0)
T6E30 000:088.300   CPU_ReadMem(4 bytes @ 0xE0040FBC)
T6E30 000:088.527   CPU_ReadMem(4 bytes @ 0xE0040FCC)
T6E30 000:088.783   [0][4]: E0040000 CID B105900D PID 000BBD21 DEVARCH 00000000 DEVTYPE 11 TPIU
T6E30 000:088.799   CPU_ReadMem(32 bytes @ 0xE00FFFE0)
T6E30 000:089.156   [0][5]: E00FF000 CID B105100D PID 000BB4C9 ROM Table
T6E30 000:089.168   ROMTbl[1] @ E00FF000
T6E30 000:089.177   CPU_ReadMem(64 bytes @ 0xE00FF000)
T6E30 000:089.732   CPU_ReadMem(32 bytes @ 0xE000EFE0)
T6E30 000:090.092   CPU_ReadMem(4 bytes @ 0xE000EFBC)
T6E30 000:090.304   CPU_ReadMem(4 bytes @ 0xE000EFCC)
T6E30 000:090.539   [1][0]: E000E000 CID B105900D PID 000BBD21 DEVARCH 47702A04 DEVTYPE 00 Cortex-M33
T6E30 000:090.553   CPU_ReadMem(32 bytes @ 0xE0001FE0)
T6E30 000:090.926   CPU_ReadMem(4 bytes @ 0xE0001FBC)
T6E30 000:091.173   CPU_ReadMem(4 bytes @ 0xE0001FCC)
T6E30 000:091.386   [1][1]: E0001000 CID B105900D PID 000BBD21 DEVARCH 47701A02 DEVTYPE 00 DWT
T6E30 000:091.395   CPU_ReadMem(32 bytes @ 0xE0002FE0)
T6E30 000:091.801   CPU_ReadMem(4 bytes @ 0xE0002FBC)
T6E30 000:092.086   CPU_ReadMem(4 bytes @ 0xE0002FCC)
T6E30 000:092.369   [1][2]: E0002000 CID B105900D PID 000BBD21 DEVARCH 47701A03 DEVTYPE 00 FPB
T6E30 000:092.453   CPU_ReadMem(32 bytes @ 0xE0000FE0)
T6E30 000:092.846   CPU_ReadMem(4 bytes @ 0xE0000FBC)
T6E30 000:093.080   CPU_ReadMem(4 bytes @ 0xE0000FCC)
T6E30 000:093.301   [1][3]: E0000000 CID B105900D PID 000BBD21 DEVARCH 47701A01 DEVTYPE 43 ITM
T6E30 000:093.310   CPU_ReadMem(32 bytes @ 0xE0041FE0)
T6E30 000:093.753   CPU_ReadMem(4 bytes @ 0xE0041FBC)
T6E30 000:093.994   CPU_ReadMem(4 bytes @ 0xE0041FCC)
T6E30 000:094.218   [1][5]: E0041000 CID B105900D PID 002BBD21 DEVARCH 47724A13 DEVTYPE 13 ETM
T6E30 000:094.227   CPU_ReadMem(32 bytes @ 0xE0042FE0)
T6E30 000:094.631   CPU_ReadMem(4 bytes @ 0xE0042FBC)
T6E30 000:094.914   CPU_ReadMem(4 bytes @ 0xE0042FCC)
T6E30 000:095.133   [1][6]: E0042000 CID B105900D PID 000BBD21 DEVARCH 47701A14 DEVTYPE 14 CSS600-CTI
T6E30 000:095.173   CPU_ReadMem(4 bytes @ 0xE000EDF0)
T6E30 000:095.390   Data:  01 00 10 01
T6E30 000:095.400   Debug reg: DHCSR
T6E30 000:095.408 - 27.277ms returns 0
T6E30 000:095.444 JLINK_ReadMem(0x400E002C, 0x4 Bytes, ...)
T6E30 000:095.451   CPU_ReadMem(4 bytes @ 0x400E002C)
T6E30 000:095.654   Data:  01 00 00 00
T6E30 000:095.664 - 0.220ms returns 0
T6E30 000:095.688 JLINK_ReadMem(0xE000EDF0, 0x4 Bytes, ...)
T6E30 000:095.695   CPU_ReadMem(4 bytes @ 0xE000EDF0)
T6E30 000:095.911   Data:  01 00 10 01
T6E30 000:095.920   Debug reg: DHCSR
T6E30 000:095.928 - 0.240ms returns 0
T6E30 000:095.949 JLINK_ReadMem(0xE000EDF0, 0x4 Bytes, ...)
T6E30 000:095.955   CPU_ReadMem(4 bytes @ 0xE000EDF0)
T6E30 000:096.151   Data:  01 00 10 01
T6E30 000:096.160   Debug reg: DHCSR
T6E30 000:096.168 - 0.218ms returns 0
T6E30 000:096.175 JLINK_ReadMem(0x400E001C, 0x4 Bytes, ...)
T6E30 000:096.181   CPU_ReadMem(4 bytes @ 0x400E001C)
T6E30 000:096.423   Data:  00 FC FF 00
T6E30 000:096.432 - 0.257ms returns 0
T6E30 000:096.439 JLINK_ReadMem(0xE000EDF0, 0x4 Bytes, ...)
T6E30 000:096.446   CPU_ReadMem(4 bytes @ 0xE000EDF0)
T6E30 000:096.655   Data:  01 00 10 01
T6E30 000:096.667   Debug reg: DHCSR
T6E30 000:096.676 - 0.236ms returns 0
T6E30 000:096.683 JLINK_ReadMem(0x400E0018, 0x4 Bytes, ...)
T6E30 000:096.690   CPU_ReadMem(4 bytes @ 0x400E0018)
T6E30 000:096.951   Data:  00 80 FF 00
T6E30 000:096.959 - 0.276ms returns 0
T6E30 000:096.968 JLINK_ReadMem(0xE000EDF0, 0x4 Bytes, ...)
T6E30 000:096.974   CPU_ReadMem(4 bytes @ 0xE000EDF0)
T6E30 000:097.216   Data:  01 00 10 01
T6E30 000:097.224   Debug reg: DHCSR
T6E30 000:097.232 - 0.264ms returns 0
T6E30 000:097.239 JLINK_ReadMem(0x400E0020, 0x4 Bytes, ...)
T6E30 000:097.245   CPU_ReadMem(4 bytes @ 0x400E0020)
T6E30 000:097.497   Data:  00 FC 00 00
T6E30 000:097.506 - 0.266ms returns 0
T6E30 000:097.514 JLINK_ReadMem(0xE000EDF0, 0x4 Bytes, ...)
T6E30 000:097.520   CPU_ReadMem(4 bytes @ 0xE000EDF0)
T6E30 000:097.785   Data:  01 00 10 01
T6E30 000:097.795   Debug reg: DHCSR
T6E30 000:097.803 - 0.289ms returns 0
T6E30 000:097.810 JLINK_ReadMem(0x400E0028, 0x4 Bytes, ...)
T6E30 000:097.817   CPU_ReadMem(4 bytes @ 0x400E0028)
T6E30 000:098.060   Data:  00 FC 1F 00
T6E30 000:098.068 - 0.258ms returns 0
T6E30 000:098.077 JLINK_ReadMem(0xE000EDF0, 0x4 Bytes, ...)
T6E30 000:098.083   CPU_ReadMem(4 bytes @ 0xE000EDF0)
T6E30 000:098.280   Data:  01 00 10 01
T6E30 000:098.289   Debug reg: DHCSR
T6E30 000:098.297 - 0.220ms returns 0
T6E30 000:098.304 JLINK_ReadMem(0x400E0024, 0x4 Bytes, ...)
T6E30 000:098.310   CPU_ReadMem(4 bytes @ 0x400E0024)
T6E30 000:098.538   Data:  00 E0 1F 00
T6E30 000:098.547 - 0.243ms returns 0
T6E30 000:098.555 JLINK_ReadMem(0xE000EDF0, 0x4 Bytes, ...)
T6E30 000:098.561   CPU_ReadMem(4 bytes @ 0xE000EDF0)
T6E30 000:098.783   Data:  01 00 10 01
T6E30 000:098.800   Debug reg: DHCSR
T6E30 000:098.808 - 0.252ms returns 0
T6E30 000:098.818 JLINK_ReadMem(0x400E002C, 0x4 Bytes, ...)
T6E30 000:098.828   CPU_ReadMem(4 bytes @ 0x400E002C)
T6E30 000:099.065   Data:  01 00 00 00
T6E30 000:099.074 - 0.256ms returns 0
T6E30 000:099.641 JLINK_Close()
T6E30 000:114.354 - 14.712ms
T6E30 000:114.386   
T6E30 000:114.391   Closed
