T5884 000:000.410   SEGGER J-Link V7.98b Log File
T5884 000:000.508   DLL Compiled: Jul 31 2024 16:10:46
T5884 000:000.514   Logging started @ 2025-02-08 12:22
T5884 000:000.520   Process: C:\Users\a8456\.eclipse\com.renesas.platform_1291987301\DebugComp\RA\e2-server-gdb.exe
T5884 000:000.526 - 0.525ms
T5884 000:000.538 JLINK_GetDLLVersion()
T5884 000:000.545 - 0.006ms returns 79802
T5884 000:001.859 JLINK_OpenEx(...)
T5884 000:005.287   Firmware: J-Link V9 compiled May  7 2021 16:26:12
T5884 000:005.749   Firmware: J-Link V9 compiled May  7 2021 16:26:12
T5884 000:005.863   Decompressing FW timestamp took 90 us
T5884 000:011.127   Hardware: V9.60
T5884 000:011.146   S/N: 69660718
T5884 000:011.154   OEM: SEGGER
T5884 000:011.162   Feature(s): RDI, GDB, FlashDL, FlashBP, JFlash
T5884 000:011.629   Bootloader: (Could not read)
T5884 000:012.427   TELNET listener socket opened on port 19021
T5884 000:012.560   WEBSRV WEBSRV_Init(): Starting webserver thread(s)
T5884 000:012.680   WEBSRV Webserver running on local port 19080
T5884 000:012.785   Looking for J-Link GUI Server exe at: C:\Users\a8456\.eclipse\com.renesas.platform_1291987301\DebugComp\RA\ARM\Segger_v7.98.2\JLinkGUIServer.exe
T5884 000:012.863   Looking for J-Link GUI Server exe at: C:\Program Files\SEGGER\JLink_V796h\JLinkGUIServer.exe
T5884 000:012.890   Forking J-Link GUI Server: C:\Program Files\SEGGER\JLink_V796h\JLinkGUIServer.exe
T5884 000:027.687   J-Link GUI Server info: "J-Link GUI server V7.96h "
T5884 000:031.757 - 29.890ms returns "O.K."
T5884 000:031.864 JLINK_ExecCommand("ProjectFile=C:\Users\a8456\e2_studio\workspace_5.5\RA4M2_Project9/RA4M2_Project9.elf.jlink", ...). 
T5884 000:044.614 - 12.750ms returns 0x00
T5884 000:044.846 JLINK_ExecCommand("device=R7FA4M2AD", ...). 
T5884 000:045.570   Flash bank @ 0x0100A100: SFL: Parsing sectorization info from ELF file
T5884 000:045.587     FlashDevice.SectorInfo[0]: .SectorSize = 0x00000010, .SectorStartAddr = 0x00000000
T5884 000:045.595   FlashBank @0x0100A100: Sectorization info from SFL ELF file ignored because sectorization override from DLL / XML file is active.
T5884 000:045.812   Flash bank @ 0x60000000: SFL: Parsing sectorization info from ELF file
T5884 000:045.849     FlashDevice.SectorInfo[0]: .SectorSize = 0x00010000, .SectorStartAddr = 0x00000000
T5884 000:050.020   Device "R7FA4M2AD" selected.
T5884 000:050.565 - 5.708ms returns 0x00
T5884 000:050.591 JLINK_TIF_GetAvailable(...)
T5884 000:050.739 - 0.148ms
T5884 000:050.758 JLINK_TIF_Select(JLINKARM_TIF_SWD)
T5884 000:051.271 - 0.512ms returns 0x00
T5884 000:051.286 JLINK_SetSpeed(4000)
T5884 000:051.348 - 0.062ms
T5884 000:051.375 JLINK_ReadMem(0xE000EDF0, 0x4 Bytes, ...)
T5884 000:051.502   ConfigTargetSettings() start
T5884 000:051.512    J-Link Script File: Executing ConfigTargetSettings()
T5884 000:051.523   Configuring FlashDLNoRMWThreshold=0x200 in order to make sure that option bytes programming is done via read-modify-write
T5884 000:055.974   ConfigTargetSettings() end - Took 4.46ms
T5884 000:055.990   InitTarget() start
T5884 000:055.999    J-Link Script File: Executing InitTarget()
T5884 000:056.005   SWD selected. Executing JTAG -> SWD switching sequence.
T5884 000:057.201   DAP initialized successfully.
T5884 000:057.212   Determining TrustZone configuration...
T5884 000:058.045     Secure Debug: Enabled (SSD)
T5884 000:058.060   Determining currently configured transfer type by reading the AHB-AP CSW register.
T5884 000:058.477     --> Correct transfer type configured. Done.
T5884 000:058.493   InitTarget() end - Took 2.49ms
T5884 000:058.939   Found SW-DP with ID 0x6BA02477
T5884 000:060.645   DPIDR: 0x6BA02477
T5884 000:060.655   CoreSight SoC-400 or earlier
T5884 000:060.663   Scanning AP map to find all available APs
T5884 000:061.361   AP[2]: Stopped AP scan as end of AP map has been reached
T5884 000:061.373   AP[0]: AHB-AP (IDR: 0x84770001)
T5884 000:061.381   AP[1]: APB-AP (IDR: 0x54770002)
T5884 000:061.389   Iterating through AP map to find AHB-AP to use
T5884 000:062.224   AP[0]: Core found
T5884 000:062.269   AP[0]: AHB-AP ROM base: 0xE00FE000
T5884 000:062.642   CPUID register: 0x410FD214. Implementer code: 0x41 (ARM)
T5884 000:062.659   Feature set: Mainline
T5884 000:063.039   Cache: No cache
T5884 000:063.053   Found Cortex-M33 r0p4, Little endian.
T5884 000:063.325   -- Max. mem block: 0x00010A88
T5884 000:063.740   
  ***** Warning: 
T5884 000:063.752   Cortex-M (ARMv8-M and later): The connected J-Link (S/N 69660718) uses an old firmware module that does not handle I/D-cache correctly. Proper debugging functionality cannot be guaranteed if cache is enabled
T5884 000:063.768   CPU_ReadMem(4 bytes @ 0xE000EDF0)
T5884 000:064.000   CPU_ReadMem(4 bytes @ 0xE0002000)
T5884 000:064.201   FPUnit: 8 code (BP) slots and 0 literal slots
T5884 000:064.210   CPU_ReadMem(4 bytes @ 0xE000EDFC)
T5884 000:064.462   CPU_ReadMem(4 bytes @ 0xE0001000)
T5884 000:064.672   CPU_ReadMem(4 bytes @ 0xE0001000)
T5884 000:064.897   CPU_ReadMem(4 bytes @ 0xE0001028)
T5884 000:065.107   CPU_ReadMem(4 bytes @ 0xE0001038)
T5884 000:065.379   CPU_ReadMem(4 bytes @ 0xE0001048)
T5884 000:065.583   CPU_ReadMem(4 bytes @ 0xE0001058)
T5884 000:065.792   CPU_WriteMem(4 bytes @ 0xE0001000)
T5884 000:066.046   CPU_ReadMem(4 bytes @ 0xE000ED88)
T5884 000:066.288   CPU_WriteMem(4 bytes @ 0xE000ED88)
T5884 000:066.538   CPU_ReadMem(4 bytes @ 0xE000ED88)
T5884 000:066.748   CPU_WriteMem(4 bytes @ 0xE000ED88)
T5884 000:067.003   CPU_ReadMem(4 bytes @ 0xE000EFB8)
T5884 000:067.202   Security extension: implemented
T5884 000:067.211   Secure debug: enabled
T5884 000:067.219   CoreSight components:
T5884 000:067.227   ROMTbl[0] @ E00FE000
T5884 000:067.235   CPU_ReadMem(64 bytes @ 0xE00FE000)
T5884 000:067.754   CPU_ReadMem(32 bytes @ 0xE0044FE0)
T5884 000:068.123   CPU_ReadMem(4 bytes @ 0xE0044FBC)
T5884 000:068.396   CPU_ReadMem(4 bytes @ 0xE0044FCC)
T5884 000:068.612   [0][0]: E0044000 CID B105900D PID 005BB906 DEVARCH 00000000 DEVTYPE 14 CTI (?)
T5884 000:068.621   CPU_ReadMem(32 bytes @ 0xE0047FE0)
T5884 000:068.987   CPU_ReadMem(4 bytes @ 0xE0047FBC)
T5884 000:069.203   CPU_ReadMem(4 bytes @ 0xE0047FCC)
T5884 000:069.428   [0][1]: E0047000 CID B105900D PID 003BB908 DEVARCH 00000000 DEVTYPE 12 CSTF
T5884 000:069.438   CPU_ReadMem(32 bytes @ 0xE0048FE0)
T5884 000:069.797   CPU_ReadMem(4 bytes @ 0xE0048FBC)
T5884 000:070.041   CPU_ReadMem(4 bytes @ 0xE0048FCC)
T5884 000:070.249   [0][2]: E0048000 CID B105900D PID 001BB961 DEVARCH 00000000 DEVTYPE 21 ETB
T5884 000:070.260   CPU_ReadMem(32 bytes @ 0xE0049FE0)
T5884 000:070.609   [0][3]: E0049000 CID B105F00D PID 001BB101 TSG
T5884 000:070.617   CPU_ReadMem(32 bytes @ 0xE0040FE0)
T5884 000:070.966   CPU_ReadMem(4 bytes @ 0xE0040FBC)
T5884 000:071.201   CPU_ReadMem(4 bytes @ 0xE0040FCC)
T5884 000:071.441   [0][4]: E0040000 CID B105900D PID 000BBD21 DEVARCH 00000000 DEVTYPE 11 TPIU
T5884 000:071.452   CPU_ReadMem(32 bytes @ 0xE00FFFE0)
T5884 000:071.811   [0][5]: E00FF000 CID B105100D PID 000BB4C9 ROM Table
T5884 000:071.820   ROMTbl[1] @ E00FF000
T5884 000:071.828   CPU_ReadMem(64 bytes @ 0xE00FF000)
T5884 000:072.343   CPU_ReadMem(32 bytes @ 0xE000EFE0)
T5884 000:072.766   CPU_ReadMem(4 bytes @ 0xE000EFBC)
T5884 000:073.022   CPU_ReadMem(4 bytes @ 0xE000EFCC)
T5884 000:073.260   [1][0]: E000E000 CID B105900D PID 000BBD21 DEVARCH 47702A04 DEVTYPE 00 Cortex-M33
T5884 000:073.269   CPU_ReadMem(32 bytes @ 0xE0001FE0)
T5884 000:073.626   CPU_ReadMem(4 bytes @ 0xE0001FBC)
T5884 000:073.827   CPU_ReadMem(4 bytes @ 0xE0001FCC)
T5884 000:074.042   [1][1]: E0001000 CID B105900D PID 000BBD21 DEVARCH 47701A02 DEVTYPE 00 DWT
T5884 000:074.051   CPU_ReadMem(32 bytes @ 0xE0002FE0)
T5884 000:074.416   CPU_ReadMem(4 bytes @ 0xE0002FBC)
T5884 000:074.622   CPU_ReadMem(4 bytes @ 0xE0002FCC)
T5884 000:074.827   [1][2]: E0002000 CID B105900D PID 000BBD21 DEVARCH 47701A03 DEVTYPE 00 FPB
T5884 000:074.840   CPU_ReadMem(32 bytes @ 0xE0000FE0)
T5884 000:075.228   CPU_ReadMem(4 bytes @ 0xE0000FBC)
T5884 000:075.443   CPU_ReadMem(4 bytes @ 0xE0000FCC)
T5884 000:075.665   [1][3]: E0000000 CID B105900D PID 000BBD21 DEVARCH 47701A01 DEVTYPE 43 ITM
T5884 000:075.674   CPU_ReadMem(32 bytes @ 0xE0041FE0)
T5884 000:076.030   CPU_ReadMem(4 bytes @ 0xE0041FBC)
T5884 000:076.245   CPU_ReadMem(4 bytes @ 0xE0041FCC)
T5884 000:076.463   [1][5]: E0041000 CID B105900D PID 002BBD21 DEVARCH 47724A13 DEVTYPE 13 ETM
T5884 000:076.472   CPU_ReadMem(32 bytes @ 0xE0042FE0)
T5884 000:076.810   CPU_ReadMem(4 bytes @ 0xE0042FBC)
T5884 000:077.062   CPU_ReadMem(4 bytes @ 0xE0042FCC)
T5884 000:077.298   [1][6]: E0042000 CID B105900D PID 000BBD21 DEVARCH 47701A14 DEVTYPE 14 CSS600-CTI
T5884 000:077.335   CPU_ReadMem(4 bytes @ 0xE000EDF0)
T5884 000:077.540   Data:  03 00 13 00
T5884 000:077.549   Debug reg: DHCSR
T5884 000:077.558 - 26.182ms returns 0
T5884 000:077.597 JLINK_ReadMem(0x400E002C, 0x4 Bytes, ...)
T5884 000:077.604   CPU_ReadMem(4 bytes @ 0x400E002C)
T5884 000:077.840   Data:  02 00 00 00
T5884 000:077.850 - 0.253ms returns 0
T5884 000:077.874 JLINK_ReadMem(0xE000EDF0, 0x4 Bytes, ...)
T5884 000:077.881   CPU_ReadMem(4 bytes @ 0xE000EDF0)
T5884 000:078.103   Data:  03 00 13 00
T5884 000:078.112   Debug reg: DHCSR
T5884 000:078.120 - 0.246ms returns 0
T5884 000:078.142 JLINK_ReadMem(0xE000EDF0, 0x4 Bytes, ...)
T5884 000:078.148   CPU_ReadMem(4 bytes @ 0xE000EDF0)
T5884 000:078.377   Data:  03 00 13 00
T5884 000:078.391   Debug reg: DHCSR
T5884 000:078.400 - 0.258ms returns 0
T5884 000:078.409 JLINK_ReadMem(0x400E001C, 0x4 Bytes, ...)
T5884 000:078.418   CPU_ReadMem(4 bytes @ 0x400E001C)
T5884 000:078.678   Data:  00 FC FF 00
T5884 000:078.694 - 0.284ms returns 0
T5884 000:078.719 JLINK_ReadMem(0xE000EDF0, 0x4 Bytes, ...)
T5884 000:078.731   CPU_ReadMem(4 bytes @ 0xE000EDF0)
T5884 000:078.993   Data:  03 00 13 00
T5884 000:079.022   Debug reg: DHCSR
T5884 000:079.038 - 0.329ms returns 0
T5884 000:079.054 JLINK_ReadMem(0x400E0018, 0x4 Bytes, ...)
T5884 000:079.069   CPU_ReadMem(4 bytes @ 0x400E0018)
T5884 000:079.401   Data:  00 80 FF 00
T5884 000:079.417 - 0.363ms returns 0
T5884 000:079.434 JLINK_ReadMem(0xE000EDF0, 0x4 Bytes, ...)
T5884 000:079.451   CPU_ReadMem(4 bytes @ 0xE000EDF0)
T5884 000:079.666   Data:  03 00 13 00
T5884 000:079.680   Debug reg: DHCSR
T5884 000:079.689 - 0.254ms returns 0
T5884 000:079.698 JLINK_ReadMem(0x400E0020, 0x4 Bytes, ...)
T5884 000:079.708   CPU_ReadMem(4 bytes @ 0x400E0020)
T5884 000:079.964   Data:  00 FC 00 00
T5884 000:079.974 - 0.276ms returns 0
T5884 000:079.985 JLINK_ReadMem(0xE000EDF0, 0x4 Bytes, ...)
T5884 000:079.992   CPU_ReadMem(4 bytes @ 0xE000EDF0)
T5884 000:080.202   Data:  03 00 13 00
T5884 000:080.211   Debug reg: DHCSR
T5884 000:080.219 - 0.234ms returns 0
T5884 000:080.226 JLINK_ReadMem(0x400E0028, 0x4 Bytes, ...)
T5884 000:080.232   CPU_ReadMem(4 bytes @ 0x400E0028)
T5884 000:080.450   Data:  00 FC 1F 00
T5884 000:080.461 - 0.234ms returns 0
T5884 000:080.471 JLINK_ReadMem(0xE000EDF0, 0x4 Bytes, ...)
T5884 000:080.478   CPU_ReadMem(4 bytes @ 0xE000EDF0)
T5884 000:080.700   Data:  03 00 13 00
T5884 000:080.737   Debug reg: DHCSR
T5884 000:080.747 - 0.275ms returns 0
T5884 000:080.756 JLINK_ReadMem(0x400E0024, 0x4 Bytes, ...)
T5884 000:080.765   CPU_ReadMem(4 bytes @ 0x400E0024)
T5884 000:081.009   Data:  00 E0 1F 00
T5884 000:081.021 - 0.266ms returns 0
T5884 000:081.032 JLINK_ReadMem(0xE000EDF0, 0x4 Bytes, ...)
T5884 000:081.039   CPU_ReadMem(4 bytes @ 0xE000EDF0)
T5884 000:081.248   Data:  03 00 13 00
T5884 000:081.258   Debug reg: DHCSR
T5884 000:081.267 - 0.235ms returns 0
T5884 000:081.275 JLINK_ReadMem(0x400E002C, 0x4 Bytes, ...)
T5884 000:081.282   CPU_ReadMem(4 bytes @ 0x400E002C)
T5884 000:081.505   Data:  02 00 00 00
T5884 000:081.513 - 0.238ms returns 0
T5884 000:081.522 JLINK_ReadMem(0xE000EDF0, 0x4 Bytes, ...)
T5884 000:081.528   CPU_ReadMem(4 bytes @ 0xE000EDF0)
T5884 000:081.769   Data:  03 00 13 00
T5884 000:081.778   Debug reg: DHCSR
T5884 000:081.786 - 0.264ms returns 0
T5884 000:081.793 JLINK_ReadMem(0x400E002C, 0x4 Bytes, ...)
T5884 000:081.802   CPU_ReadMem(4 bytes @ 0x400E002C)
T5884 000:082.045   Data:  02 00 00 00
T5884 000:082.054 - 0.260ms returns 0
T5884 000:085.809 JLINK_Close()
T5884 000:102.270 - 16.459ms
T5884 000:102.292   
T5884 000:102.298   Closed
